
 Primary working directories    : /user/gworth/scratch/molpro-mrecio/gwp1_v2_1
 Secondary working directories  : /user/gworth/scratch/molpro-mrecio/gwp1_v2_1
 Wavefunction directory         : /user/gworth/scratch/molpro-mrecio/gwp1_v2_1/
 Main file repository           : /user/gworth/scratch/molpro-mrecio/gwp1_v2_1/

 SHA1      : 0b0b022c660e73fb8d4a354a6920c32f9035fdc5
 NAME      : 2015.1.3
 ARCHNAME  : linux/x86_64
 FC        : /opt/intel/composer_xe_2015.1.133/bin/intel64/ifort
 BLASLIB   : -Wl,-_start-group /opt/intel/mkl/lib/intel64/libmkl_intel_ilp64.a /opt/intel/mkl/lib/intel64/libmkl_intel_thread.a /opt/intel/mkl/lib/intel64/libmkl_core.a -Wl,-_end-group
 id        : gwbham

 Nodes                                  nprocs
 cpn-p27-15.compute.cbls.ccr.buffalo.edu    1

 Using customized tuning parameters: mindgm=1; mindgv=20; mindgc=4; mindgr=1; noblas=0; minvec=7
 default implementation of scratch files=df  

 ***,
 nosym
 geomtyp=xyz
 geometry={
 8
 butatriene geometry
 c                  0.000000      -0.000000       1.959365
 c                  0.000000       0.000000       0.653467
 c                  0.000000      -0.000000      -0.653467
 c                  0.000000       0.000000      -1.959365
 h                  0.315841       0.916296      -2.519535
 h                 -0.315841      -0.916296      -2.519535
 h                 -0.315841       0.916296       2.519535
 h                  0.315841      -0.916296       2.519535
 }
 basis=6-31G*
 
 {matrop;read,oldorbitals,file=gwp1_v2.orb;save,oldorbitals,2140.2,orbitals}
 
                                                                                 ! State 1
 {multi,gradient=1.0d-6,energy=1.0d-8;occ,17;
 start,2140.2;
 closed,11;
 CPMCSCF,grad,1.1,accu=1.0d-8,record=5101.1;
 wf,27,1,1;
 state,2;
 weight,0.5,0.5
 orbital,2141.2;
 orbprint,100;
 }
 {Force;SAMC,5101.1}
 
                                                                                 ! State 2
 {multi,gradient=1.0d-6,energy=1.0d-8;occ,17;start,2141.2;closed,11;CPMCSCF,grad,2.1,accu=1.0d-8,record=5102.1;wf,27,1,1;state,2;weight,0.5,0.5;}
 {Force;SAMC,5102.1}
 
                                                                                 ! 2-1
 {multi,gradient=1.0d-6,energy=1.0d-8;occ,17;closed,11;start,2141.2;cpmcscf,nacm,2.1,1.1,accu=1.0d-10,record=5103.1;wf,27,1,1;state,2;weight,0.5,0.5;}
 {Force;SAMC,5103.1}
 
 
 

 Variables initialized (889), CPU time= 0.01 sec
 Commands  initialized (702), CPU time= 0.01 sec, 572 directives.
 Default parameters read. Elapsed time= 0.50 sec

 Checking input...
 Passed
1


                                         ***  PROGRAM SYSTEM MOLPRO  ***
                                       Copyright, TTI GmbH Stuttgart, 2015
                                    Version 2015.1 linked Feb  5 2016 14:18:43


 **********************************************************************************************************************************
 LABEL *                                                                                 
  64 bit serial version                                                                  DATE: 15-Jun-23          TIME: 15:11:53  
 **********************************************************************************************************************************

 SHA1:             0b0b022c660e73fb8d4a354a6920c32f9035fdc5
 **********************************************************************************************************************************

 Variable memory set to    8000000 words,  buffer space   230000 words

 SETTING GEOMTYP        =    XYZ
 ZSYMEL=NOSYM
 
 SETTING BASIS          =    6-31G*


 Recomputing integrals since basis changed


 Using spherical harmonics

 Library entry C      S 6-31G                selected for orbital group  1
 Library entry C      P 6-31G                selected for orbital group  1
 Library entry C      D 6-31G*               selected for orbital group  1
 Library entry H      S 6-31G                selected for orbital group  2

1PROGRAM * SEWARD (Integral evaluation for generally contracted gaussian basis sets)     Author: Roland Lindh, 1990

 Geometry written to block  1 of record 700


 Point group  C1  



 ATOMIC COORDINATES

 NR  ATOM    CHARGE       X              Y              Z

   1  C       6.00    0.000000000    0.000000000    3.702663228
   2  C       6.00    0.000000000    0.000000000    1.234873661
   3  C       6.00    0.000000000    0.000000000   -1.234873661
   4  C       6.00    0.000000000    0.000000000   -3.702663228
   5  H       1.00    0.596852989    1.731548489   -4.761231111
   6  H       1.00   -0.596852989   -1.731548489   -4.761231111
   7  H       1.00   -0.596852989    1.731548489    4.761231111
   8  H       1.00    0.596852989   -1.731548489    4.761231111

 Bond lengths in Bohr (Angstrom)

 1-2  2.467789567  1-7  2.115433673  1-8  2.115433673  2-3  2.469747323  3-4  2.467789567
     ( 1.305898000)     ( 1.119439291)     ( 1.119439291)     ( 1.306934000)     ( 1.305898000)

 4-5  2.115433673  4-6  2.115433673
     ( 1.119439291)     ( 1.119439291)

 Bond angles

  1-2-3  179.99999852   2-1-7  120.02661977   2-1-8  120.02661977   2-3-4  179.99999852

  3-4-5  120.02661977   3-4-6  120.02661977   5-4-6  119.94676046   7-1-8  119.94676046

 NUCLEAR CHARGE:                   28
 NUMBER OF PRIMITIVE AOS:         128
 NUMBER OF SYMMETRY AOS:          124
 NUMBER OF CONTRACTIONS:           64   (  64A   )
 NUMBER OF CORE ORBITALS:           4   (   4A   )
 NUMBER OF VALENCE ORBITALS:       20   (  20A   )


 NUCLEAR REPULSION ENERGY   88.13205332


 Eigenvalues of metric

         1 0.290E-03 0.236E-02 0.708E-02 0.223E-01 0.382E-01 0.472E-01 0.501E-01 0.956E-01


 OPERATOR DM      FOR CENTER  0  COORDINATES:    0.000000    0.000000    0.000000


 **********************************************************************************************************************************
 DATASETS  * FILE   NREC   LENGTH (MB)   RECORD NAMES
              1      18       19.35       500      610      700      900      950      970     1000      129      960     1100   
                                          VAR    BASINP    GEOM    SYMINP    ZMAT    AOBASIS   BASIS     P2S    ABASIS      S 
                                         1400     1410     1200     1210     1080     1600     1650     1700   
                                           T        V       H0       H01     AOSYM     SMH    MOLCAS    OPER   

 PROGRAMS   *        TOTAL       INT
 CPU TIMES  *         0.14      0.02
 REAL TIME  *         1.01 SEC
 DISK USED  *        19.75 MB      
 **********************************************************************************************************************************


 PROGRAM * MATROP


 READING MATRIX OLDORBITALS (OLDORBITALS) FROM FILE gwp1_v2.orb. SYMMETRY=1

  Orbitals OLDORBITALS saved in record 2140.2 (set 1)


 **********************************************************************************************************************************
 DATASETS  * FILE   NREC   LENGTH (MB)   RECORD NAMES
              1      18       19.35       500      610      700      900      950      970     1000      129      960     1100   
                                          VAR    BASINP    GEOM    SYMINP    ZMAT    AOBASIS   BASIS     P2S    ABASIS      S 
                                         1400     1410     1200     1210     1080     1600     1650     1700   
                                           T        V       H0       H01     AOSYM     SMH    MOLCAS    OPER   

              2       4        2.90       700     1000      520     2140   
                                         GEOM     BASIS   MCVARS   MATROP    

 PROGRAMS   *        TOTAL    MATROP       INT
 CPU TIMES  *         0.20      0.06      0.02
 REAL TIME  *         1.20 SEC
 DISK USED  *        22.30 MB      
 **********************************************************************************************************************************


 Using spherical harmonics

 Library entry C      S 6-31G                selected for orbital group  1
 Library entry C      P 6-31G                selected for orbital group  1
 Library entry C      D 6-31G*               selected for orbital group  1
 Library entry H      S 6-31G                selected for orbital group  2

1PROGRAM * SEWARD (Integral evaluation for generally contracted gaussian basis sets)     Author: Roland Lindh, 1990

 Geometry written to block  1 of record 700


 Point group  C1  



 ATOMIC COORDINATES

 NR  ATOM    CHARGE       X              Y              Z

   1  C       6.00    0.000000000    0.000000000    3.702663228
   2  C       6.00    0.000000000    0.000000000    1.234873661
   3  C       6.00    0.000000000    0.000000000   -1.234873661
   4  C       6.00    0.000000000    0.000000000   -3.702663228
   5  H       1.00    0.596852989    1.731548489   -4.761231111
   6  H       1.00   -0.596852989   -1.731548489   -4.761231111
   7  H       1.00   -0.596852989    1.731548489    4.761231111
   8  H       1.00    0.596852989   -1.731548489    4.761231111

 Bond lengths in Bohr (Angstrom)

 1-2  2.467789567  1-7  2.115433673  1-8  2.115433673  2-3  2.469747323  3-4  2.467789567
     ( 1.305898000)     ( 1.119439291)     ( 1.119439291)     ( 1.306934000)     ( 1.305898000)

 4-5  2.115433673  4-6  2.115433673
     ( 1.119439291)     ( 1.119439291)

 Bond angles

  1-2-3  179.99999852   2-1-7  120.02661977   2-1-8  120.02661977   2-3-4  179.99999852

  3-4-5  120.02661977   3-4-6  120.02661977   5-4-6  119.94676046   7-1-8  119.94676046

 NUCLEAR CHARGE:                   28
 NUMBER OF PRIMITIVE AOS:         128
 NUMBER OF SYMMETRY AOS:          124
 NUMBER OF CONTRACTIONS:           64   (  64A   )
 NUMBER OF CORE ORBITALS:           4   (   4A   )
 NUMBER OF VALENCE ORBITALS:       20   (  20A   )


 NUCLEAR REPULSION ENERGY   88.13205332


 Eigenvalues of metric

         1 0.290E-03 0.236E-02 0.708E-02 0.223E-01 0.382E-01 0.472E-01 0.501E-01 0.956E-01


 Contracted 2-electron integrals neglected if value below      1.0D-11
 AO integral compression algorithm  1   Integral accuracy      1.0D-11

     5.505 MB (compressed) written to integral file ( 25.6%)


 NUMBER OF SORTED TWO-ELECTRON INTEGRALS:    2164240.     BUFFER LENGTH:  32768
 NUMBER OF SEGMENTS:   1  SEGMENT LENGTH:    2164240      RECORD LENGTH: 524288

 Memory used in sort:       2.72 MW

 SORT1 READ     2586857. AND WROTE     1037781. INTEGRALS IN      3 RECORDS. CPU TIME:     0.03 SEC, REAL TIME:     0.04 SEC
 SORT2 READ     1037781. AND WROTE     2164240. INTEGRALS IN     21 RECORDS. CPU TIME:     0.09 SEC, REAL TIME:     0.10 SEC

 FILE SIZES:   FILE 1:    24.9 MBYTE,  FILE 4:    12.6 MBYTE,   TOTAL:     37.5 MBYTE

 OPERATOR DM      FOR CENTER  0  COORDINATES:    0.000000    0.000000    0.000000


 **********************************************************************************************************************************
 DATASETS  * FILE   NREC   LENGTH (MB)   RECORD NAMES
              1      19       23.68       500      610      700      900      950      970     1000      129      960     1100   
                                          VAR    BASINP    GEOM    SYMINP    ZMAT    AOBASIS   BASIS     P2S    ABASIS      S 
                                         1400     1410     1200     1210     1080     1600     1650     1300     1700   
                                           T        V       H0       H01     AOSYM     SMH    MOLCAS    ERIS     OPER   

              2       4        2.90       700     1000      520     2140   
                                         GEOM     BASIS   MCVARS   MATROP    

 PROGRAMS   *        TOTAL       INT    MATROP       INT
 CPU TIMES  *         0.76      0.56      0.06      0.02
 REAL TIME  *         2.95 SEC
 DISK USED  *        40.42 MB      
 **********************************************************************************************************************************

1PROGRAM * MULTI (Direct Multiconfiguration SCF)       Authors: P.J. Knowles, H.-J. Werner (1984)     S.T. Elbert (1988)


 Number of closed-shell orbitals:  11 (  11 )
 Number of active  orbitals:        6 (   6 )
 Number of external orbitals:      47 (  47 )

 State symmetry 1

 Number of electrons:     5    Spin symmetry=Doublet   Space symmetry=1
 Number of states:        2
 Number of CSFs:        210   (300 determinants, 300 intermediate states)

 Molecular orbitals read from record     2140.2  Type=MATROP/MATROP  

 Wavefunction dump at record             2141.2

 Convergence thresholds  0.10E-05 (gradient)  0.10E-07 (energy)  0.10E-02 (step length)

 Weight factors for state symmetry  1:    0.50000   0.50000

 Number of orbital rotations:      865   (    66 Core/Active    517 Core/Virtual   0 Active/Active    282 Active/Virtual)
 Total number of variables:       1465


 ITER. MIC  NCI  NEG     ENERGY(VAR)     ENERGY(PROJ)   ENERGY CHANGE     GRAD(0)  GRAD(ORB)   GRAD(CI)     STEP       TIME

   1   40    7    0    -153.41474499    -153.43732585   -0.02258087    0.22116753 0.00016487 0.00000000  0.16D+00      0.43
   2   24   13    0    -153.43744392    -153.43744997   -0.00000605    0.00379756 0.00000088 0.00000000  0.21D-02      0.94
   3   24   13    0    -153.43744997    -153.43744997   -0.00000000    0.00000326 0.00000000 0.00000000  0.20D-05      1.43
   4   24   10    0    -153.43744997    -153.43744997    0.00000000    0.00000000 0.00000000 0.00000000  0.12D-08      1.79

 ** WVFN ****  CONVERGENCE REACHED, FINAL GRADIENT:  0.29D-10

 Solving MCSCF z-vector equations for state  1.1, requested accuracy=      0.10D-07
 Convergence reached in  27 iterations ( 27 expansion vectors), accuracy=  0.35D-08

 SA-Gradient information saved on record      5101.1



 Results for state 1.1
 =====================

 !MCSCF STATE 1.1 Energy             -153.468726179265
 Nuclear energy                        88.13205332
 Kinetic energy                       153.30318565
 One electron energy                 -373.19811619
 Two electron energy                  131.59733670
 Virial ratio                           2.00107982

 !MCSCF STATE 1.1 Dipole moment        -0.00000000    -0.00000000    -0.00000000
 Dipole moment /Debye                  -0.00000000    -0.00000000    -0.00000000

 Results for state 2.1
 =====================

 !MCSCF STATE 2.1 Energy             -153.406173759721
 Nuclear energy                        88.13205332
 Kinetic energy                       153.40682355
 One electron energy                 -373.04709168
 Two electron energy                  131.50886460
 Virial ratio                           1.99999576

 !MCSCF STATE 2.1 Dipole moment        -0.00000000    -0.00000000     0.00000000
 Dipole moment /Debye                  -0.00000000    -0.00000000     0.00000000

 State-averaged charge density matrix saved on record  2141.2 (density set 1)


 NATURAL ORBITALS (state averaged)
 =================================

   Orb     Occ        Energy       Coefficients

                                   1 1s      1 1s      1 1s      1 2px     1 2py     1 2pz     1 2px     1 2py     1 2pz     1 3d0  
                                   1 3d2-    1 3d1+    1 3d2+    1 3d1-    2 1s      2 1s      2 1s      2 2px     2 2py     2 2pz  
                                   2 2px     2 2py     2 2pz     2 3d0     2 3d2-    2 3d1+    2 3d2+    2 3d1-    3 1s      3 1s   
                                   3 1s      3 2px     3 2py     3 2pz     3 2px     3 2py     3 2pz     3 3d0     3 3d2-    3 3d1+ 
                                   3 3d2+    3 3d1-    4 1s      4 1s      4 1s      4 2px     4 2py     4 2pz     4 2px     4 2py  
                                   4 2pz     4 3d0     4 3d2-    4 3d1+    4 3d2+    4 3d1-    5 1s      5 1s      6 1s      6 1s   
                                   7 1s      7 1s      8 1s      8 1s   

   1.1  2.00000   -11.537213     0.017098 -0.000488  0.001407 -0.000000 -0.000000  0.000825  0.000000 -0.000000 -0.000937 -0.000373
                                 0.000007 -0.000000  0.000027 -0.000000  0.703844  0.015852 -0.004803 -0.000000  0.000000  0.000617
                                -0.000000  0.000000 -0.000636  0.001025  0.000012 -0.000000  0.000031  0.000000  0.703844  0.015852
                                -0.004803  0.000000  0.000000 -0.000617 -0.000000 -0.000000  0.000636  0.001025 -0.000012  0.000000
                                 0.000031  0.000000  0.017098 -0.000488  0.001407  0.000000  0.000000 -0.000825  0.000000  0.000000
                                 0.000937 -0.000373 -0.000007 -0.000000  0.000027 -0.000000 -0.000073  0.000288 -0.000073  0.000288
                                -0.000073  0.000288 -0.000073  0.000288

   2.1  2.00000   -11.535389     0.018360 -0.000873  0.001755  0.000000 -0.000000  0.001067  0.000000 -0.000000 -0.001219 -0.000622
                                -0.000011  0.000000  0.000001 -0.000000  0.704243  0.018617 -0.011732 -0.000000 -0.000000 -0.001279
                                -0.000000 -0.000000  0.002268  0.002476  0.000012  0.000000  0.000064 -0.000000 -0.704243 -0.018617
                                 0.011732 -0.000000 -0.000000 -0.001279  0.000000  0.000000  0.002268 -0.002476  0.000012  0.000000
                                -0.000064  0.000000 -0.018360  0.000873 -0.001755 -0.000000 -0.000000  0.001067 -0.000000 -0.000000
                                -0.001219  0.000622 -0.000011  0.000000 -0.000001 -0.000000  0.000141 -0.000274  0.000141 -0.000274
                                -0.000141  0.000274 -0.000141  0.000274

   3.1  2.00000   -11.500758     0.704123  0.017353 -0.003027 -0.000000  0.000000 -0.001103  0.000000 -0.000000 -0.001509  0.000552
                                -0.000141 -0.000000 -0.000207 -0.000000 -0.018861 -0.001695  0.012916 -0.000000  0.000000 -0.000410
                                -0.000000  0.000000 -0.011295 -0.000349  0.000036 -0.000000  0.000065  0.000000  0.018861  0.001695
                                -0.012916  0.000000  0.000000 -0.000410 -0.000000 -0.000000 -0.011295  0.000349  0.000036  0.000000
                                -0.000065 -0.000000 -0.704122 -0.017353  0.003027  0.000000  0.000000 -0.001103 -0.000000  0.000000
                                -0.001509 -0.000552 -0.000141  0.000000  0.000207 -0.000000  0.000223 -0.001721  0.000223 -0.001721
                                -0.000223  0.001721 -0.000223  0.001721

   4.1  2.00000   -11.500756     0.704153  0.017271 -0.009749 -0.000000  0.000000 -0.000895 -0.000000  0.000000  0.000936  0.000563
                                -0.000127 -0.000000 -0.000190  0.000000 -0.017494 -0.001135  0.003522 -0.000000  0.000000 -0.000586
                                 0.000000 -0.000000  0.001516 -0.000366  0.000037 -0.000000  0.000060  0.000000 -0.017494 -0.001135
                                 0.003522  0.000000 -0.000000  0.000586  0.000000  0.000000 -0.001516 -0.000366 -0.000037  0.000000
                                 0.000060  0.000000  0.704154  0.017271 -0.009749 -0.000000 -0.000000  0.000895 -0.000000 -0.000000
                                -0.000936  0.000563  0.000127  0.000000 -0.000190  0.000000 -0.000147  0.001664 -0.000147  0.001664
                                -0.000147  0.001664 -0.000147  0.001664

   5.1  2.00000    -1.343414    -0.086580  0.170266  0.127237  0.000000 -0.000000 -0.085717  0.000000 -0.000000 -0.010256  0.009750
                                -0.003559  0.000000 -0.004213 -0.000000 -0.147961  0.298699  0.161189  0.000000 -0.000000 -0.026735
                                 0.000000  0.000000 -0.012069  0.023353  0.000136  0.000000  0.000189 -0.000000 -0.147961  0.298699
                                 0.161189  0.000000 -0.000000  0.026735  0.000000 -0.000000  0.012069  0.023353 -0.000136  0.000000
                                 0.000189  0.000000 -0.086580  0.170266  0.127237 -0.000000 -0.000000  0.085717 -0.000000 -0.000000
                                 0.010256  0.009750  0.003559  0.000000 -0.004213  0.000000  0.035997 -0.000151  0.035997 -0.000151
                                 0.035997 -0.000151  0.035997 -0.000151

   6.1  2.00000    -1.264322    -0.128634  0.251089  0.252480  0.000000 -0.000000 -0.095747  0.000000 -0.000000 -0.031231  0.011544
                                -0.006223  0.000000 -0.007900 -0.000000 -0.090064  0.179610  0.174567  0.000000 -0.000000  0.165744
                                -0.000000  0.000000 -0.079809  0.015502  0.000250  0.000000  0.001121 -0.000000  0.090064 -0.179610
                                -0.174567  0.000000  0.000000  0.165744  0.000000 -0.000000 -0.079809 -0.015502  0.000250 -0.000000
                                -0.001121 -0.000000  0.128634 -0.251089 -0.252480  0.000000  0.000000 -0.095747  0.000000  0.000000
                                -0.031231 -0.011544 -0.006223 -0.000000  0.007900 -0.000000 -0.062470 -0.006437 -0.062470 -0.006437
                                 0.062470  0.006437  0.062470  0.006437

   7.1  2.00000    -1.133887    -0.107682  0.209619  0.245672  0.000000 -0.000000 -0.010767  0.000000 -0.000000 -0.020079  0.005777
                                -0.007147  0.000000 -0.009702 -0.000000  0.069069 -0.135896 -0.161164  0.000000 -0.000000  0.314683
                                 0.000000 -0.000000  0.010509 -0.009887  0.000115  0.000000  0.001327 -0.000000  0.069069 -0.135896
                                -0.161164 -0.000000 -0.000000 -0.314683 -0.000000 -0.000000 -0.010509 -0.009887 -0.000115  0.000000
                                 0.001327  0.000000 -0.107682  0.209619  0.245672 -0.000000 -0.000000  0.010767 -0.000000 -0.000000
                                 0.020079  0.005777  0.007147  0.000000 -0.009702  0.000000  0.073313  0.018583  0.073313  0.018583
                                 0.073313  0.018583  0.073313  0.018583

   8.1  2.00000    -0.912110    -0.054645  0.111780  0.143289  0.000000 -0.000000  0.294475  0.000000 -0.000000  0.107808 -0.015234
                                -0.011120  0.000000 -0.015223 -0.000000  0.074767 -0.154307 -0.213598  0.000000 -0.000000 -0.131542
                                 0.000000 -0.000000  0.043003 -0.007437 -0.000416  0.000000 -0.000877 -0.000000 -0.074767  0.154307
                                 0.213598  0.000000  0.000000 -0.131542 -0.000000 -0.000000  0.043003  0.007437 -0.000416 -0.000000
                                 0.000877 -0.000000  0.054645 -0.111780 -0.143289  0.000000  0.000000  0.294475  0.000000  0.000000
                                 0.107808  0.015234 -0.011120 -0.000000  0.015223 -0.000000 -0.130112 -0.062559 -0.130112 -0.062559
                                 0.130112  0.062559  0.130112  0.062559

   9.1  2.00000    -0.879415    -0.031817  0.067679  0.108255  0.000000 -0.000000  0.312494  0.000000 -0.000000  0.116755 -0.017657
                                -0.009941  0.000000 -0.013550 -0.000000  0.023754 -0.054865 -0.025939  0.000000 -0.000000 -0.277544
                                -0.000000 -0.000000 -0.047382 -0.000075 -0.000496  0.000000 -0.001062 -0.000000  0.023754 -0.054865
                                -0.025939 -0.000000 -0.000000  0.277544  0.000000 -0.000000  0.047382 -0.000075  0.000496  0.000000
                                -0.001062  0.000000 -0.031817  0.067679  0.108255 -0.000000 -0.000000 -0.312494 -0.000000 -0.000000
                                -0.116755 -0.017657  0.009941  0.000000 -0.013550  0.000000  0.119513  0.062055  0.119513  0.062055
                                 0.119513  0.062055  0.119513  0.062055

  10.1  2.00000    -0.837956    -0.000000  0.000000  0.000000 -0.095687  0.310033  0.000000 -0.054216  0.178914  0.000000 -0.000000
                                -0.000000 -0.005207 -0.000000  0.014995  0.000000 -0.000000 -0.000000 -0.019888  0.087852 -0.000000
                                 0.002163  0.008790 -0.000000  0.000000 -0.000000 -0.004175 -0.000000  0.006414  0.000000 -0.000000
                                -0.000000  0.019888  0.087852  0.000000 -0.002163  0.008790  0.000000 -0.000000  0.000000 -0.004175
                                -0.000000 -0.006414 -0.000000  0.000000  0.000000  0.095687  0.310033 -0.000000  0.054216  0.178914
                                -0.000000 -0.000000  0.000000 -0.005207 -0.000000 -0.014995  0.158580  0.077888 -0.158580 -0.077888
                                 0.158580  0.077888 -0.158580 -0.077888

  11.1  2.00000    -0.826392    -0.000000  0.000000  0.000000 -0.091483  0.314477  0.000000 -0.053584  0.196706  0.000000 -0.000000
                                -0.000000 -0.005780 -0.000000  0.015251  0.000000 -0.000000 -0.000000 -0.014851  0.073161 -0.000000
                                 0.004621 -0.003246 -0.000000 -0.000000 -0.000000 -0.002530 -0.000000  0.014338 -0.000000  0.000000
                                 0.000000 -0.014851 -0.073161 -0.000000  0.004621  0.003246 -0.000000  0.000000 -0.000000  0.002530
                                 0.000000  0.014338  0.000000 -0.000000 -0.000000 -0.091483 -0.314477  0.000000 -0.053584 -0.196706
                                 0.000000  0.000000 -0.000000  0.005780  0.000000  0.015251 -0.158696 -0.070732  0.158696  0.070732
                                 0.158696  0.070732 -0.158696 -0.070732

  12.1  1.90465    -0.696539     0.000000 -0.000000  0.000000  0.196583  0.065165 -0.000000  0.108928  0.041550 -0.000000  0.000000
                                 0.000000 -0.020877  0.000000 -0.001753  0.000000 -0.000000  0.000000  0.360706  0.030542 -0.000000
                                 0.188498  0.018042 -0.000000  0.000000  0.000000 -0.006469 -0.000000  0.004812  0.000000 -0.000000
                                -0.000000  0.360706 -0.030542  0.000000  0.188498 -0.018042 -0.000000 -0.000000  0.000000  0.006469
                                -0.000000  0.004812 -0.000000  0.000000 -0.000000  0.196583 -0.065165 -0.000000  0.108928 -0.041550
                                -0.000000 -0.000000  0.000000  0.020877 -0.000000 -0.001753 -0.006897 -0.010283  0.006897  0.010283
                                 0.006897  0.010283 -0.006897 -0.010283

  13.1  1.46331    -0.551572    -0.000000  0.000000  0.000000  0.138739 -0.014834 -0.000000  0.093053 -0.057504 -0.000000 -0.000000
                                 0.000000 -0.003802  0.000000 -0.024321  0.000000 -0.000000  0.000000  0.070298  0.391684 -0.000000
                                 0.039831  0.249413 -0.000000  0.000000 -0.000000  0.010450  0.000000 -0.025290  0.000000  0.000000
                                -0.000000 -0.070298  0.391684 -0.000000 -0.039831  0.249413 -0.000000 -0.000000 -0.000000  0.010450
                                 0.000000  0.025290  0.000000 -0.000000 -0.000000 -0.138739 -0.014834  0.000000 -0.093053 -0.057504
                                -0.000000  0.000000 -0.000000 -0.003802  0.000000  0.024321 -0.059048 -0.048377  0.059048  0.048377
                                -0.059048 -0.048377  0.059048  0.048377

  14.1  1.41166    -0.469544     0.000000 -0.000000  0.000000  0.298682  0.121255 -0.000000  0.209770  0.113717 -0.000000 -0.000000
                                 0.000000 -0.021601  0.000000  0.008793 -0.000000  0.000000  0.000000  0.236441 -0.150389 -0.000000
                                 0.184799 -0.117811 -0.000000 -0.000000  0.000000  0.028080 -0.000000  0.017618 -0.000000  0.000000
                                -0.000000 -0.236441 -0.150389  0.000000 -0.184799 -0.117811 -0.000000  0.000000  0.000000  0.028080
                                -0.000000 -0.017618  0.000000 -0.000000 -0.000000 -0.298682  0.121255  0.000000 -0.209770  0.113717
                                -0.000000 -0.000000 -0.000000 -0.021601  0.000000 -0.008793  0.034237  0.038290 -0.034237 -0.038290
                                 0.034237  0.038290 -0.034237 -0.038290

  15.1  0.13173    -0.136822     0.000000 -0.000000  0.000000  0.409328  0.110704  0.000000  0.309148  0.031754 -0.000000  0.000000
                                 0.000000 -0.016471  0.000000 -0.008183  0.000000  0.000000  0.000000 -0.302865  0.069188  0.000000
                                -0.159081  0.049603 -0.000000  0.000000 -0.000000  0.055695 -0.000000  0.006781 -0.000000 -0.000000
                                -0.000000 -0.302865 -0.069188 -0.000000 -0.159081 -0.049603 -0.000000 -0.000000  0.000000 -0.055695
                                 0.000000  0.006781 -0.000000  0.000000 -0.000000  0.409328 -0.110704 -0.000000  0.309148 -0.031754
                                -0.000000  0.000000  0.000000  0.016471 -0.000000 -0.008183  0.015332 -0.007607 -0.015332  0.007607
                                -0.015332  0.007607  0.015332 -0.007607

  16.1  0.04528     0.161822     0.000000 -0.000000  0.000000  0.306856  0.085562 -0.000000  0.256589  0.037879 -0.000000 -0.000000
                                 0.000000  0.000518 -0.000000 -0.000595 -0.000000  0.000000  0.000000 -0.615058 -0.039685  0.000000
                                -0.271780 -0.013604 -0.000000 -0.000000  0.000000  0.002762  0.000000 -0.001065  0.000000 -0.000000
                                -0.000000  0.615058 -0.039685  0.000000  0.271780 -0.013604 -0.000000  0.000000  0.000000  0.002762
                                -0.000000  0.001065 -0.000000  0.000000 -0.000000 -0.306856  0.085562  0.000000 -0.256589  0.037879
                                -0.000000 -0.000000 -0.000000  0.000518  0.000000  0.000595 -0.009387  0.006154  0.009387 -0.006154
                                -0.009387  0.006154  0.009387 -0.006154

  17.1  0.04335     0.035038    -0.000000  0.000000 -0.000000 -0.075145 -0.083654 -0.000000 -0.056697 -0.120067  0.000000 -0.000000
                                -0.000000  0.010438 -0.000000 -0.025615  0.000000  0.000000 -0.000000  0.019909  0.627017  0.000000
                                 0.014793  0.333605  0.000000  0.000000 -0.000000 -0.015667  0.000000  0.006863 -0.000000  0.000000
                                 0.000000  0.019909 -0.627017  0.000000  0.014793 -0.333605  0.000000 -0.000000  0.000000  0.015667
                                -0.000000  0.006863  0.000000 -0.000000  0.000000 -0.075145  0.083654  0.000000 -0.056697  0.120067
                                 0.000000 -0.000000 -0.000000 -0.010438  0.000000 -0.025615  0.065895  0.044962 -0.065895 -0.044962
                                -0.065895 -0.044962  0.065895  0.044962

  18.1  0.00000     0.067222    -0.096319  0.159234  1.258059 -0.000000  0.000000  0.074683 -0.000000  0.000000  0.439050  0.000387
                                 0.003085 -0.000000  0.003992  0.000000  0.038350 -0.034242 -0.438275 -0.000000 -0.000000  0.034803
                                 0.000000 -0.000000  0.140468  0.014805  0.004975 -0.000000  0.004932 -0.000000 -0.038350  0.034242
                                 0.438275 -0.000000  0.000000  0.034803  0.000000  0.000000  0.140468 -0.014805  0.004975  0.000000
                                -0.004932  0.000000  0.096319 -0.159234 -1.258059 -0.000000 -0.000000  0.074683 -0.000000 -0.000000
                                 0.439050 -0.000387  0.003085  0.000000 -0.003992  0.000000  0.045335  0.934746  0.045335  0.934746
                                -0.045335 -0.934746 -0.045335 -0.934746

  19.1  0.00000     0.071941     0.087570 -0.136183 -1.239294  0.000000 -0.000000 -0.117702  0.000000 -0.000000 -0.533397 -0.000797
                                -0.003433  0.000000 -0.004648  0.000000 -0.003907 -0.078723  0.010085 -0.000000 -0.000000  0.065197
                                -0.000000  0.000000 -0.015754 -0.010179 -0.003905  0.000000 -0.006866 -0.000000 -0.003907 -0.078723
                                 0.010085  0.000000  0.000000 -0.065197  0.000000  0.000000  0.015754 -0.010179  0.003905  0.000000
                                -0.006866  0.000000  0.087570 -0.136183 -1.239294 -0.000000 -0.000000  0.117702 -0.000000 -0.000000
                                 0.533397 -0.000797  0.003433  0.000000 -0.004648 -0.000000  0.045258  0.968360  0.045258  0.968360
                                 0.045258  0.968360  0.045258  0.968360

  20.1  0.00000     0.134980     0.000000 -0.000000 -0.000000 -0.086503  0.277930 -0.000000 -0.385659  1.057000  0.000000  0.000000
                                 0.000000  0.000475  0.000000 -0.010922  0.000000  0.000000 -0.000000  0.021276  0.001624  0.000000
                                 0.169035 -0.262729  0.000000 -0.000000 -0.000000 -0.002565 -0.000000  0.023008 -0.000000 -0.000000
                                 0.000000 -0.021276  0.001624 -0.000000 -0.169035 -0.262729  0.000000  0.000000  0.000000 -0.002565
                                -0.000000 -0.023008  0.000000 -0.000000  0.000000  0.086503  0.277930  0.000000  0.385659  1.057000
                                 0.000000  0.000000  0.000000  0.000475 -0.000000  0.010922 -0.020354 -1.185101  0.020354  1.185101
                                -0.020354 -1.185101  0.020354  1.185101

  21.1  0.00000     0.157099    -0.000000 -0.000000  0.000000 -0.091378  0.277409 -0.000000 -0.359368  1.209461 -0.000000  0.000000
                                -0.000000  0.002799 -0.000000  0.002316  0.000000 -0.000000  0.000000 -0.009214 -0.062434 -0.000000
                                 0.086188 -0.567398 -0.000000  0.000000 -0.000000 -0.005909 -0.000000  0.007847 -0.000000  0.000000
                                -0.000000 -0.009214  0.062434  0.000000  0.086188  0.567398 -0.000000 -0.000000 -0.000000  0.005909
                                 0.000000  0.007847  0.000000  0.000000 -0.000000 -0.091378 -0.277409 -0.000000 -0.359368 -1.209461
                                -0.000000 -0.000000 -0.000000 -0.002799  0.000000  0.002316  0.000278  1.265626 -0.000278 -1.265626
                                -0.000278 -1.265626  0.000278  1.265626

  22.1  0.00000     0.208899    -0.057893  0.074029  3.091305  0.000000 -0.000000 -0.232441  0.000000 -0.000000 -2.308378 -0.013627
                                -0.010495 -0.000000 -0.014157 -0.000000  0.117986 -0.220454 -0.486066  0.000000  0.000000  0.098207
                                -0.000000  0.000000 -3.865437  0.049851 -0.002863  0.000000 -0.003009 -0.000000 -0.117986  0.220454
                                 0.486066  0.000000 -0.000000  0.098207 -0.000000 -0.000000 -3.865437 -0.049851 -0.002863 -0.000000
                                 0.003009 -0.000000  0.057893 -0.074029 -3.091305  0.000000  0.000000 -0.232441  0.000000  0.000000
                                -2.308378  0.013627 -0.010495  0.000000  0.014157  0.000000 -0.033991 -0.373849 -0.033991 -0.373849
                                 0.033991  0.373849  0.033991  0.373849

  23.1  0.00000     0.282559     0.067458  0.058349 -3.105596 -0.000000  0.000000 -0.012187 -0.000000  0.000000  2.558475  0.015599
                                 0.014305  0.000000  0.018787 -0.000000 -0.048499  0.010123  3.749838  0.000000 -0.000000  0.239759
                                 0.000000 -0.000000  2.141382  0.002103  0.002324 -0.000000  0.003114  0.000000 -0.048499  0.010123
                                 3.749838 -0.000000  0.000000 -0.239759  0.000000  0.000000 -2.141382  0.002103 -0.002324 -0.000000
                                 0.003114 -0.000000  0.067458  0.058349 -3.105596 -0.000000  0.000000  0.012187 -0.000000 -0.000000
                                -2.558475  0.015599 -0.014305  0.000000  0.018787  0.000000 -0.064973 -0.230279 -0.064973 -0.230279
                                -0.064973 -0.230279 -0.064973 -0.230279

  24.1  0.00000     0.305241     0.022466  0.288443 -5.315281 -0.000000  0.000000 -0.312239 -0.000000  0.000000  2.819778  0.002448
                                 0.008624  0.000000  0.010559  0.000000  0.069038  0.153022 -4.168323 -0.000000 -0.000000  0.267687
                                 0.000000 -0.000000  7.755542  0.043868  0.000600 -0.000000  0.000286  0.000000 -0.069038 -0.153022
                                 4.168323 -0.000000  0.000000  0.267687  0.000000  0.000000  7.755542 -0.043868  0.000600  0.000000
                                -0.000286  0.000000 -0.022466 -0.288443  5.315281 -0.000000 -0.000000 -0.312239 -0.000000 -0.000000
                                 2.819778 -0.002448  0.008624 -0.000000 -0.010559 -0.000000  0.023217 -0.008932  0.023217 -0.008932
                                -0.023217  0.008932 -0.023217  0.008932

  25.1  0.00000     0.375450    -0.000694  0.290941 -0.606024 -0.000000  0.000000 -0.351335  0.000000 -0.000000  0.333211 -0.001937
                                -0.004250 -0.000000 -0.006184 -0.000000  0.007835  0.789989 -0.437322  0.000000  0.000000 -0.207054
                                -0.000000  0.000000  0.322674  0.076473 -0.001449  0.000000 -0.002107  0.000000  0.007835  0.789989
                                -0.437322  0.000000  0.000000  0.207054 -0.000000 -0.000000 -0.322674  0.076473  0.001449 -0.000000
                                -0.002107 -0.000000 -0.000694  0.290941 -0.606024  0.000000  0.000000  0.351335  0.000000  0.000000
                                -0.333211 -0.001937  0.004250  0.000000 -0.006184  0.000000  0.029892  0.141718  0.029892  0.141718
                                 0.029892  0.141718  0.029892  0.141718

  26.1  0.00000     0.494298    -0.000000  0.000000 -0.000000 -0.415407 -0.125986  0.000000  0.336828  0.064634  0.000000 -0.000000
                                -0.000000  0.042093 -0.000000  0.006454  0.000000 -0.000000 -0.000000 -0.560814  0.009194 -0.000000
                                 0.487106 -0.036524  0.000000 -0.000000 -0.000000 -0.000133 -0.000000 -0.009314  0.000000  0.000000
                                 0.000000 -0.560814 -0.009194 -0.000000  0.487106  0.036524  0.000000  0.000000  0.000000  0.000133
                                -0.000000 -0.009314  0.000000 -0.000000  0.000000 -0.415407  0.125986  0.000000  0.336828 -0.064634
                                 0.000000 -0.000000  0.000000 -0.042093 -0.000000  0.006454 -0.014972 -0.063964  0.014972  0.063964
                                 0.014972  0.063964 -0.014972 -0.063964

  27.1  0.00000     0.513986    -0.000000 -0.000000 -0.000000 -0.198669 -0.199810  0.000000  0.148723  0.387973  0.000000 -0.000000
                                -0.000000  0.012365  0.000000  0.013069  0.000000  0.000000 -0.000000  0.019199 -0.637441 -0.000000
                                -0.084713  0.528516  0.000000 -0.000000 -0.000000 -0.015540 -0.000000  0.045649 -0.000000  0.000000
                                 0.000000 -0.019199 -0.637441 -0.000000  0.084713  0.528516  0.000000  0.000000 -0.000000 -0.015540
                                -0.000000 -0.045649  0.000000 -0.000000  0.000000  0.198669 -0.199810  0.000000 -0.148723  0.387973
                                 0.000000  0.000000 -0.000000  0.012365  0.000000 -0.013069 -0.091289 -0.205199  0.091289  0.205199
                                -0.091289 -0.205199  0.091289  0.205199

  28.1  0.00000     0.566633     0.000000  0.000000  0.000000 -0.653624 -0.121700 -0.000000  0.836279  0.012313 -0.000000  0.000000
                                -0.000000  0.026442  0.000000  0.011766 -0.000000 -0.000000  0.000000 -0.159638  0.214475  0.000000
                                -0.034530 -0.207701 -0.000000  0.000000  0.000000 -0.055862  0.000000 -0.037820  0.000000  0.000000
                                -0.000000  0.159638  0.214475  0.000000  0.034530 -0.207701 -0.000000 -0.000000 -0.000000 -0.055862
                                -0.000000  0.037820 -0.000000  0.000000 -0.000000  0.653624 -0.121700 -0.000000 -0.836279  0.012313
                                -0.000000 -0.000000  0.000000  0.026442 -0.000000 -0.011766  0.060858  0.121645 -0.060858 -0.121645
                                 0.060858  0.121645 -0.060858 -0.121645

  29.1  0.00000     0.600941    -0.000000  0.000000 -0.000000  0.300029  0.301832  0.000000 -0.388214 -0.543951  0.000000 -0.000000
                                 0.000000 -0.018337  0.000000  0.012247  0.000000 -0.000000 -0.000000 -0.260247  0.412451 -0.000000
                                 0.370869 -0.637976  0.000000 -0.000000 -0.000000  0.054356  0.000000  0.030429 -0.000000  0.000000
                                 0.000000 -0.260247 -0.412451 -0.000000  0.370869  0.637976  0.000000  0.000000  0.000000 -0.054356
                                -0.000000  0.030429  0.000000  0.000000  0.000000  0.300029 -0.301832  0.000000 -0.388214  0.543951
                                 0.000000  0.000000  0.000000  0.018337 -0.000000  0.012247 -0.149750 -0.193127  0.149750  0.193127
                                 0.149750  0.193127 -0.149750 -0.193127

  30.1  0.00000     0.636877    -0.039431 -0.484874 -1.662873 -0.000000 -0.000000 -0.070165  0.000000 -0.000000  1.224786 -0.070375
                                 0.057152  0.000000  0.073561  0.000000  0.045363 -0.577298 -1.944121  0.000000  0.000000 -0.238598
                                -0.000000 -0.000000  4.331549  0.007561  0.010893 -0.000000  0.012860 -0.000000 -0.045363  0.577298
                                 1.944121  0.000000 -0.000000 -0.238598 -0.000000  0.000000  4.331549 -0.007561  0.010893  0.000000
                                -0.012860  0.000000  0.039431  0.484874  1.662873 -0.000000 -0.000000 -0.070165  0.000000  0.000000
                                 1.224786  0.070375  0.057152 -0.000000 -0.073561 -0.000000  0.349169  0.082296  0.349169  0.082296
                                -0.349169 -0.082296 -0.349169 -0.082296

  31.1  0.00000     0.641321     0.000000  0.000000  0.000000 -0.410503 -0.009261  0.000000  0.801685  0.049255 -0.000000  0.000000
                                -0.000000 -0.003903 -0.000000  0.025868 -0.000000  0.000000  0.000000  0.310182  0.404073  0.000000
                                -0.531732 -0.892667 -0.000000 -0.000000 -0.000000 -0.048953 -0.000000  0.006332  0.000000 -0.000000
                                -0.000000  0.310182 -0.404073  0.000000 -0.531732  0.892667 -0.000000  0.000000 -0.000000  0.048953
                                 0.000000  0.006332 -0.000000 -0.000000  0.000000 -0.410503  0.009261  0.000000  0.801685 -0.049255
                                -0.000000 -0.000000 -0.000000  0.003903  0.000000  0.025868 -0.133781 -0.087572  0.133781  0.087572
                                 0.133781  0.087572 -0.133781 -0.087572

  32.1  0.00000     0.667286    -0.047237 -0.452262  0.183900  0.000000 -0.000000 -0.231825 -0.000000  0.000000  0.609533 -0.080058
                                 0.063449 -0.000000  0.081696 -0.000000  0.028486 -0.310674  0.886772 -0.000000 -0.000000 -0.380002
                                 0.000000  0.000000  0.859550  0.050001  0.010044  0.000000  0.017115 -0.000000  0.028486 -0.310674
                                 0.886772 -0.000000  0.000000  0.380002 -0.000000 -0.000000 -0.859550  0.050001 -0.010044 -0.000000
                                 0.017115  0.000000 -0.047237 -0.452262  0.183900  0.000000 -0.000000  0.231825 -0.000000  0.000000
                                -0.609533 -0.080058 -0.063449 -0.000000  0.081696 -0.000000 -0.384629 -0.050461 -0.384629 -0.050461
                                -0.384629 -0.050461 -0.384629 -0.050461

  33.1  0.00000     0.687653    -0.000000  0.000000 -0.000000  0.053487  0.169496  0.000000 -0.592008 -0.585005  0.000000  0.000000
                                 0.000000 -0.027069  0.000000  0.054010 -0.000000  0.000000  0.000000 -0.547436 -0.160421  0.000000
                                 1.600660  0.334908  0.000000  0.000000 -0.000000 -0.006510  0.000000 -0.020172  0.000000 -0.000000
                                 0.000000  0.547436 -0.160421  0.000000 -1.600660  0.334908 -0.000000 -0.000000  0.000000 -0.006510
                                -0.000000  0.020172 -0.000000  0.000000 -0.000000 -0.053487  0.169496 -0.000000  0.592008 -0.585005
                                -0.000000  0.000000 -0.000000 -0.027069  0.000000 -0.054010  0.178129  0.024744 -0.178129 -0.024744
                                 0.178129  0.024744 -0.178129 -0.024744

  34.1  0.00000     0.814253     0.000000 -0.000000 -0.000000  0.085675 -0.324075 -0.000000 -0.780543  1.214844  0.000000 -0.000000
                                -0.000000  0.013670 -0.000000 -0.149068  0.000000  0.000000 -0.000000 -0.304208  0.173751 -0.000000
                                 1.180676 -0.500360  0.000000 -0.000000 -0.000000 -0.008678 -0.000000  0.095346 -0.000000  0.000000
                                 0.000000  0.304208  0.173751 -0.000000 -1.180676 -0.500360  0.000000  0.000000 -0.000000 -0.008678
                                 0.000000 -0.095346  0.000000 -0.000000  0.000000 -0.085675 -0.324075  0.000000  0.780543  1.214844
                                 0.000000  0.000000  0.000000  0.013670 -0.000000  0.149068 -0.364286 -0.276179  0.364286  0.276179
                                -0.364286 -0.276179  0.364286  0.276179

  35.1  0.00000     0.874438     0.000000  0.000000 -0.000000 -0.262276  0.729103  0.000000  0.585254 -1.771628  0.000000 -0.000000
                                -0.000000  0.030779 -0.000000 -0.093962  0.000000 -0.000000 -0.000000  0.033792 -0.149670 -0.000000
                                -0.136293  0.837169  0.000000 -0.000000 -0.000000 -0.032709 -0.000000  0.067467 -0.000000  0.000000
                                 0.000000  0.033792  0.149670 -0.000000 -0.136293 -0.837169  0.000000  0.000000 -0.000000  0.032709
                                 0.000000  0.067467 -0.000000 -0.000000  0.000000 -0.262276 -0.729103  0.000000  0.585254  1.771628
                                 0.000000  0.000000 -0.000000 -0.030779  0.000000 -0.093962  0.328411 -1.219373 -0.328411  1.219373
                                -0.328411  1.219373  0.328411 -1.219373

  36.1  0.00000     0.886879    -0.000000  0.000000  0.000000 -0.221344  0.708069 -0.000000  0.520601 -1.522827 -0.000000 -0.000000
                                 0.000000  0.033070  0.000000 -0.104906 -0.000000 -0.000000  0.000000  0.023420 -0.093552  0.000000
                                -0.182261  0.338381 -0.000000  0.000000  0.000000 -0.022691  0.000000  0.110007  0.000000  0.000000
                                -0.000000 -0.023420 -0.093552  0.000000  0.182261  0.338381 -0.000000 -0.000000  0.000000 -0.022691
                                -0.000000 -0.110007  0.000000  0.000000 -0.000000  0.221344  0.708069 -0.000000 -0.520601 -1.522827
                                -0.000000 -0.000000  0.000000  0.033070 -0.000000  0.104906 -0.351221  1.158164  0.351221 -1.158164
                                -0.351221  1.158164  0.351221 -1.158164

  37.1  0.00000     0.938939    -0.013376  0.542074 -1.231336  0.000000 -0.000000  0.616247 -0.000000  0.000000 -0.779152  0.079671
                                 0.054833 -0.000000  0.070474 -0.000000 -0.013406  0.472566 -0.476779 -0.000000  0.000000  0.075003
                                 0.000000  0.000000  0.123097 -0.032031 -0.004471  0.000000 -0.011650 -0.000000 -0.013406  0.472566
                                -0.476779  0.000000  0.000000 -0.075003 -0.000000 -0.000000 -0.123097 -0.032031  0.004471  0.000000
                                -0.011650  0.000000 -0.013376  0.542074 -1.231336 -0.000000 -0.000000 -0.616247  0.000000  0.000000
                                 0.779152  0.079671 -0.054833 -0.000000  0.070474 -0.000000 -0.395169  0.836078 -0.395169  0.836078
                                -0.395169  0.836078 -0.395169  0.836078

  38.1  0.00000     0.943964    -0.024264  0.885532 -1.454441  0.000000 -0.000000  0.464125  0.000000 -0.000000 -0.730488  0.069328
                                 0.053603 -0.000000  0.070850  0.000000  0.001479  0.164807 -0.221963  0.000000 -0.000000  0.141721
                                -0.000000  0.000000 -0.293347 -0.010038 -0.012327  0.000000 -0.007630 -0.000000 -0.001479 -0.164807
                                 0.221963  0.000000  0.000000  0.141721  0.000000 -0.000000 -0.293347  0.010038 -0.012327 -0.000000
                                 0.007630 -0.000000  0.024264 -0.885532  1.454441  0.000000  0.000000  0.464125 -0.000000 -0.000000
                                -0.730488 -0.069328  0.053603  0.000000 -0.070850  0.000000  0.416661 -0.932618  0.416661 -0.932618
                                -0.416661  0.932618 -0.416661  0.932618

  39.1  0.00000     0.974067    -0.033489  1.102028 -1.094838  0.000000 -0.000000 -0.329464 -0.000000  0.000000  0.089804 -0.032272
                                 0.008883 -0.000000  0.010388  0.000000  0.033183 -0.665047  0.268733 -0.000000  0.000000  0.049298
                                 0.000000 -0.000000 -0.748275  0.066504 -0.005850  0.000000 -0.014138 -0.000000  0.033183 -0.665047
                                 0.268733  0.000000  0.000000 -0.049298 -0.000000 -0.000000  0.748275  0.066504  0.005850 -0.000000
                                -0.014138 -0.000000 -0.033489  1.102028 -1.094838 -0.000000 -0.000000  0.329464  0.000000  0.000000
                                -0.089804 -0.032272 -0.008883  0.000000  0.010388  0.000000 -0.137762  0.428211 -0.137762  0.428211
                                -0.137762  0.428211 -0.137762  0.428211

  40.1  0.00000     1.078121    -0.044920 -0.705178 10.570279  0.000000 -0.000000 -0.347857 -0.000000  0.000000 -3.920983  0.051546
                                 0.092393  0.000000  0.115931 -0.000000 -0.025640  0.858368  5.019753 -0.000000  0.000000  0.046005
                                 0.000000 -0.000000-14.166953 -0.001132  0.025476 -0.000000  0.022413  0.000000  0.025640 -0.858368
                                -5.019753 -0.000000 -0.000000  0.046005  0.000000  0.000000-14.166953  0.001132  0.025476  0.000000
                                -0.022413  0.000000  0.044920  0.705178-10.570279  0.000000  0.000000 -0.347857 -0.000000 -0.000000
                                -3.920983 -0.051546  0.092393 -0.000000 -0.115931 -0.000000  0.269044 -0.051955  0.269044 -0.051955
                                -0.269044  0.051955 -0.269044  0.051955

  41.1  0.00000     1.089918    -0.000000 -0.000000  0.000000 -0.176149  0.232616 -0.000000  0.521237 -1.996560 -0.000000  0.000000
                                 0.000000 -0.163905  0.000000  0.126708 -0.000000  0.000000  0.000000  0.050629 -0.290007 -0.000000
                                -0.169527  2.023689 -0.000000 -0.000000  0.000000  0.161150  0.000000 -0.037693  0.000000 -0.000000
                                -0.000000  0.050629  0.290007 -0.000000 -0.169527 -2.023689 -0.000000  0.000000  0.000000 -0.161150
                                -0.000000 -0.037693  0.000000  0.000000 -0.000000 -0.176149 -0.232616 -0.000000  0.521237  1.996560
                                -0.000000 -0.000000  0.000000  0.163905 -0.000000  0.126708 -0.429721 -0.519279  0.429721  0.519279
                                 0.429721  0.519279 -0.429721 -0.519279

  42.1  0.00000     1.160349     0.018310 -0.814768  4.108474 -0.000000  0.000000  0.381114  0.000000 -0.000000 -1.591158  0.147454
                                 0.020995 -0.000000  0.025315  0.000000  0.007293 -0.397094  2.801752  0.000000 -0.000000  0.906615
                                -0.000000  0.000000 -5.391800  0.050478  0.012626  0.000000  0.009176 -0.000000 -0.007293  0.397094
                                -2.801752  0.000000  0.000000  0.906615 -0.000000 -0.000000 -5.391800 -0.050478  0.012626 -0.000000
                                -0.009176  0.000000 -0.018310  0.814768 -4.108474 -0.000000 -0.000000  0.381114  0.000000  0.000000
                                -1.591158 -0.147454  0.020995  0.000000 -0.025315  0.000000  0.008385  0.106785  0.008385  0.106785
                                -0.008385 -0.106785 -0.008385 -0.106785

  43.1  0.00000     1.225583     0.049193  0.758109 -7.528363  0.000000 -0.000000  0.226921 -0.000000  0.000000  3.075168 -0.115001
                                -0.097561 -0.000000 -0.129825  0.000000 -0.022222 -0.463589  7.316898 -0.000000  0.000000 -0.586704
                                 0.000000 -0.000000  5.616977  0.086416 -0.023477 -0.000000 -0.051920 -0.000000 -0.022222 -0.463589
                                 7.316898  0.000000  0.000000  0.586704 -0.000000 -0.000000 -5.616977  0.086416  0.023477  0.000000
                                -0.051920 -0.000000  0.049193  0.758109 -7.528363 -0.000000 -0.000000 -0.226921  0.000000  0.000000
                                -3.075168 -0.115001  0.097561 -0.000000 -0.129825 -0.000000  0.186149 -0.031167  0.186149 -0.031167
                                 0.186149 -0.031167  0.186149 -0.031167

  44.1  0.00000     1.388567     0.000000  0.000000  0.000000 -0.149378 -0.145962 -0.000000 -0.236762  1.095740 -0.000000 -0.000000
                                -0.000000 -0.288011 -0.000000 -0.163522 -0.000000 -0.000000  0.000000  0.053533  0.102606 -0.000000
                                 0.078821 -1.035125 -0.000000  0.000000 -0.000000  0.427920 -0.000000  0.061842  0.000000  0.000000
                                -0.000000  0.053533 -0.102606 -0.000000  0.078821  1.035125 -0.000000 -0.000000 -0.000000 -0.427920
                                 0.000000  0.061842 -0.000000 -0.000000 -0.000000 -0.149378  0.145962 -0.000000 -0.236762 -1.095740
                                -0.000000  0.000000 -0.000000  0.288011  0.000000 -0.163522  0.236205  0.321934 -0.236205 -0.321934
                                -0.236205 -0.321934  0.236205  0.321934

  45.1  0.00000     1.482298     0.006054  0.115839 -0.366778 -0.000000 -0.000000 -0.002329 -0.000000  0.000000  0.054892 -0.004506
                                 0.299090 -0.000000 -0.158876 -0.000000 -0.003037 -0.075000  0.381235  0.000000  0.000000 -0.008385
                                 0.000000 -0.000000  0.007990  0.009780  0.565224  0.000000 -0.070226 -0.000000  0.003037  0.075000
                                -0.381235  0.000000 -0.000000 -0.008385  0.000000  0.000000  0.007990 -0.009780  0.565224 -0.000000
                                 0.070226  0.000000 -0.006054 -0.115839  0.366778  0.000000  0.000000 -0.002329 -0.000000 -0.000000
                                 0.054892  0.004506  0.299090  0.000000  0.158876 -0.000000 -0.043299 -0.050759 -0.043299 -0.050759
                                 0.043299  0.050759  0.043299  0.050759

  46.1  0.00000     1.497997     0.011096  0.150048 -0.979616  0.000000 -0.000000  0.031411 -0.000000  0.000000  0.261235 -0.009583
                                -0.198861 -0.000000  0.249619 -0.000000 -0.003041 -0.046793  0.767673 -0.000000  0.000000 -0.049328
                                -0.000000  0.000000  0.575629  0.010701 -0.088542  0.000000  0.574157  0.000000 -0.003041 -0.046793
                                 0.767673  0.000000  0.000000  0.049328  0.000000 -0.000000 -0.575629  0.010701  0.088542  0.000000
                                 0.574157 -0.000000  0.011096  0.150048 -0.979616 -0.000000 -0.000000 -0.031411  0.000000  0.000000
                                -0.261235 -0.009583  0.198861 -0.000000  0.249619  0.000000  0.068683  0.061720  0.068683  0.061720
                                 0.068683  0.061720  0.068683  0.061720

  47.1  0.00000     1.610165     0.000000  0.000000  0.000000 -0.063914 -0.119413 -0.000000  0.435922 -0.715410 -0.000000  0.000000
                                 0.000000 -0.199417  0.000000 -0.179560 -0.000000 -0.000000  0.000000  0.002533  0.068277  0.000000
                                -0.496641  0.252251 -0.000000  0.000000  0.000000  0.092672  0.000000  0.517088  0.000000  0.000000
                                -0.000000 -0.002533  0.068277  0.000000  0.496641  0.252251 -0.000000 -0.000000  0.000000  0.092672
                                -0.000000 -0.517088 -0.000000 -0.000000 -0.000000  0.063914 -0.119413 -0.000000 -0.435922 -0.715410
                                -0.000000 -0.000000  0.000000 -0.199417 -0.000000  0.179560  0.348342  0.193162 -0.348342 -0.193162
                                 0.348342  0.193162 -0.348342 -0.193162

  48.1  0.00000     1.611088     0.001145  0.488260 10.626791  0.000000  0.000000 -0.544755 -0.000000  0.000000 -3.717810  0.015111
                                 0.017905  0.000000  0.145434  0.000000 -0.086051 -1.273465 18.442948 -0.000000 -0.000000  0.181316
                                 0.000000 -0.000000-22.244677  0.265587  0.005948 -0.000000  0.076754 -0.000000  0.086051  1.273465
                               -18.442948  0.000000 -0.000000  0.181316 -0.000000 -0.000000-22.244677 -0.265587  0.005948 -0.000000
                                -0.076754  0.000000 -0.001145 -0.488260-10.626791 -0.000000  0.000000 -0.544755  0.000000  0.000000
                                -3.717810 -0.015111  0.017905  0.000000 -0.145434 -0.000000  0.038860 -0.115091  0.038860 -0.115091
                                -0.038860  0.115091 -0.038860  0.115091

  49.1  0.00000     1.664676     0.013874  0.156254 -1.057269  0.000000 -0.000000  0.029102 -0.000000  0.000000  0.274139 -0.010727
                                 0.474741  0.000000 -0.199811  0.000000 -0.003674 -0.048525  0.822682 -0.000000 -0.000000 -0.050302
                                 0.000000 -0.000000  0.616885  0.010799  0.360793 -0.000000  0.293803 -0.000000 -0.003674 -0.048525
                                 0.822682  0.000000 -0.000000  0.050302 -0.000000 -0.000000 -0.616885  0.010799 -0.360793 -0.000000
                                 0.293803  0.000000  0.013874  0.156254 -1.057269 -0.000000 -0.000000 -0.029102  0.000000  0.000000
                                -0.274139 -0.010727 -0.474741  0.000000 -0.199811 -0.000000  0.101078  0.059062  0.101078  0.059062
                                 0.101078  0.059062  0.101078  0.059062

  50.1  0.00000     1.706413    -0.013294 -0.062005  3.503172 -0.000000  0.000000 -0.134667  0.000000 -0.000000 -1.107828  0.017112
                                 0.289089  0.000000 -0.400811  0.000000 -0.017366 -0.200168  4.223392 -0.000000 -0.000000  0.054207
                                 0.000000  0.000000 -5.971260  0.052027 -0.309665 -0.000000 -0.369259 -0.000000  0.017366  0.200168
                                -4.223392  0.000000  0.000000  0.054207 -0.000000 -0.000000 -5.971260 -0.052027 -0.309665  0.000000
                                 0.369259  0.000000  0.013294  0.062005 -3.503172 -0.000000 -0.000000 -0.134667  0.000000  0.000000
                                -1.107828 -0.017112  0.289089 -0.000000  0.400811  0.000000  0.124142  0.038027  0.124142  0.038027
                                -0.124142 -0.038027 -0.124142 -0.038027

  51.1  0.00000     1.811089     0.000000  0.000000  0.000000  0.149846 -0.057570 -0.000000 -0.185598 -0.272989 -0.000000  0.000000
                                 0.000000  0.564464  0.000000  0.013083 -0.000000 -0.000000  0.000000  0.101337  0.039032  0.000000
                                 0.425386  0.113779 -0.000000  0.000000 -0.000000 -0.324385 -0.000000  0.215355  0.000000  0.000000
                                -0.000000 -0.101337  0.039032  0.000000 -0.425386  0.113779 -0.000000 -0.000000 -0.000000 -0.324385
                                -0.000000 -0.215355  0.000000 -0.000000 -0.000000 -0.149846 -0.057570 -0.000000  0.185598 -0.272989
                                -0.000000 -0.000000  0.000000  0.564464  0.000000 -0.013083  0.196404  0.008646 -0.196404 -0.008646
                                 0.196404  0.008646 -0.196404 -0.008646

  52.1  0.00000     1.924648     0.015333  0.098486 -2.468936  0.000000 -0.000000  0.075569 -0.000000  0.000000  0.771828 -0.024539
                                 0.445240 -0.000000 -0.079470 -0.000000  0.008201  0.067631 -2.365263  0.000000  0.000000 -0.027275
                                -0.000000 -0.000000  3.799991 -0.024883 -0.193420  0.000000  0.551542  0.000000 -0.008201 -0.067631
                                 2.365263 -0.000000 -0.000000 -0.027275  0.000000  0.000000  3.799991  0.024883 -0.193420  0.000000
                                -0.551542  0.000000 -0.015333 -0.098486  2.468936  0.000000  0.000000  0.075569 -0.000000 -0.000000
                                 0.771828  0.024539  0.445240  0.000000  0.079470 -0.000000 -0.147657 -0.023771 -0.147657 -0.023771
                                 0.147657  0.023771  0.147657  0.023771

  53.1  0.00000     1.961129     0.014707  0.130007 -0.953659  0.000000 -0.000000  0.014631 -0.000000  0.000000  0.267348 -0.018952
                                -0.186860 -0.000000  0.405426  0.000000 -0.003466 -0.037424  0.762170 -0.000000  0.000000 -0.043435
                                 0.000000 -0.000000  0.570882  0.003816  0.577964  0.000000 -0.162731 -0.000000 -0.003466 -0.037424
                                 0.762170  0.000000 -0.000000  0.043435 -0.000000 -0.000000 -0.570882  0.003816 -0.577964 -0.000000
                                -0.162731 -0.000000  0.014707  0.130007 -0.953659 -0.000000 -0.000000 -0.014631  0.000000  0.000000
                                -0.267348 -0.018952  0.186860 -0.000000  0.405426  0.000000  0.128810  0.025799  0.128810  0.025799
                                 0.128810  0.025799  0.128810  0.025799

  54.1  0.00000     2.014989     0.000000 -0.000000 -0.000000 -0.039986  0.135775  0.000000 -0.231437  0.494000  0.000000 -0.000000
                                 0.000000  0.091372 -0.000000  0.534490  0.000000  0.000000 -0.000000  0.049038  0.194596 -0.000000
                                 0.095648 -0.248096  0.000000 -0.000000 -0.000000  0.189652  0.000000 -0.397998 -0.000000 -0.000000
                                 0.000000  0.049038 -0.194596 -0.000000  0.095648  0.248096  0.000000  0.000000  0.000000 -0.189652
                                -0.000000 -0.397998 -0.000000  0.000000  0.000000 -0.039986 -0.135775  0.000000 -0.231437 -0.494000
                                 0.000000 -0.000000 -0.000000 -0.091372  0.000000  0.534490  0.412325  0.059660 -0.412325 -0.059660
                                -0.412325 -0.059660  0.412325  0.059660

  55.1  0.00000     2.192927    -0.033034 -0.456491  1.801708 -0.000000  0.000000  0.091187  0.000000 -0.000000 -0.856618  0.581242
                                -0.144753  0.000000 -0.149382  0.000000 -0.005736 -0.481251 -1.188741  0.000000  0.000000 -0.059447
                                -0.000000  0.000000 -0.912665  0.358078  0.094660  0.000000  0.037625 -0.000000 -0.005736 -0.481251
                                -1.188741  0.000000 -0.000000  0.059447  0.000000  0.000000  0.912665  0.358078 -0.094660 -0.000000
                                 0.037625 -0.000000 -0.033034 -0.456491  1.801708  0.000000  0.000000 -0.091187 -0.000000 -0.000000
                                 0.856618  0.581242  0.144753 -0.000000 -0.149382  0.000000 -0.079727 -0.041745 -0.079727 -0.041745
                                -0.079727 -0.041745 -0.079727 -0.041745

  56.1  0.00000     2.251209     0.031167  0.145320 -1.901973  0.000000 -0.000000  0.053939 -0.000000  0.000000  0.470910  0.159349
                                 0.451894 -0.000000  0.496961  0.000000 -0.013019 -0.286059  1.708475 -0.000000  0.000000 -0.139447
                                 0.000000 -0.000000  1.260892  0.142538 -0.266736 -0.000000 -0.128771  0.000000 -0.013019 -0.286059
                                 1.708475 -0.000000  0.000000  0.139447 -0.000000 -0.000000 -1.260892  0.142538  0.266736  0.000000
                                -0.128771  0.000000  0.031167  0.145320 -1.901973 -0.000000 -0.000000 -0.053939  0.000000  0.000000
                                -0.470910  0.159349 -0.451894  0.000000  0.496961 -0.000000  0.397312 -0.026200  0.397312 -0.026200
                                 0.397312 -0.026200  0.397312 -0.026200

  57.1  0.00000     2.276212     0.043505  0.227292 -5.121276  0.000000 -0.000000  0.148758 -0.000000  0.000000  1.739959 -0.206766
                                 0.380404  0.000000  0.556076 -0.000000  0.012028  0.095978 -4.100732  0.000000  0.000000  0.091089
                                -0.000000 -0.000000  7.437109 -0.060233 -0.095525  0.000000 -0.312018  0.000000 -0.012028 -0.095978
                                 4.100732  0.000000 -0.000000  0.091089  0.000000  0.000000  7.437109  0.060233 -0.095525 -0.000000
                                 0.312018  0.000000 -0.043505 -0.227292  5.121276  0.000000  0.000000  0.148758 -0.000000 -0.000000
                                 1.739959  0.206766  0.380404 -0.000000 -0.556076  0.000000 -0.396255  0.030242 -0.396255  0.030242
                                 0.396255 -0.030242  0.396255 -0.030242

  58.1  0.00000     2.331527    -0.000000 -0.000000  0.000000 -0.060548 -0.035304 -0.000000 -0.073087 -0.289922 -0.000000  0.000000
                                -0.000000  0.701897 -0.000000 -0.097693 -0.000000 -0.000000  0.000000  0.213639 -0.064862 -0.000000
                                 0.072786  0.227436 -0.000000  0.000000  0.000000  0.464915  0.000000  0.135077  0.000000  0.000000
                                -0.000000  0.213639  0.064862 -0.000000  0.072786 -0.227436 -0.000000 -0.000000  0.000000 -0.464915
                                -0.000000  0.135077  0.000000  0.000000 -0.000000 -0.060548  0.035304 -0.000000 -0.073087  0.289922
                                -0.000000 -0.000000 -0.000000 -0.701897  0.000000 -0.097693 -0.190858 -0.025752  0.190858  0.025752
                                 0.190858  0.025752 -0.190858 -0.025752

  59.1  0.00000     2.453475    -0.024138 -0.122181 -1.469206  0.000000 -0.000000 -0.089227  0.000000  0.000000  0.170845  0.777140
                                 0.105338 -0.000000  0.144464 -0.000000  0.012960 -0.070194 -3.648732  0.000000 -0.000000 -0.790708
                                -0.000000 -0.000000  4.009597  0.097715 -0.023432 -0.000000 -0.060702 -0.000000 -0.012960  0.070194
                                 3.648732 -0.000000 -0.000000 -0.790708  0.000000  0.000000  4.009597 -0.097715 -0.023432 -0.000000
                                 0.060702  0.000000  0.024138  0.122181  1.469206  0.000000  0.000000 -0.089227 -0.000000 -0.000000
                                 0.170845 -0.777140  0.105338  0.000000 -0.144464  0.000000 -0.163172  0.040649 -0.163172  0.040649
                                 0.163172 -0.040649  0.163172 -0.040649

  60.1  0.00000     2.479082    -0.000000 -0.000000 -0.000000 -0.031777 -0.009250  0.000000 -0.132357  0.157063  0.000000  0.000000
                                 0.000000 -0.041348  0.000000  0.792692  0.000000  0.000000 -0.000000 -0.039223  0.225158 -0.000000
                                 0.119824 -0.029014  0.000000  0.000000 -0.000000  0.087760 -0.000000  0.375733 -0.000000 -0.000000
                                 0.000000  0.039223  0.225158 -0.000000 -0.119824 -0.029014  0.000000 -0.000000 -0.000000  0.087760
                                 0.000000 -0.375733  0.000000  0.000000  0.000000  0.031777 -0.009250  0.000000  0.132357  0.157063
                                 0.000000 -0.000000  0.000000 -0.041348 -0.000000 -0.792692 -0.351229  0.057253  0.351229 -0.057253
                                -0.351229  0.057253  0.351229 -0.057253

  61.1  0.00000     2.998837     0.037538 -0.331535 -1.195425  0.000000 -0.000000  0.613256 -0.000000  0.000000  0.703764 -0.735389
                                -0.007618 -0.000000 -0.009593  0.000000 -0.045116  0.101240  1.429561 -0.000000 -0.000000  0.755418
                                 0.000000 -0.000000  0.587974  0.796428 -0.000027 -0.000000 -0.000601  0.000000 -0.045116  0.101240
                                 1.429561 -0.000000  0.000000 -0.755418 -0.000000 -0.000000 -0.587974  0.796428  0.000027 -0.000000
                                -0.000601  0.000000  0.037538 -0.331535 -1.195425 -0.000000 -0.000000 -0.613256  0.000000  0.000000
                                -0.703764 -0.735389  0.007618 -0.000000 -0.009593  0.000000 -0.016116 -0.033168 -0.016116 -0.033168
                                -0.016116 -0.033168 -0.016116 -0.033168

  62.1  0.00000     3.033186    -0.000000  0.000000  0.000000 -0.153499 -0.012912 -0.000000 -0.103620 -0.027943 -0.000000 -0.000000
                                -0.000000  0.553448 -0.000000 -0.058238 -0.000000 -0.000000  0.000000 -0.083827 -0.014153  0.000000
                                 0.086578  0.014573 -0.000000  0.000000 -0.000000  0.951883  0.000000 -0.011747  0.000000  0.000000
                                -0.000000  0.083827 -0.014153  0.000000 -0.086578  0.014573 -0.000000  0.000000  0.000000  0.951883
                                 0.000000  0.011747  0.000000 -0.000000 -0.000000  0.153499 -0.012912 -0.000000  0.103620 -0.027943
                                -0.000000 -0.000000 -0.000000  0.553448  0.000000  0.058238  0.072769 -0.032422 -0.072769  0.032422
                                 0.072769 -0.032422 -0.072769  0.032422

  63.1  0.00000     3.085808    -0.000000 -0.000000  0.000000 -0.008709 -0.124865 -0.000000 -0.045371  0.072952 -0.000000  0.000000
                                -0.000000 -0.055980 -0.000000  0.626366 -0.000000 -0.000000  0.000000 -0.013906 -0.041177  0.000000
                                 0.017973 -0.085119 -0.000000 -0.000000  0.000000 -0.009781  0.000000  0.921836  0.000000  0.000000
                                -0.000000 -0.013906  0.041177  0.000000  0.017973  0.085119 -0.000000 -0.000000 -0.000000  0.009781
                                -0.000000  0.921836  0.000000  0.000000 -0.000000 -0.008709  0.124865 -0.000000 -0.045371 -0.072952
                                -0.000000  0.000000 -0.000000  0.055980  0.000000  0.626366  0.199972 -0.047392 -0.199972  0.047392
                                -0.199972  0.047392  0.199972 -0.047392

  64.1  0.00000     3.695249     0.029747 -0.449087  0.691288 -0.000000  0.000000  0.653869  0.000000 -0.000000 -0.030855 -0.608701
                                -0.012653  0.000000 -0.016141 -0.000000 -0.098106  0.728364  4.142540 -0.000000 -0.000000 -0.338877
                                 0.000000  0.000000 -2.835723  1.562615  0.000542  0.000000  0.000787  0.000000  0.098106 -0.728364
                                -4.142540  0.000000  0.000000 -0.338877 -0.000000 -0.000000 -2.835723 -1.562615  0.000542  0.000000
                                -0.000787  0.000000 -0.029747  0.449087 -0.691288 -0.000000 -0.000000  0.653869  0.000000  0.000000
                                -0.030855  0.608701 -0.012653  0.000000  0.016141  0.000000  0.026589  0.031783  0.026589  0.031783
                                -0.026589 -0.031783 -0.026589 -0.031783

 Total charge:   1.000000000000
 

 Natural orbital dump (state averaged) at molpro section  2141.2    (Orbital set 2)



 **********************************************************************************************************************************
 DATASETS  * FILE   NREC   LENGTH (MB)   RECORD NAMES
              1      21       31.33       500      610      700      900      950      970     1000      129      960     1100   
                                          VAR    BASINP    GEOM    SYMINP    ZMAT    AOBASIS   BASIS     P2S    ABASIS      S 
                                         1400     1410     1200     1210     1080     1600     1650     1300     1700     1380   
                                           T        V       H0       H01     AOSYM     SMH    MOLCAS    ERIS     OPER     JKOP   
                                         5101   
                                        CPSAMC    

              2       5        5.55       700     1000      520     2140     2141   
                                         GEOM     BASIS   MCVARS   MATROP    MCSCF   

 PROGRAMS   *        TOTAL     MULTI       INT    MATROP       INT
 CPU TIMES  *         3.04      2.28      0.56      0.06      0.02
 REAL TIME  *         7.07 SEC
 DISK USED  *        73.92 MB      
 **********************************************************************************************************************************

1PROGRAM * FORCE (Gradient of the energy)

 SA-MCSCF information from    5101.1
 Orbitals from record         2141.2

 Number of closed-shell orbitals: 11 ( 11 )
 Number of active orbitals:        6 (  6 )
 Number of occupied orbitals:     17 ( 17 )

 Number of electrons= 27     Doublet     Space symmetry=1      Wavefunction type: SA-MCSCF


 End of calculation of the energy gradient  ,IREST=   0


 SA-MC GRADIENT FOR STATE 1.1

 Atom          dE/dx               dE/dy               dE/dz

   1        -0.000000000         0.000000000        -0.066140507
   2         0.000000000         0.000000000         0.096557721
   3        -0.000000000        -0.000000000        -0.096557721
   4         0.000000000         0.000000000         0.066140507
   5         0.008308077         0.025321384        -0.012928008
   6        -0.008308077        -0.025321384        -0.012928008
   7        -0.008308077         0.025321384         0.012928008
   8         0.008308077        -0.025321384         0.012928008

 Nuclear force contribution to virial =         0.190109678


 **********************************************************************************************************************************
 DATASETS  * FILE   NREC   LENGTH (MB)   RECORD NAMES
              1      21       31.33       500      610      700      900      950      970     1000      129      960     1100   
                                          VAR    BASINP    GEOM    SYMINP    ZMAT    AOBASIS   BASIS     P2S    ABASIS      S 
                                         1400     1410     1200     1210     1080     1600     1650     1300     1700     1380   
                                           T        V       H0       H01     AOSYM     SMH    MOLCAS    ERIS     OPER     JKOP   
                                         5101   
                                        CPSAMC    

              2       5        5.55       700     1000      520     2140     2141   
                                         GEOM     BASIS   MCVARS   MATROP    MCSCF   

 PROGRAMS   *        TOTAL     FORCE     MULTI       INT    MATROP       INT
 CPU TIMES  *         4.88      1.83      2.28      0.56      0.06      0.02
 REAL TIME  *         9.00 SEC
 DISK USED  *        73.92 MB      
 **********************************************************************************************************************************

1PROGRAM * MULTI (Direct Multiconfiguration SCF)       Authors: P.J. Knowles, H.-J. Werner (1984)     S.T. Elbert (1988)


 Number of closed-shell orbitals:  11 (  11 )
 Number of active  orbitals:        6 (   6 )
 Number of external orbitals:      47 (  47 )

 State symmetry 1

 Number of electrons:     5    Spin symmetry=Doublet   Space symmetry=1
 Number of states:        2
 Number of CSFs:        210   (300 determinants, 300 intermediate states)

 Molecular orbitals read from record     2141.2  Type=MCSCF/NATURAL (state averaged)

 Wavefunction dump at record             2141.2

 Convergence thresholds  0.10E-05 (gradient)  0.10E-07 (energy)  0.10E-02 (step length)

 Weight factors for state symmetry  1:    0.50000   0.50000

 Number of orbital rotations:      865   (    66 Core/Active    517 Core/Virtual   0 Active/Active    282 Active/Virtual)
 Total number of variables:       1465


 ITER. MIC  NCI  NEG     ENERGY(VAR)     ENERGY(PROJ)   ENERGY CHANGE     GRAD(0)  GRAD(ORB)   GRAD(CI)     STEP       TIME

   1   27    4    0    -153.43744997    -153.43744997    0.00000000    0.00000000 0.00000000 0.00000000  0.34D-10      0.33

 ** WVFN ****  CONVERGENCE REACHED, FINAL GRADIENT:  0.66D-10

 Solving MCSCF z-vector equations for state  2.1, requested accuracy=      0.10D-07
 Convergence reached in  24 iterations ( 24 expansion vectors), accuracy=  0.58D-08

 SA-Gradient information saved on record      5102.1



 Results for state 1.1
 =====================

 !MCSCF STATE 1.1 Energy             -153.468726179390
 Nuclear energy                        88.13205332
 Kinetic energy                       153.30318565
 One electron energy                 -373.19811619
 Two electron energy                  131.59733669
 Virial ratio                           2.00107982

 !MCSCF STATE 1.1 Dipole moment         0.00000000     0.00000000    -0.00000000
 Dipole moment /Debye                   0.00000000     0.00000000    -0.00000000

 Results for state 2.1
 =====================

 !MCSCF STATE 2.1 Energy             -153.406173759847
 Nuclear energy                        88.13205332
 Kinetic energy                       153.40682355
 One electron energy                 -373.04709168
 Two electron energy                  131.50886460
 Virial ratio                           1.99999576

 !MCSCF STATE 2.1 Dipole moment         0.00000000     0.00000000     0.00000000
 Dipole moment /Debye                   0.00000000     0.00000000     0.00000000

 State-averaged charge density matrix saved on record  2141.2 (density set 1)


 Natural orbital dump (state averaged) at molpro section  2141.2    (Orbital set 2)



 **********************************************************************************************************************************
 DATASETS  * FILE   NREC   LENGTH (MB)   RECORD NAMES
              1      22       31.36       500      610      700      900      950      970     1000      129      960     1100   
                                          VAR    BASINP    GEOM    SYMINP    ZMAT    AOBASIS   BASIS     P2S    ABASIS      S 
                                         1400     1410     1200     1210     1080     1600     1650     1300     1700     1380   
                                           T        V       H0       H01     AOSYM     SMH    MOLCAS    ERIS     OPER     JKOP   
                                         5101     5102   
                                        CPSAMC   CPSAMC    

              2       5        5.55       700     1000      520     2140     2141   
                                         GEOM     BASIS   MCVARS   MATROP    MCSCF   

 PROGRAMS   *        TOTAL     MULTI     FORCE     MULTI       INT    MATROP       INT
 CPU TIMES  *         5.67      0.79      1.83      2.28      0.56      0.06      0.02
 REAL TIME  *        10.98 SEC
 DISK USED  *        73.92 MB      
 **********************************************************************************************************************************

1PROGRAM * FORCE (Gradient of the energy)

 SA-MCSCF information from    5102.1
 Orbitals from record         2141.2

 Number of closed-shell orbitals: 11 ( 11 )
 Number of active orbitals:        6 (  6 )
 Number of occupied orbitals:     17 ( 17 )

 Number of electrons= 27     Doublet     Space symmetry=1      Wavefunction type: SA-MCSCF


 End of calculation of the energy gradient  ,IREST=   0


 SA-MC GRADIENT FOR STATE 2.1

 Atom          dE/dx               dE/dy               dE/dz

   1         0.000000000         0.000000000        -0.070411426
   2        -0.000000000        -0.000000000         0.055093414
   3        -0.000000000         0.000000000        -0.055093414
   4         0.000000000         0.000000000         0.070411426
   5         0.029507701         0.017331246        -0.012043587
   6        -0.029507701        -0.017331246        -0.012043587
   7        -0.029507701         0.017331246         0.012043587
   8         0.029507701        -0.017331246         0.012043587

 Nuclear force contribution to virial =         0.034503031


 **********************************************************************************************************************************
 DATASETS  * FILE   NREC   LENGTH (MB)   RECORD NAMES
              1      22       31.36       500      610      700      900      950      970     1000      129      960     1100   
                                          VAR    BASINP    GEOM    SYMINP    ZMAT    AOBASIS   BASIS     P2S    ABASIS      S 
                                         1400     1410     1200     1210     1080     1600     1650     1300     1700     1380   
                                           T        V       H0       H01     AOSYM     SMH    MOLCAS    ERIS     OPER     JKOP   
                                         5101     5102   
                                        CPSAMC   CPSAMC    

              2       5        5.55       700     1000      520     2140     2141   
                                         GEOM     BASIS   MCVARS   MATROP    MCSCF   

 PROGRAMS   *        TOTAL     FORCE     MULTI     FORCE     MULTI       INT    MATROP       INT
 CPU TIMES  *         7.17      1.50      0.79      1.83      2.28      0.56      0.06      0.02
 REAL TIME  *        12.57 SEC
 DISK USED  *        73.92 MB      
 **********************************************************************************************************************************

1PROGRAM * MULTI (Direct Multiconfiguration SCF)       Authors: P.J. Knowles, H.-J. Werner (1984)     S.T. Elbert (1988)


 Number of closed-shell orbitals:  11 (  11 )
 Number of active  orbitals:        6 (   6 )
 Number of external orbitals:      47 (  47 )

 State symmetry 1

 Number of electrons:     5    Spin symmetry=Doublet   Space symmetry=1
 Number of states:        2
 Number of CSFs:        210   (300 determinants, 300 intermediate states)

 Molecular orbitals read from record     2141.2  Type=MCSCF/NATURAL (state averaged)

 Wavefunction dump at record             2142.2

 Convergence thresholds  0.10E-05 (gradient)  0.10E-07 (energy)  0.10E-02 (step length)

 Weight factors for state symmetry  1:    0.50000   0.50000

 Number of orbital rotations:      865   (    66 Core/Active    517 Core/Virtual   0 Active/Active    282 Active/Virtual)
 Total number of variables:       1465


 ITER. MIC  NCI  NEG     ENERGY(VAR)     ENERGY(PROJ)   ENERGY CHANGE     GRAD(0)  GRAD(ORB)   GRAD(CI)     STEP       TIME

   1   30    4    0    -153.43744997    -153.43744997    0.00000000    0.00000000 0.00000000 0.00000000  0.25D-10      0.30

 ** WVFN ****  CONVERGENCE REACHED, FINAL GRADIENT:  0.45D-10

 SOLVING CP-MCSCF NACM: 1.1 - 2.1
 Convergence reached in  32 iterations ( 32 expansion vectors), accuracy=  0.79D-10

 SA-Gradient information saved on record      5103.1



 Results for state 1.1
 =====================

 !MCSCF STATE 1.1 Energy             -153.468726179392
 Nuclear energy                        88.13205332
 Kinetic energy                       153.30318565
 One electron energy                 -373.19811619
 Two electron energy                  131.59733669
 Virial ratio                           2.00107982

 !MCSCF STATE 1.1 Dipole moment        -0.00000000     0.00000000     0.00000000
 Dipole moment /Debye                  -0.00000000     0.00000000     0.00000000

 Results for state 2.1
 =====================

 !MCSCF STATE 2.1 Energy             -153.406173759850
 Nuclear energy                        88.13205332
 Kinetic energy                       153.40682355
 One electron energy                 -373.04709168
 Two electron energy                  131.50886460
 Virial ratio                           1.99999576

 !MCSCF STATE 2.1 Dipole moment        -0.00000000     0.00000000     0.00000000
 Dipole moment /Debye                  -0.00000000     0.00000000     0.00000000

 State-averaged charge density matrix saved on record  2142.2 (density set 1)


 Natural orbital dump (state averaged) at molpro section  2142.2    (Orbital set 2)



 **********************************************************************************************************************************
 DATASETS  * FILE   NREC   LENGTH (MB)   RECORD NAMES
              1      23       31.38       500      610      700      900      950      970     1000      129      960     1100   
                                          VAR    BASINP    GEOM    SYMINP    ZMAT    AOBASIS   BASIS     P2S    ABASIS      S 
                                         1400     1410     1200     1210     1080     1600     1650     1300     1700     1380   
                                           T        V       H0       H01     AOSYM     SMH    MOLCAS    ERIS     OPER     JKOP   
                                         5101     5102     5103   
                                        CPSAMC   CPSAMC   CPSAMC    

              2       6        8.19       700     1000      520     2140     2141     2142   
                                         GEOM     BASIS   MCVARS   MATROP    MCSCF    MCSCF   

 PROGRAMS   *        TOTAL     MULTI     FORCE     MULTI     FORCE     MULTI       INT    MATROP       INT
 CPU TIMES  *         7.99      0.82      1.50      0.79      1.83      2.28      0.56      0.06      0.02
 REAL TIME  *        14.51 SEC
 DISK USED  *        73.92 MB      
 **********************************************************************************************************************************

1PROGRAM * FORCE (Gradient of the energy)

 SA-MCSCF information from    5103.1
 Orbitals from record         2142.2

 Number of closed-shell orbitals: 11 ( 11 )
 Number of active orbitals:        6 (  6 )
 Number of occupied orbitals:     17 ( 17 )

 Number of electrons= 27     Doublet     Space symmetry=1      Wavefunction type: SA-MCSCF


 End of calculation of the energy gradient  ,IREST=   0


 SA-MC NACME FOR STATES 2.1 - 1.1

 Atom          dE/dx               dE/dy               dE/dz

   1        -0.000000000        -0.000000000         0.490201907
   2         0.000000000        -0.000000000        -1.364864184
   3         0.000000000         0.000000000         1.364864184
   4        -0.000000000         0.000000000        -0.490201907
   5        -0.049213446        -0.002374021        -0.014101506
   6         0.049213446         0.002374021        -0.014101506
   7         0.049213446        -0.002374021         0.014101506
   8        -0.049213446         0.002374021         0.014101506



 **********************************************************************************************************************************
 DATASETS  * FILE   NREC   LENGTH (MB)   RECORD NAMES
              1      23       31.38       500      610      700      900      950      970     1000      129      960     1100   
                                          VAR    BASINP    GEOM    SYMINP    ZMAT    AOBASIS   BASIS     P2S    ABASIS      S 
                                         1400     1410     1200     1210     1080     1600     1650     1300     1700     1380   
                                           T        V       H0       H01     AOSYM     SMH    MOLCAS    ERIS     OPER     JKOP   
                                         5101     5102     5103   
                                        CPSAMC   CPSAMC   CPSAMC    

              2       6        8.19       700     1000      520     2140     2141     2142   
                                         GEOM     BASIS   MCVARS   MATROP    MCSCF    MCSCF   

 PROGRAMS   *        TOTAL     FORCE     MULTI     FORCE     MULTI     FORCE     MULTI       INT    MATROP       INT
 CPU TIMES  *         9.67      1.67      0.82      1.50      0.79      1.83      2.28      0.56      0.06      0.02
 REAL TIME  *        16.25 SEC
 DISK USED  *        73.92 MB      
 **********************************************************************************************************************************

 MULTI/6-31G* energy=   -153.406173759850

        MULTI           MULTI   
   -153.40617376   -153.46872618
 **********************************************************************************************************************************
 Variable memory released
