
 Primary working directories    : /user/gworth/scratch/molpro-mrecio/gwp3_v2_1
 Secondary working directories  : /user/gworth/scratch/molpro-mrecio/gwp3_v2_1
 Wavefunction directory         : /user/gworth/scratch/molpro-mrecio/gwp3_v2_1/
 Main file repository           : /user/gworth/scratch/molpro-mrecio/gwp3_v2_1/

 SHA1      : 0b0b022c660e73fb8d4a354a6920c32f9035fdc5
 NAME      : 2015.1.3
 ARCHNAME  : linux/x86_64
 FC        : /opt/intel/composer_xe_2015.1.133/bin/intel64/ifort
 BLASLIB   : -Wl,-_start-group /opt/intel/mkl/lib/intel64/libmkl_intel_ilp64.a /opt/intel/mkl/lib/intel64/libmkl_intel_thread.a /opt/intel/mkl/lib/intel64/libmkl_core.a -Wl,-_end-group
 id        : gwbham

 Nodes                                  nprocs
 cpn-p27-15.compute.cbls.ccr.buffalo.edu    1

 Using customized tuning parameters: mindgm=1; mindgv=20; mindgc=4; mindgr=1; noblas=0; minvec=7
 default implementation of scratch files=df  

 ***,
 nosym
 geomtyp=xyz
 geometry={
 8
 butatriene geometry
 c                  0.000000      -0.000000       1.948828
 c                  0.000000       0.000000       0.689785
 c                  0.000000      -0.000000      -0.689785
 c                  0.000000       0.000000      -1.948828
 h                  0.421723       0.910584      -2.516151
 h                 -0.421723      -0.910584      -2.516151
 h                 -0.421723       0.910584       2.516151
 h                  0.421723      -0.910584       2.516151
 }
 basis=6-31G*
 
 {matrop;read,oldorbitals,file=gwp3_v2.orb;save,oldorbitals,2140.2,orbitals}
 
                                                                                 ! State 1
 {multi,gradient=1.0d-6,energy=1.0d-8;occ,17;
 start,2140.2;
 closed,11;
 CPMCSCF,grad,1.1,accu=1.0d-8,record=5101.1;
 wf,27,1,1;
 state,2;
 weight,0.5,0.5
 orbital,2141.2;
 orbprint,100;
 }
 {Force;SAMC,5101.1}
 
                                                                                 ! State 2
 {multi,gradient=1.0d-6,energy=1.0d-8;occ,17;start,2141.2;closed,11;CPMCSCF,grad,2.1,accu=1.0d-8,record=5102.1;wf,27,1,1;state,2;weight,0.5,0.5;}
 {Force;SAMC,5102.1}
 
                                                                                 ! 2-1
 {multi,gradient=1.0d-6,energy=1.0d-8;occ,17;closed,11;start,2141.2;cpmcscf,nacm,2.1,1.1,accu=1.0d-10,record=5103.1;wf,27,1,1;state,2;weight,0.5,0.5;}
 {Force;SAMC,5103.1}
 
 
 

 Variables initialized (889), CPU time= 0.00 sec
 Commands  initialized (702), CPU time= 0.01 sec, 572 directives.
 Default parameters read. Elapsed time= 0.66 sec

 Checking input...
 Passed
1


                                         ***  PROGRAM SYSTEM MOLPRO  ***
                                       Copyright, TTI GmbH Stuttgart, 2015
                                    Version 2015.1 linked Feb  5 2016 14:18:43


 **********************************************************************************************************************************
 LABEL *                                                                                 
  64 bit serial version                                                                  DATE: 15-Jun-23          TIME: 15:13:09  
 **********************************************************************************************************************************

 SHA1:             0b0b022c660e73fb8d4a354a6920c32f9035fdc5
 **********************************************************************************************************************************

 Variable memory set to    8000000 words,  buffer space   230000 words

 SETTING GEOMTYP        =    XYZ
 ZSYMEL=NOSYM
 
 SETTING BASIS          =    6-31G*


 Recomputing integrals since basis changed


 Using spherical harmonics

 Library entry C      S 6-31G                selected for orbital group  1
 Library entry C      P 6-31G                selected for orbital group  1
 Library entry C      D 6-31G*               selected for orbital group  1
 Library entry H      S 6-31G                selected for orbital group  2

1PROGRAM * SEWARD (Integral evaluation for generally contracted gaussian basis sets)     Author: Roland Lindh, 1990

 Geometry written to block  1 of record 700


 Point group  C1  



 ATOMIC COORDINATES

 NR  ATOM    CHARGE       X              Y              Z

   1  C       6.00    0.000000000    0.000000000    3.682751184
   2  C       6.00    0.000000000    0.000000000    1.303504735
   3  C       6.00    0.000000000    0.000000000   -1.303504735
   4  C       6.00    0.000000000    0.000000000   -3.682751184
   5  H       1.00    0.796940970    1.720754373   -4.754836278
   6  H       1.00   -0.796940970   -1.720754373   -4.754836278
   7  H       1.00   -0.796940970    1.720754373    4.754836278
   8  H       1.00    0.796940970   -1.720754373    4.754836278

 Bond lengths in Bohr (Angstrom)

 1-2  2.379246449  1-7  2.178411571  1-8  2.178411571  2-3  2.607009470  3-4  2.379246449
     ( 1.259043000)     ( 1.152765759)     ( 1.152765759)     ( 1.379570000)     ( 1.259043000)

 4-5  2.178411571  4-6  2.178411571
     ( 1.152765759)     ( 1.152765759)

 Bond angles

  1-2-3  179.99999852   2-1-7  119.48138393   2-1-8  119.48138393   2-3-4  179.99999852

  3-4-5  119.48138393   3-4-6  119.48138393   5-4-6  121.03723215   7-1-8  121.03723215

 NUCLEAR CHARGE:                   28
 NUMBER OF PRIMITIVE AOS:         128
 NUMBER OF SYMMETRY AOS:          124
 NUMBER OF CONTRACTIONS:           64   (  64A   )
 NUMBER OF CORE ORBITALS:           4   (   4A   )
 NUMBER OF VALENCE ORBITALS:       20   (  20A   )


 NUCLEAR REPULSION ENERGY   87.99792441


 Eigenvalues of metric

         1 0.347E-03 0.205E-02 0.671E-02 0.242E-01 0.374E-01 0.519E-01 0.547E-01 0.101E+00


 OPERATOR DM      FOR CENTER  0  COORDINATES:    0.000000    0.000000    0.000000


 **********************************************************************************************************************************
 DATASETS  * FILE   NREC   LENGTH (MB)   RECORD NAMES
              1      18       19.35       500      610      700      900      950      970     1000      129      960     1100   
                                          VAR    BASINP    GEOM    SYMINP    ZMAT    AOBASIS   BASIS     P2S    ABASIS      S 
                                         1400     1410     1200     1210     1080     1600     1650     1700   
                                           T        V       H0       H01     AOSYM     SMH    MOLCAS    OPER   

 PROGRAMS   *        TOTAL       INT
 CPU TIMES  *         0.19      0.04
 REAL TIME  *         1.61 SEC
 DISK USED  *        19.75 MB      
 **********************************************************************************************************************************


 PROGRAM * MATROP


 READING MATRIX OLDORBITALS (OLDORBITALS) FROM FILE gwp3_v2.orb. SYMMETRY=1

  Orbitals OLDORBITALS saved in record 2140.2 (set 1)


 **********************************************************************************************************************************
 DATASETS  * FILE   NREC   LENGTH (MB)   RECORD NAMES
              1      18       19.35       500      610      700      900      950      970     1000      129      960     1100   
                                          VAR    BASINP    GEOM    SYMINP    ZMAT    AOBASIS   BASIS     P2S    ABASIS      S 
                                         1400     1410     1200     1210     1080     1600     1650     1700   
                                           T        V       H0       H01     AOSYM     SMH    MOLCAS    OPER   

              2       4        2.90       700     1000      520     2140   
                                         GEOM     BASIS   MCVARS   MATROP    

 PROGRAMS   *        TOTAL    MATROP       INT
 CPU TIMES  *         0.30      0.11      0.04
 REAL TIME  *         1.79 SEC
 DISK USED  *        22.30 MB      
 **********************************************************************************************************************************


 Using spherical harmonics

 Library entry C      S 6-31G                selected for orbital group  1
 Library entry C      P 6-31G                selected for orbital group  1
 Library entry C      D 6-31G*               selected for orbital group  1
 Library entry H      S 6-31G                selected for orbital group  2

1PROGRAM * SEWARD (Integral evaluation for generally contracted gaussian basis sets)     Author: Roland Lindh, 1990

 Geometry written to block  1 of record 700


 Point group  C1  



 ATOMIC COORDINATES

 NR  ATOM    CHARGE       X              Y              Z

   1  C       6.00    0.000000000    0.000000000    3.682751184
   2  C       6.00    0.000000000    0.000000000    1.303504735
   3  C       6.00    0.000000000    0.000000000   -1.303504735
   4  C       6.00    0.000000000    0.000000000   -3.682751184
   5  H       1.00    0.796940970    1.720754373   -4.754836278
   6  H       1.00   -0.796940970   -1.720754373   -4.754836278
   7  H       1.00   -0.796940970    1.720754373    4.754836278
   8  H       1.00    0.796940970   -1.720754373    4.754836278

 Bond lengths in Bohr (Angstrom)

 1-2  2.379246449  1-7  2.178411571  1-8  2.178411571  2-3  2.607009470  3-4  2.379246449
     ( 1.259043000)     ( 1.152765759)     ( 1.152765759)     ( 1.379570000)     ( 1.259043000)

 4-5  2.178411571  4-6  2.178411571
     ( 1.152765759)     ( 1.152765759)

 Bond angles

  1-2-3  179.99999852   2-1-7  119.48138393   2-1-8  119.48138393   2-3-4  179.99999852

  3-4-5  119.48138393   3-4-6  119.48138393   5-4-6  121.03723215   7-1-8  121.03723215

 NUCLEAR CHARGE:                   28
 NUMBER OF PRIMITIVE AOS:         128
 NUMBER OF SYMMETRY AOS:          124
 NUMBER OF CONTRACTIONS:           64   (  64A   )
 NUMBER OF CORE ORBITALS:           4   (   4A   )
 NUMBER OF VALENCE ORBITALS:       20   (  20A   )


 NUCLEAR REPULSION ENERGY   87.99792441


 Eigenvalues of metric

         1 0.347E-03 0.205E-02 0.671E-02 0.242E-01 0.374E-01 0.519E-01 0.547E-01 0.101E+00


 Contracted 2-electron integrals neglected if value below      1.0D-11
 AO integral compression algorithm  1   Integral accuracy      1.0D-11

     5.505 MB (compressed) written to integral file ( 25.7%)


 NUMBER OF SORTED TWO-ELECTRON INTEGRALS:    2164240.     BUFFER LENGTH:  32768
 NUMBER OF SEGMENTS:   1  SEGMENT LENGTH:    2164240      RECORD LENGTH: 524288

 Memory used in sort:       2.72 MW

 SORT1 READ     2586857. AND WROTE     1038856. INTEGRALS IN      3 RECORDS. CPU TIME:     0.03 SEC, REAL TIME:     0.04 SEC
 SORT2 READ     1038856. AND WROTE     2164240. INTEGRALS IN     21 RECORDS. CPU TIME:     0.07 SEC, REAL TIME:     0.08 SEC

 FILE SIZES:   FILE 1:    24.9 MBYTE,  FILE 4:    12.6 MBYTE,   TOTAL:     37.5 MBYTE

 OPERATOR DM      FOR CENTER  0  COORDINATES:    0.000000    0.000000    0.000000


 **********************************************************************************************************************************
 DATASETS  * FILE   NREC   LENGTH (MB)   RECORD NAMES
              1      19       23.68       500      610      700      900      950      970     1000      129      960     1100   
                                          VAR    BASINP    GEOM    SYMINP    ZMAT    AOBASIS   BASIS     P2S    ABASIS      S 
                                         1400     1410     1200     1210     1080     1600     1650     1300     1700   
                                           T        V       H0       H01     AOSYM     SMH    MOLCAS    ERIS     OPER   

              2       4        2.90       700     1000      520     2140   
                                         GEOM     BASIS   MCVARS   MATROP    

 PROGRAMS   *        TOTAL       INT    MATROP       INT
 CPU TIMES  *         0.79      0.49      0.11      0.04
 REAL TIME  *         3.20 SEC
 DISK USED  *        40.42 MB      
 **********************************************************************************************************************************

1PROGRAM * MULTI (Direct Multiconfiguration SCF)       Authors: P.J. Knowles, H.-J. Werner (1984)     S.T. Elbert (1988)


 Number of closed-shell orbitals:  11 (  11 )
 Number of active  orbitals:        6 (   6 )
 Number of external orbitals:      47 (  47 )

 State symmetry 1

 Number of electrons:     5    Spin symmetry=Doublet   Space symmetry=1
 Number of states:        2
 Number of CSFs:        210   (300 determinants, 300 intermediate states)

 Molecular orbitals read from record     2140.2  Type=MATROP/MATROP  

 Wavefunction dump at record             2141.2

 Convergence thresholds  0.10E-05 (gradient)  0.10E-07 (energy)  0.10E-02 (step length)

 Weight factors for state symmetry  1:    0.50000   0.50000

 Number of orbital rotations:      865   (    66 Core/Active    517 Core/Virtual   0 Active/Active    282 Active/Virtual)
 Total number of variables:       1465


 ITER. MIC  NCI  NEG     ENERGY(VAR)     ENERGY(PROJ)   ENERGY CHANGE     GRAD(0)  GRAD(ORB)   GRAD(CI)     STEP       TIME

   1   31    7    0    -153.38795742    -153.39479132   -0.00683390    0.11980405 0.00000777 0.00000000  0.69D-01      0.45
   2   18   13    0    -153.39481136    -153.39481188   -0.00000052    0.00106767 0.00000005 0.00000000  0.10D-02      0.93
   3   16   10    0    -153.39481188    -153.39481188   -0.00000000    0.00000020 0.00000000 0.00000000  0.19D-06      1.27

 ** WVFN ****  CONVERGENCE REACHED, FINAL GRADIENT:  0.19D-08

 Solving MCSCF z-vector equations for state  1.1, requested accuracy=      0.10D-07
 Convergence reached in  24 iterations ( 24 expansion vectors), accuracy=  0.98D-08

 SA-Gradient information saved on record      5101.1



 Results for state 1.1
 =====================

 !MCSCF STATE 1.1 Energy             -153.435167076069
 Nuclear energy                        87.99792441
 Kinetic energy                       153.24561113
 One electron energy                 -372.94532050
 Two electron energy                  131.51222901
 Virial ratio                           2.00123694

 !MCSCF STATE 1.1 Dipole moment        -0.00000000    -0.00000000     0.00000000
 Dipole moment /Debye                  -0.00000000    -0.00000000     0.00000000

 Results for state 2.1
 =====================

 !MCSCF STATE 2.1 Energy             -153.354456683149
 Nuclear energy                        87.99792441
 Kinetic energy                       153.35897224
 One electron energy                 -372.77604296
 Two electron energy                  131.42366186
 Virial ratio                           1.99997056

 !MCSCF STATE 2.1 Dipole moment         0.00000000    -0.00000000     0.00000000
 Dipole moment /Debye                   0.00000000    -0.00000000     0.00000000

 State-averaged charge density matrix saved on record  2141.2 (density set 1)


 NATURAL ORBITALS (state averaged)
 =================================

   Orb     Occ        Energy       Coefficients

                                   1 1s      1 1s      1 1s      1 2px     1 2py     1 2pz     1 2px     1 2py     1 2pz     1 3d0  
                                   1 3d2-    1 3d1+    1 3d2+    1 3d1-    2 1s      2 1s      2 1s      2 2px     2 2py     2 2pz  
                                   2 2px     2 2py     2 2pz     2 3d0     2 3d2-    2 3d1+    2 3d2+    2 3d1-    3 1s      3 1s   
                                   3 1s      3 2px     3 2py     3 2pz     3 2px     3 2py     3 2pz     3 3d0     3 3d2-    3 3d1+ 
                                   3 3d2+    3 3d1-    4 1s      4 1s      4 1s      4 2px     4 2py     4 2pz     4 2px     4 2py  
                                   4 2pz     4 3d0     4 3d2-    4 3d1+    4 3d2+    4 3d1-    5 1s      5 1s      6 1s      6 1s   
                                   7 1s      7 1s      8 1s      8 1s   

   1.1  2.00000   -11.540032     0.020213 -0.000430  0.002190 -0.000000 -0.000000  0.000687 -0.000000 -0.000000 -0.001291 -0.000146
                                 0.000015  0.000000  0.000032 -0.000000  0.703875  0.015918 -0.005691 -0.000000  0.000000  0.000664
                                -0.000000  0.000000 -0.001084  0.000761  0.000018 -0.000000  0.000031 -0.000000  0.703875  0.015918
                                -0.005691  0.000000  0.000000 -0.000664  0.000000  0.000000  0.001084  0.000761 -0.000018 -0.000000
                                 0.000031  0.000000  0.020213 -0.000430  0.002190  0.000000 -0.000000 -0.000687  0.000000 -0.000000
                                 0.001291 -0.000146 -0.000015  0.000000  0.000032  0.000000 -0.000066  0.000303 -0.000066  0.000303
                                -0.000066  0.000303 -0.000066  0.000303

   2.1  2.00000   -11.538813     0.021141 -0.001034  0.001874 -0.000000 -0.000000  0.001173 -0.000000 -0.000000 -0.001274 -0.000529
                                -0.000004  0.000000  0.000012  0.000000  0.704059  0.018244 -0.011065 -0.000000 -0.000000 -0.000754
                                -0.000000 -0.000000  0.002149  0.002512  0.000018  0.000000  0.000064 -0.000000 -0.704059 -0.018244
                                 0.011065 -0.000000  0.000000 -0.000754 -0.000000  0.000000  0.002149 -0.002512  0.000018 -0.000000
                                -0.000064 -0.000000 -0.021141  0.001034 -0.001874 -0.000000  0.000000  0.001173 -0.000000  0.000000
                                -0.001274  0.000529 -0.000004 -0.000000 -0.000012  0.000000  0.000122 -0.000265  0.000122 -0.000265
                                -0.000122  0.000265 -0.000122  0.000265

   3.1  2.00000   -11.499277     0.704039  0.017432 -0.002869 -0.000000 -0.000000 -0.001210 -0.000000 -0.000000 -0.001363  0.000619
                                -0.000139  0.000000 -0.000146  0.000000 -0.021840 -0.001820  0.010701 -0.000000 -0.000000 -0.000522
                                -0.000000 -0.000000 -0.010459 -0.000176  0.000047  0.000000  0.000059 -0.000000  0.021840  0.001820
                                -0.010701 -0.000000  0.000000 -0.000522 -0.000000  0.000000 -0.010459  0.000176  0.000047 -0.000000
                                -0.000059 -0.000000 -0.704036 -0.017432  0.002869 -0.000000  0.000000 -0.001210 -0.000000  0.000000
                                -0.001363 -0.000619 -0.000139 -0.000000  0.000146  0.000000  0.000179 -0.001617  0.000179 -0.001617
                                -0.000179  0.001618 -0.000179  0.001618

   4.1  2.00000   -11.499276     0.704060  0.017367 -0.010081 -0.000000  0.000000 -0.001038 -0.000000  0.000000  0.001179  0.000664
                                -0.000123  0.000000 -0.000133  0.000000 -0.020799 -0.001382  0.004106 -0.000000  0.000000 -0.000629
                                -0.000000  0.000000  0.001692 -0.000288  0.000048 -0.000000  0.000057  0.000000 -0.020800 -0.001382
                                 0.004106  0.000000  0.000000  0.000629  0.000000  0.000000 -0.001692 -0.000288 -0.000048 -0.000000
                                 0.000057  0.000000  0.704063  0.017368 -0.010081  0.000000 -0.000000  0.001038  0.000000 -0.000000
                                -0.001179  0.000664  0.000123  0.000000 -0.000133 -0.000000 -0.000107  0.001564 -0.000107  0.001564
                                -0.000107  0.001564 -0.000107  0.001564

   5.1  2.00000    -1.342930    -0.097609  0.186485  0.165770  0.000000 -0.000000 -0.100795  0.000000 -0.000000 -0.022589  0.010793
                                -0.004693  0.000000 -0.003631 -0.000000 -0.140796  0.285723  0.125019  0.000000 -0.000000  0.020457
                                -0.000000 -0.000000 -0.030758  0.022769  0.000245  0.000000  0.000380  0.000000 -0.140796  0.285723
                                 0.125019 -0.000000 -0.000000 -0.020457 -0.000000  0.000000  0.030758  0.022769 -0.000245  0.000000
                                 0.000380  0.000000 -0.097609  0.186485  0.165770 -0.000000 -0.000000  0.100795 -0.000000 -0.000000
                                 0.022589  0.010793  0.004693  0.000000 -0.003631  0.000000  0.037070  0.000651  0.037070  0.000651
                                 0.037070  0.000651  0.037070  0.000651

   6.1  2.00000    -1.282106    -0.128066  0.244536  0.294971 -0.000000  0.000000 -0.112826 -0.000000  0.000000 -0.051273  0.012723
                                -0.006953 -0.000000 -0.005790  0.000000 -0.096611  0.188863  0.182876 -0.000000  0.000000  0.173777
                                 0.000000  0.000000 -0.149637  0.015032  0.000387 -0.000000  0.001240  0.000000  0.096611 -0.188863
                                -0.182876  0.000000  0.000000  0.173777  0.000000  0.000000 -0.149637 -0.015032  0.000387 -0.000000
                                -0.001240 -0.000000  0.128066 -0.244536 -0.294971  0.000000  0.000000 -0.112826  0.000000  0.000000
                                -0.051273 -0.012723 -0.006953 -0.000000  0.005790 -0.000000 -0.054555 -0.005455 -0.054555 -0.005455
                                 0.054555  0.005455  0.054555  0.005455

   7.1  2.00000    -1.108818    -0.098582  0.188969  0.226632  0.000000 -0.000000 -0.009237  0.000000 -0.000000 -0.015600  0.005992
                                -0.008067  0.000000 -0.007466 -0.000000  0.077004 -0.158725 -0.185546 -0.000000 -0.000000  0.317541
                                -0.000000  0.000000  0.025187 -0.012489  0.000179  0.000000  0.001383 -0.000000  0.077004 -0.158725
                                -0.185546 -0.000000 -0.000000 -0.317541 -0.000000  0.000000 -0.025187 -0.012489 -0.000179  0.000000
                                 0.001383  0.000000 -0.098582  0.188969  0.226632 -0.000000 -0.000000  0.009237 -0.000000 -0.000000
                                 0.015600  0.005992  0.008067 -0.000000 -0.007466  0.000000  0.066244  0.018680  0.066244  0.018680
                                 0.066244  0.018680  0.066244  0.018680

   8.1  2.00000    -0.902983    -0.057752  0.117163  0.141512  0.000000 -0.000000  0.292775  0.000000 -0.000000  0.115145 -0.015293
                                -0.014195  0.000000 -0.013125 -0.000000  0.071887 -0.146424 -0.202190  0.000000 -0.000000 -0.122474
                                -0.000000 -0.000000  0.071903 -0.006660 -0.000523  0.000000 -0.000797 -0.000000 -0.071887  0.146424
                                 0.202190  0.000000  0.000000 -0.122474 -0.000000 -0.000000  0.071903  0.006660 -0.000523 -0.000000
                                 0.000797 -0.000000  0.057752 -0.117163 -0.141512  0.000000  0.000000  0.292775  0.000000  0.000000
                                 0.115145  0.015293 -0.014195 -0.000000  0.013125 -0.000000 -0.131443 -0.066520 -0.131443 -0.066520
                                 0.131443  0.066520  0.131443  0.066520

   9.1  2.00000    -0.872024    -0.033999  0.071814  0.128629  0.000000 -0.000000  0.312365  0.000000 -0.000000  0.114816 -0.018158
                                -0.012761  0.000000 -0.011734 -0.000000  0.024088 -0.051313 -0.014525  0.000000 -0.000000 -0.267891
                                -0.000000 -0.000000 -0.049334  0.000031 -0.000635  0.000000 -0.000969 -0.000000  0.024088 -0.051313
                                -0.014525 -0.000000 -0.000000  0.267891  0.000000 -0.000000  0.049334  0.000031  0.000635  0.000000
                                -0.000969  0.000000 -0.033999  0.071814  0.128629 -0.000000 -0.000000 -0.312365 -0.000000 -0.000000
                                -0.114816 -0.018158  0.012761  0.000000 -0.011734  0.000000  0.120804  0.066475  0.120804  0.066475
                                 0.120804  0.066475  0.120804  0.066475

  10.1  2.00000    -0.832165    -0.000000  0.000000  0.000000 -0.120293  0.295487  0.000000 -0.071826  0.178566  0.000000 -0.000000
                                -0.000000 -0.005990 -0.000000  0.012542  0.000000 -0.000000 -0.000000 -0.029379  0.094485 -0.000000
                                 0.003364  0.009396 -0.000000 -0.000000 -0.000000 -0.005671 -0.000000  0.007333 -0.000000  0.000000
                                 0.000000  0.029379  0.094485  0.000000 -0.003364  0.009396  0.000000  0.000000  0.000000 -0.005671
                                -0.000000 -0.007333 -0.000000  0.000000  0.000000  0.120293  0.295487 -0.000000  0.071826  0.178566
                                -0.000000 -0.000000  0.000000 -0.005990 -0.000000 -0.012542  0.154995  0.079126 -0.154995 -0.079126
                                 0.154995  0.079126 -0.154995 -0.079126

  11.1  2.00000    -0.820242    -0.000000  0.000000  0.000000 -0.113996  0.301345  0.000000 -0.070209  0.197341  0.000000 -0.000000
                                -0.000000 -0.006731 -0.000000  0.012501  0.000000 -0.000000 -0.000000 -0.022547  0.084328 -0.000000
                                 0.005649 -0.000858  0.000000 -0.000000 -0.000000 -0.003576 -0.000000  0.015011 -0.000000  0.000000
                                 0.000000 -0.022547 -0.084328 -0.000000  0.005649  0.000858  0.000000  0.000000 -0.000000  0.003576
                                 0.000000  0.015011  0.000000 -0.000000 -0.000000 -0.113996 -0.301345  0.000000 -0.070209 -0.197341
                                 0.000000  0.000000 -0.000000  0.006731  0.000000  0.012501 -0.154714 -0.071526  0.154714  0.071526
                                 0.154714  0.071526 -0.154714 -0.071526

  12.1  1.90670    -0.691750     0.000000  0.000000  0.000000  0.204892  0.087700 -0.000000  0.109410  0.055877 -0.000000  0.000000
                                 0.000000 -0.022522  0.000000 -0.003243  0.000000  0.000000 -0.000000  0.349391  0.048764  0.000000
                                 0.186106  0.026949 -0.000000  0.000000  0.000000 -0.002415  0.000000  0.006840 -0.000000 -0.000000
                                -0.000000  0.349391 -0.048764 -0.000000  0.186106 -0.026949 -0.000000 -0.000000  0.000000  0.002415
                                -0.000000  0.006840 -0.000000  0.000000 -0.000000  0.204892 -0.087700 -0.000000  0.109410 -0.055877
                                -0.000000 -0.000000  0.000000  0.022522 -0.000000 -0.003243 -0.007874 -0.012641  0.007874  0.012641
                                 0.007874  0.012641 -0.007874 -0.012641

  13.1  1.46526    -0.559533     0.000000 -0.000000  0.000000  0.218258  0.045289 -0.000000  0.143762 -0.015179 -0.000000 -0.000000
                                 0.000000 -0.010247 -0.000000 -0.022123 -0.000000 -0.000000  0.000000  0.142344  0.324329 -0.000000
                                 0.083874  0.208988 -0.000000  0.000000 -0.000000  0.018177  0.000000 -0.015380  0.000000  0.000000
                                -0.000000 -0.142344  0.324329  0.000000 -0.083874  0.208988 -0.000000  0.000000  0.000000  0.018177
                                 0.000000  0.015380  0.000000  0.000000 -0.000000 -0.218258  0.045289 -0.000000 -0.143762 -0.015179
                                -0.000000 -0.000000  0.000000 -0.010247 -0.000000  0.022123 -0.046854 -0.036859  0.046854  0.036859
                                -0.046854 -0.036859  0.046854  0.036859

  14.1  1.41975    -0.458335     0.000000 -0.000000 -0.000000  0.222992  0.136073 -0.000000  0.147387  0.148146 -0.000000  0.000000
                                 0.000000 -0.022283  0.000000  0.016587  0.000000 -0.000000 -0.000000  0.226354 -0.254827 -0.000000
                                 0.175218 -0.204228  0.000000 -0.000000  0.000000  0.023338 -0.000000  0.024834  0.000000 -0.000000
                                 0.000000 -0.226354 -0.254827  0.000000 -0.175218 -0.204228  0.000000 -0.000000  0.000000  0.023338
                                -0.000000 -0.024834  0.000000 -0.000000  0.000000 -0.222992  0.136073  0.000000 -0.147387  0.148146
                                 0.000000  0.000000 -0.000000 -0.022283 -0.000000 -0.016587  0.057713  0.064232 -0.057713 -0.064232
                                 0.057713  0.064232 -0.057713 -0.064232

  15.1  0.11280    -0.127462    -0.000000 -0.000000  0.000000  0.385062  0.129093  0.000000  0.290109  0.021827 -0.000000 -0.000000
                                 0.000000 -0.014552  0.000000 -0.013574 -0.000000 -0.000000 -0.000000 -0.320628  0.133436 -0.000000
                                -0.173007  0.089937 -0.000000 -0.000000  0.000000  0.051677  0.000000  0.009047  0.000000  0.000000
                                -0.000000 -0.320628 -0.133436 -0.000000 -0.173007 -0.089937 -0.000000 -0.000000  0.000000 -0.051677
                                 0.000000  0.009047  0.000000  0.000000 -0.000000  0.385062 -0.129093 -0.000000  0.290109 -0.021827
                                -0.000000 -0.000000 -0.000000  0.014552  0.000000 -0.013574  0.028826  0.000223 -0.028826 -0.000223
                                -0.028826 -0.000223  0.028826  0.000223

  16.1  0.04987     0.020492     0.000000  0.000000 -0.000000 -0.135568 -0.111378  0.000000 -0.097223 -0.135966  0.000000 -0.000000
                                -0.000000  0.016772 -0.000000 -0.025997  0.000000 -0.000000 -0.000000  0.049888  0.591814  0.000000
                                 0.035114  0.336586  0.000000 -0.000000 -0.000000 -0.025381 -0.000000  0.007466 -0.000000  0.000000
                                 0.000000  0.049888 -0.591814  0.000000  0.035114 -0.336586  0.000000 -0.000000  0.000000  0.025381
                                -0.000000  0.007466 -0.000000  0.000000  0.000000 -0.135568  0.111378 -0.000000 -0.097223  0.135966
                                 0.000000  0.000000  0.000000 -0.016772 -0.000000 -0.025997  0.071579  0.061637 -0.071579 -0.061637
                                -0.071579 -0.061637  0.071579  0.061637

  17.1  0.04562     0.155576    -0.000000 -0.000000  0.000000  0.323089  0.119959  0.000000  0.261390  0.052685 -0.000000 -0.000000
                                 0.000000 -0.002709  0.000000 -0.001559 -0.000000  0.000000  0.000000 -0.594079 -0.062013 -0.000000
                                -0.264111 -0.021837 -0.000000 -0.000000 -0.000000  0.003455  0.000000 -0.000183  0.000000  0.000000
                                -0.000000  0.594079 -0.062013 -0.000000  0.264111 -0.021837 -0.000000  0.000000 -0.000000  0.003455
                                -0.000000  0.000183  0.000000 -0.000000 -0.000000 -0.323089  0.119959  0.000000 -0.261390  0.052685
                                -0.000000  0.000000  0.000000 -0.002709 -0.000000  0.001559 -0.012073  0.006934  0.012073 -0.006934
                                -0.012073  0.006934  0.012073 -0.006934

  18.1  0.00000     0.055623    -0.096104  0.164074  1.101224  0.000000 -0.000000  0.078382  0.000000 -0.000000  0.452468  0.000179
                                 0.004450 -0.000000  0.003903 -0.000000  0.041297 -0.037699 -0.436163 -0.000000  0.000000  0.052916
                                -0.000000  0.000000  0.218109  0.015007  0.006328  0.000000  0.004282  0.000000 -0.041297  0.037699
                                 0.436163  0.000000 -0.000000  0.052916  0.000000 -0.000000  0.218109 -0.015007  0.006328 -0.000000
                                -0.004282 -0.000000  0.096104 -0.164074 -1.101224  0.000000  0.000000  0.078382  0.000000  0.000000
                                 0.452468 -0.000179  0.004450 -0.000000 -0.003903 -0.000000  0.052910  0.880518  0.052910  0.880518
                                -0.052910 -0.880518 -0.052910 -0.880518

  19.1  0.00000     0.062373     0.086427 -0.133815 -1.123161 -0.000000  0.000000 -0.131800 -0.000000  0.000000 -0.536903  0.000330
                                -0.005056  0.000000 -0.004632 -0.000000 -0.003528 -0.067639 -0.041736  0.000000  0.000000  0.059428
                                 0.000000 -0.000000 -0.028139 -0.010194 -0.005188 -0.000000 -0.005920  0.000000 -0.003528 -0.067639
                                -0.041736 -0.000000 -0.000000 -0.059428 -0.000000  0.000000  0.028139 -0.010194  0.005188 -0.000000
                                -0.005920 -0.000000  0.086427 -0.133815 -1.123161  0.000000  0.000000  0.131800  0.000000 -0.000000
                                 0.536903  0.000330  0.005056 -0.000000 -0.004632 -0.000000  0.054326  0.920039  0.054326  0.920039
                                 0.054326  0.920039  0.054326  0.920039

  20.1  0.00000     0.128480     0.000000  0.000000 -0.000000 -0.112781  0.274250  0.000000 -0.490754  1.004886  0.000000 -0.000000
                                 0.000000  0.000508  0.000000 -0.011084 -0.000000  0.000000 -0.000000  0.029633  0.007029 -0.000000
                                 0.223048 -0.286543  0.000000 -0.000000  0.000000 -0.003441  0.000000  0.023959  0.000000 -0.000000
                                 0.000000 -0.029633  0.007029 -0.000000 -0.223048 -0.286543  0.000000  0.000000  0.000000 -0.003441
                                -0.000000 -0.023959 -0.000000 -0.000000  0.000000  0.112781  0.274250  0.000000  0.490754  1.004886
                                 0.000000  0.000000  0.000000  0.000508 -0.000000  0.011084 -0.021516 -1.132139  0.021516  1.132139
                                -0.021516 -1.132139  0.021516  1.132139

  21.1  0.00000     0.153479    -0.000000  0.000000  0.000000 -0.118826  0.271795 -0.000000 -0.451621  1.157616 -0.000000 -0.000000
                                -0.000000  0.003953 -0.000000  0.003065  0.000000 -0.000000  0.000000 -0.015441 -0.070597  0.000000
                                 0.122059 -0.572174 -0.000000  0.000000  0.000000 -0.008062  0.000000  0.007368 -0.000000  0.000000
                                -0.000000 -0.015441  0.070597  0.000000  0.122059  0.572174 -0.000000 -0.000000 -0.000000  0.008062
                                 0.000000  0.007368  0.000000  0.000000 -0.000000 -0.118826 -0.271795 -0.000000 -0.451621 -1.157616
                                -0.000000 -0.000000 -0.000000 -0.003953  0.000000  0.003065  0.001386  1.204286 -0.001386 -1.204286
                                -0.001386 -1.204286  0.001386  1.204286

  22.1  0.00000     0.195558    -0.048355  0.120602  2.206921 -0.000000  0.000000 -0.269073 -0.000000  0.000000 -1.734816 -0.008763
                                -0.011057 -0.000000 -0.010248 -0.000000  0.129499 -0.189569 -1.703555  0.000000  0.000000  0.210253
                                 0.000000  0.000000 -2.250602  0.052591 -0.003441  0.000000 -0.002769  0.000000 -0.129499  0.189569
                                 1.703555 -0.000000 -0.000000  0.210253 -0.000000 -0.000000 -2.250602 -0.052591 -0.003441 -0.000000
                                 0.002769 -0.000000  0.048355 -0.120602 -2.206921  0.000000  0.000000 -0.269073  0.000000  0.000000
                                -1.734816  0.008763 -0.011057  0.000000  0.010248  0.000000 -0.036701 -0.349672 -0.036701 -0.349672
                                 0.036701  0.349672  0.036701  0.349672

  23.1  0.00000     0.285405     0.038651  0.246848 -6.241451  0.000000 -0.000000 -0.236470  0.000000 -0.000000  3.327138  0.005245
                                 0.012852  0.000000  0.010633  0.000000  0.036329  0.184371 -1.783120 -0.000000 -0.000000  0.250245
                                -0.000000  0.000000  7.730207  0.028934  0.001349  0.000000  0.000533 -0.000000 -0.036329 -0.184371
                                 1.783120  0.000000 -0.000000  0.250245  0.000000  0.000000  7.730207 -0.028934  0.001349  0.000000
                                -0.000533  0.000000 -0.038651 -0.246848  6.241451 -0.000000 -0.000000 -0.236470 -0.000000 -0.000000
                                 3.327138 -0.005245  0.012852 -0.000000 -0.010633 -0.000000  0.027639  0.039548  0.027639  0.039548
                                -0.027639 -0.039548 -0.027639 -0.039548

  24.1  0.00000     0.291711     0.066862  0.097709 -3.584851  0.000000 -0.000000 -0.075332  0.000000 -0.000000  2.704576  0.010253
                                 0.018000 -0.000000  0.015660  0.000000 -0.046772  0.088960  4.048754  0.000000  0.000000  0.199590
                                -0.000000  0.000000  2.237749  0.015023  0.002752  0.000000  0.002310 -0.000000 -0.046772  0.088960
                                 4.048754  0.000000 -0.000000 -0.199590 -0.000000 -0.000000 -2.237749  0.015023 -0.002752 -0.000000
                                 0.002310 -0.000000  0.066862  0.097709 -3.584851  0.000000  0.000000  0.075332  0.000000  0.000000
                                -2.704576  0.010253 -0.018000  0.000000  0.015660 -0.000000 -0.066774 -0.168604 -0.066774 -0.168604
                                -0.066774 -0.168604 -0.066774 -0.168604

  25.1  0.00000     0.390001    -0.009022  0.290001  0.090935 -0.000000  0.000000 -0.315823  0.000000 -0.000000 -0.126692 -0.008322
                                -0.011164  0.000000 -0.010356  0.000000  0.012380  0.817591 -1.225734 -0.000000 -0.000000 -0.226604
                                -0.000000 -0.000000 -0.183273  0.083318 -0.002679 -0.000000 -0.002457 -0.000000  0.012380  0.817591
                                -1.225734 -0.000000 -0.000000  0.226604  0.000000  0.000000  0.183273  0.083318  0.002679  0.000000
                                -0.002457  0.000000 -0.009022  0.290001  0.090935 -0.000000 -0.000000  0.315823 -0.000000 -0.000000
                                 0.126692 -0.008322  0.011164 -0.000000 -0.010356 -0.000000  0.060436  0.142279  0.060436  0.142279
                                 0.060436  0.142279  0.060436  0.142279

  26.1  0.00000     0.490727    -0.000000 -0.000000 -0.000000 -0.409873 -0.179470  0.000000  0.379675  0.118104  0.000000  0.000000
                                 0.000000  0.048644  0.000000  0.007391  0.000000 -0.000000 -0.000000 -0.543203 -0.007682 -0.000000
                                 0.453684 -0.030285  0.000000 -0.000000  0.000000 -0.011560  0.000000 -0.014112 -0.000000  0.000000
                                 0.000000 -0.543203  0.007682 -0.000000  0.453684  0.030285  0.000000  0.000000  0.000000  0.011560
                                -0.000000 -0.014112  0.000000  0.000000  0.000000 -0.409873  0.179470  0.000000  0.379675 -0.118104
                                 0.000000  0.000000 -0.000000 -0.048644  0.000000  0.007391 -0.006320 -0.090574  0.006320  0.090574
                                 0.006320  0.090574 -0.006320 -0.090574

  27.1  0.00000     0.518592    -0.000000 -0.000000 -0.000000 -0.345351 -0.239560  0.000000  0.325953  0.383627  0.000000 -0.000000
                                 0.000000  0.016872  0.000000  0.030177  0.000000 -0.000000 -0.000000 -0.018684 -0.570899 -0.000000
                                -0.078030  0.462151  0.000000 -0.000000  0.000000 -0.028705 -0.000000  0.021018 -0.000000  0.000000
                                 0.000000  0.018684 -0.570899 -0.000000  0.078030  0.462151  0.000000  0.000000  0.000000 -0.028705
                                -0.000000 -0.021018  0.000000  0.000000  0.000000  0.345351 -0.239560  0.000000 -0.325953  0.383627
                                 0.000000  0.000000  0.000000  0.016872 -0.000000 -0.030177 -0.043160 -0.191927  0.043160  0.191927
                                -0.043160 -0.191927  0.043160  0.191927

  28.1  0.00000     0.571316     0.000000  0.000000  0.000000 -0.555296 -0.112162 -0.000000  0.777978 -0.023979 -0.000000  0.000000
                                -0.000000  0.022118 -0.000000 -0.000342 -0.000000  0.000000  0.000000 -0.184109  0.393274  0.000000
                                 0.022528 -0.372111 -0.000000  0.000000 -0.000000 -0.049398 -0.000000 -0.048036  0.000000 -0.000000
                                -0.000000  0.184109  0.393274  0.000000 -0.022528 -0.372111 -0.000000 -0.000000 -0.000000 -0.049398
                                 0.000000  0.048036 -0.000000 -0.000000 -0.000000  0.555296 -0.112162 -0.000000 -0.777978 -0.023979
                                -0.000000 -0.000000 -0.000000  0.022118  0.000000  0.000342  0.065916  0.206045 -0.065916 -0.206045
                                 0.065916  0.206045 -0.065916 -0.206045

  29.1  0.00000     0.601672    -0.000000 -0.000000 -0.000000  0.305581  0.330985 -0.000000 -0.429540 -0.583686  0.000000 -0.000000
                                 0.000000 -0.009183  0.000000  0.001518  0.000000 -0.000000 -0.000000 -0.346271  0.343431 -0.000000
                                 0.478586 -0.452224  0.000000 -0.000000  0.000000  0.059620  0.000000  0.030075 -0.000000  0.000000
                                 0.000000 -0.346271 -0.343431 -0.000000  0.478586  0.452224  0.000000 -0.000000  0.000000 -0.059620
                                -0.000000  0.030075  0.000000  0.000000  0.000000  0.305581 -0.330985 -0.000000 -0.429540  0.583686
                                 0.000000  0.000000  0.000000  0.009183 -0.000000  0.001518 -0.112911 -0.198804  0.112911  0.198804
                                 0.112911  0.198804 -0.112911 -0.198804

  30.1  0.00000     0.642158    -0.037433 -0.476007 -2.073928 -0.000000 -0.000000 -0.044995  0.000000  0.000000  1.230195 -0.065975
                                 0.072249  0.000000  0.061907  0.000000  0.046937 -0.609545 -1.099202  0.000000  0.000000 -0.177831
                                 0.000000 -0.000000  4.286416  0.022483  0.013509 -0.000000  0.011050 -0.000000 -0.046937  0.609545
                                 1.099202  0.000000  0.000000 -0.177831 -0.000000 -0.000000  4.286416 -0.022483  0.013509  0.000000
                                -0.011050  0.000000  0.037433  0.476007  2.073928 -0.000000 -0.000000 -0.044995  0.000000  0.000000
                                 1.230195  0.065975  0.072249 -0.000000 -0.061907 -0.000000  0.358029  0.010565  0.358029  0.010565
                                -0.358029 -0.010565 -0.358029 -0.010565

  31.1  0.00000     0.655863     0.000000  0.000000  0.000000 -0.348421  0.007609  0.000000  0.755664  0.071809 -0.000000  0.000000
                                -0.000000 -0.015209 -0.000000  0.022855 -0.000000  0.000000 -0.000000  0.264371  0.486609  0.000000
                                -0.483691 -1.045455 -0.000000 -0.000000 -0.000000 -0.036437 -0.000000  0.004805  0.000000 -0.000000
                                -0.000000  0.264371 -0.486609 -0.000000 -0.483691  1.045455 -0.000000 -0.000000  0.000000  0.036437
                                 0.000000  0.004805  0.000000  0.000000 -0.000000 -0.348421 -0.007609 -0.000000  0.755664 -0.071809
                                 0.000000  0.000000  0.000000  0.015209 -0.000000  0.022855 -0.148407 -0.111365  0.148407  0.111365
                                 0.148407  0.111365 -0.148407 -0.111365

  32.1  0.00000     0.682945    -0.000000 -0.000000  0.000000  0.058473  0.177608 -0.000000 -0.592069 -0.566432 -0.000000  0.000000
                                 0.000000 -0.024866  0.000000  0.052575  0.000000 -0.000000  0.000000 -0.546455 -0.144567  0.000000
                                 1.546341  0.329411 -0.000000  0.000000  0.000000  0.001561  0.000000 -0.019458 -0.000000  0.000000
                                -0.000000  0.546455 -0.144567 -0.000000 -1.546341  0.329411 -0.000000 -0.000000  0.000000  0.001561
                                -0.000000  0.019458  0.000000  0.000000 -0.000000 -0.058473  0.177608 -0.000000  0.592069 -0.566432
                                -0.000000  0.000000  0.000000 -0.024866 -0.000000 -0.052575  0.187160 -0.014225 -0.187160  0.014225
                                 0.187160 -0.014225 -0.187160  0.014225

  33.1  0.00000     0.688498    -0.046948 -0.457430  0.201070 -0.000000 -0.000000 -0.206330  0.000000  0.000000  0.423091 -0.079911
                                 0.083294 -0.000000  0.071289  0.000000  0.027094 -0.193784  0.636355  0.000000  0.000000 -0.390658
                                -0.000000 -0.000000  0.785208  0.062642  0.013196  0.000000  0.014973  0.000000  0.027094 -0.193784
                                 0.636355  0.000000 -0.000000  0.390658 -0.000000  0.000000 -0.785208  0.062642 -0.013196 -0.000000
                                 0.014973 -0.000000 -0.046948 -0.457430  0.201070  0.000000  0.000000  0.206330 -0.000000 -0.000000
                                -0.423091 -0.079911 -0.083294  0.000000  0.071289  0.000000 -0.402570  0.040870 -0.402570  0.040870
                                -0.402570  0.040870 -0.402570  0.040870

  34.1  0.00000     0.849550    -0.000000  0.000000  0.000000 -0.010833 -0.010040  0.000000 -0.561233  0.437601 -0.000000  0.000000
                                 0.000000  0.040064  0.000000 -0.176065 -0.000000  0.000000  0.000000 -0.257325  0.046658  0.000000
                                 1.023142 -0.248374 -0.000000  0.000000  0.000000 -0.015889  0.000000  0.145740  0.000000  0.000000
                                -0.000000  0.257325  0.046658  0.000000 -1.023142 -0.248374 -0.000000 -0.000000  0.000000 -0.015889
                                -0.000000 -0.145740  0.000000  0.000000 -0.000000  0.010833 -0.010040 -0.000000  0.561233  0.437601
                                -0.000000 -0.000000  0.000000  0.040064 -0.000000  0.176065 -0.495293  0.239875  0.495293 -0.239875
                                -0.495293  0.239875  0.495293 -0.239875

  35.1  0.00000     0.854212     0.000000  0.000000 -0.000000 -0.318848  0.675099  0.000000  0.707273 -1.574108  0.000000 -0.000000
                                -0.000000  0.040414 -0.000000 -0.085512  0.000000  0.000000 -0.000000  0.050717 -0.149040 -0.000000
                                -0.176210  0.708735  0.000000 -0.000000 -0.000000 -0.048541 -0.000000  0.065960 -0.000000 -0.000000
                                 0.000000  0.050717  0.149040 -0.000000 -0.176210 -0.708735  0.000000  0.000000 -0.000000  0.048541
                                 0.000000  0.065960 -0.000000 -0.000000  0.000000 -0.318848 -0.675099  0.000000  0.707273  1.574108
                                 0.000000  0.000000 -0.000000 -0.040414  0.000000 -0.085512  0.349556 -1.143469 -0.349556  1.143469
                                -0.349556  1.143469  0.349556 -1.143469

  36.1  0.00000     0.866088    -0.000000 -0.000000  0.000000 -0.303295  0.759314 -0.000000  1.000661 -1.842673 -0.000000  0.000000
                                 0.000000  0.023013  0.000000 -0.010216 -0.000000  0.000000  0.000000  0.156239 -0.160974  0.000000
                                -0.738018  0.526608 -0.000000  0.000000  0.000000 -0.024251  0.000000  0.049565  0.000000 -0.000000
                                -0.000000 -0.156239 -0.160974  0.000000  0.738018  0.526608 -0.000000 -0.000000  0.000000 -0.024251
                                -0.000000 -0.049565  0.000000  0.000000 -0.000000  0.303295  0.759314 -0.000000 -1.000661 -1.842673
                                -0.000000 -0.000000  0.000000  0.023013 -0.000000  0.010216 -0.145026  1.128301  0.145026 -1.128301
                                -0.145026  1.128301  0.145026 -1.128301

  37.1  0.00000     0.918511    -0.023267  0.899326 -1.189650  0.000000 -0.000000  0.439645 -0.000000  0.000000 -0.791175  0.070134
                                 0.059510  0.000000  0.052575 -0.000000 -0.000975  0.202340 -0.116593 -0.000000  0.000000  0.118520
                                 0.000000 -0.000000 -0.645421 -0.018272 -0.015720 -0.000000 -0.007275  0.000000  0.000975 -0.202340
                                 0.116593  0.000000  0.000000  0.118520 -0.000000 -0.000000 -0.645421  0.018272 -0.015720  0.000000
                                 0.007275  0.000000  0.023267 -0.899326  1.189650 -0.000000 -0.000000  0.439645  0.000000  0.000000
                                -0.791175 -0.070134  0.059510 -0.000000 -0.052575 -0.000000  0.405993 -0.914460  0.405993 -0.914460
                                -0.405993  0.914460 -0.405993  0.914460

  38.1  0.00000     0.918628    -0.020473  0.877448 -1.497168 -0.000000  0.000000  0.478846  0.000000 -0.000000 -0.695438  0.070011
                                 0.057947  0.000000  0.049531  0.000000 -0.003141  0.246336 -0.374092  0.000000 -0.000000  0.100718
                                -0.000000  0.000000 -0.143815 -0.015921 -0.009258 -0.000000 -0.013702 -0.000000 -0.003141  0.246336
                                -0.374092 -0.000000 -0.000000 -0.100718  0.000000  0.000000  0.143815 -0.015921  0.009258  0.000000
                                -0.013702  0.000000 -0.020473  0.877448 -1.497168  0.000000  0.000000 -0.478846 -0.000000 -0.000000
                                 0.695438  0.070011 -0.057947 -0.000000  0.049531 -0.000000 -0.395983  0.907618 -0.395983  0.907618
                                -0.395983  0.907618 -0.395983  0.907618

  39.1  0.00000     0.994864    -0.035640  0.754543  0.227715 -0.000000  0.000000 -0.536101  0.000000 -0.000000  0.027512 -0.061648
                                 0.002053 -0.000000  0.000772  0.000000  0.046385 -0.760066 -0.353793  0.000000 -0.000000  0.059442
                                -0.000000  0.000000 -1.239632  0.073605 -0.002437  0.000000 -0.004921 -0.000000  0.046385 -0.760066
                                -0.353793 -0.000000  0.000000 -0.059442  0.000000 -0.000000  1.239632  0.073605  0.002437 -0.000000
                                -0.004921 -0.000000 -0.035640  0.754543  0.227715  0.000000  0.000000  0.536101 -0.000000 -0.000000
                                -0.027512 -0.061648 -0.002053  0.000000  0.000772  0.000000 -0.044529  0.128966 -0.044529  0.128966
                                -0.044529  0.128966 -0.044529  0.128966

  40.1  0.00000     1.063354    -0.048223 -0.391726  8.437317 -0.000000 -0.000000 -0.472195 -0.000000 -0.000000 -3.041119 -0.011589
                                 0.099183 -0.000000  0.082644  0.000000 -0.014812  0.926453  0.534522 -0.000000 -0.000000 -0.315043
                                 0.000000  0.000000 -9.712631 -0.013912  0.026507  0.000000  0.016752  0.000000  0.014812 -0.926453
                                -0.534522  0.000000  0.000000 -0.315043 -0.000000 -0.000000 -9.712631  0.013912  0.026507 -0.000000
                                -0.016752  0.000000  0.048223  0.391726 -8.437317 -0.000000 -0.000000 -0.472195  0.000000  0.000000
                                -3.041119  0.011589  0.099183  0.000000 -0.082644  0.000000  0.250156 -0.087184  0.250156 -0.087184
                                -0.250156  0.087184 -0.250156  0.087184

  41.1  0.00000     1.069499     0.000000 -0.000000 -0.000000 -0.233161  0.261568  0.000000  0.671411 -1.938084  0.000000  0.000000
                                -0.000000 -0.166612 -0.000000  0.107704  0.000000 -0.000000 -0.000000  0.032714 -0.278597  0.000000
                                -0.204156  1.893332  0.000000 -0.000000 -0.000000  0.166547 -0.000000 -0.020536 -0.000000  0.000000
                                -0.000000  0.032714  0.278597  0.000000 -0.204156 -1.893332  0.000000 -0.000000 -0.000000 -0.166547
                                 0.000000 -0.020536 -0.000000 -0.000000  0.000000 -0.233161 -0.261568  0.000000  0.671411  1.938084
                                 0.000000  0.000000 -0.000000  0.166612  0.000000  0.107704 -0.418564 -0.487509  0.418564  0.487509
                                 0.418564  0.487509 -0.418564 -0.487509

  42.1  0.00000     1.155799     0.002105 -0.963978  9.329779  0.000000 -0.000000  0.198484 -0.000000  0.000000 -3.491041  0.177123
                                 0.074657 -0.000000  0.061149 -0.000000 -0.012471 -0.047325  3.282309 -0.000000  0.000000  0.859495
                                 0.000000 -0.000000-11.749961  0.010604  0.029963 -0.000000  0.016411  0.000000  0.012471  0.047325
                                -3.282309  0.000000  0.000000  0.859495 -0.000000 -0.000000-11.749961 -0.010604  0.029963  0.000000
                                -0.016411 -0.000000 -0.002105  0.963978 -9.329779 -0.000000 -0.000000  0.198484  0.000000  0.000000
                                -3.491041 -0.177123  0.074657 -0.000000 -0.061149 -0.000000  0.111749  0.039006  0.111749  0.039006
                                -0.111749 -0.039006 -0.111749 -0.039006

  43.1  0.00000     1.241292     0.043639  0.844025 -8.162801 -0.000000  0.000000  0.171179  0.000000 -0.000000  3.305214 -0.141163
                                -0.128110 -0.000000 -0.113847  0.000000 -0.023393 -0.538532  7.961633  0.000000 -0.000000 -0.577097
                                -0.000000  0.000000  5.598404  0.113849 -0.035621  0.000000 -0.049814 -0.000000 -0.023393 -0.538532
                                 7.961633  0.000000  0.000000  0.577097 -0.000000 -0.000000 -5.598404  0.113849  0.035621 -0.000000
                                -0.049814  0.000000  0.043639  0.844025 -8.162801 -0.000000 -0.000000 -0.171179  0.000000  0.000000
                                -3.305214 -0.141163  0.128110  0.000000 -0.113847 -0.000000  0.183525 -0.036384  0.183525 -0.036384
                                 0.183525 -0.036384  0.183525 -0.036384

  44.1  0.00000     1.428655    -0.000000 -0.000000  0.000000 -0.145304 -0.167654 -0.000000 -0.343384  1.128891 -0.000000  0.000000
                                 0.000000 -0.262419  0.000000 -0.181725 -0.000000 -0.000000 -0.000000  0.018071  0.093657  0.000000
                                 0.142921 -1.028508 -0.000000  0.000000  0.000000  0.441203  0.000000  0.066773  0.000000  0.000000
                                -0.000000  0.018071 -0.093657 -0.000000  0.142921  1.028508 -0.000000 -0.000000  0.000000 -0.441203
                                 0.000000  0.066773 -0.000000 -0.000000  0.000000 -0.145304  0.167654 -0.000000 -0.343384 -1.128891
                                 0.000000  0.000000 -0.000000  0.262419  0.000000 -0.181725  0.261467  0.312937 -0.261467 -0.312937
                                -0.261467 -0.312937  0.261467  0.312937

  45.1  0.00000     1.490375     0.008459  0.126122 -0.865032  0.000000  0.000000  0.025057  0.000000 -0.000000  0.253374 -0.010990
                                -0.194926  0.000000  0.314733  0.000000 -0.002773 -0.042700  0.713280  0.000000 -0.000000 -0.041070
                                -0.000000  0.000000  0.493161  0.010106 -0.099275 -0.000000  0.540109 -0.000000 -0.002773 -0.042700
                                 0.713280 -0.000000  0.000000  0.041070 -0.000000 -0.000000 -0.493161  0.010106  0.099275  0.000000
                                 0.540109  0.000000  0.008459  0.126122 -0.865032 -0.000000 -0.000000 -0.025057  0.000000  0.000000
                                -0.253374 -0.010990  0.194926 -0.000000  0.314733  0.000000  0.053472  0.040254  0.053472  0.040254
                                 0.053472  0.040254  0.053472  0.040254

  46.1  0.00000     1.497420     0.007506  0.158775 -0.530891  0.000000  0.000000 -0.005711  0.000000 -0.000000  0.110020 -0.009853
                                 0.290357  0.000000 -0.220177  0.000000 -0.004206 -0.101038  0.511311  0.000000 -0.000000 -0.014770
                                -0.000000  0.000000  0.064943  0.013484  0.541514 -0.000000 -0.116769 -0.000000  0.004206  0.101038
                                -0.511311 -0.000000  0.000000 -0.014770 -0.000000 -0.000000  0.064943 -0.013484  0.541514  0.000000
                                 0.116769 -0.000000 -0.007506 -0.158775  0.530891  0.000000 -0.000000 -0.005711  0.000000  0.000000
                                 0.110020  0.009853  0.290357 -0.000000  0.220177  0.000000 -0.057290 -0.055028 -0.057290 -0.055028
                                 0.057290  0.055028  0.057290  0.055028

  47.1  0.00000     1.595269     0.000000  0.000000  0.000000 -0.086741 -0.112703 -0.000000  0.552862 -0.713519 -0.000000 -0.000000
                                 0.000000 -0.207754  0.000000 -0.187792 -0.000000 -0.000000  0.000000  0.006534  0.033965  0.000000
                                -0.574066  0.277445 -0.000000  0.000000  0.000000  0.093950  0.000000  0.509886  0.000000  0.000000
                                -0.000000 -0.006534  0.033965  0.000000  0.574066  0.277445 -0.000000 -0.000000  0.000000  0.093950
                                -0.000000 -0.509886 -0.000000 -0.000000 -0.000000  0.086741 -0.112703 -0.000000 -0.552862 -0.713519
                                -0.000000  0.000000  0.000000 -0.207754 -0.000000  0.187792  0.339543  0.197590 -0.339543 -0.197590
                                 0.339543  0.197590 -0.339543 -0.197590

  48.1  0.00000     1.611199     0.001734  0.556763 10.495278  0.000000  0.000000 -0.548937 -0.000000  0.000000 -3.553562 -0.019814
                                 0.016961  0.000000  0.188366  0.000000 -0.077817 -1.194554 12.642992 -0.000000 -0.000000  0.145799
                                 0.000000 -0.000000-19.572133  0.229531  0.044717 -0.000000  0.129414 -0.000000  0.077817  1.194554
                               -12.642992  0.000000 -0.000000  0.145799 -0.000000 -0.000000-19.572133 -0.229531  0.044717 -0.000000
                                -0.129414  0.000000 -0.001734 -0.556763-10.495278 -0.000000  0.000000 -0.548937  0.000000  0.000000
                                -3.553562  0.019814  0.016961  0.000000 -0.188366 -0.000000  0.022468 -0.112178  0.022468 -0.112178
                                -0.022468  0.112178 -0.022468  0.112178

  49.1  0.00000     1.669179    -0.014518 -0.011831  5.495137  0.000000 -0.000000 -0.226450 -0.000000  0.000000 -1.752884  0.012706
                                 0.152487  0.000000 -0.392327  0.000000 -0.026978 -0.349592  4.652748 -0.000000 -0.000000  0.078468
                                 0.000000 -0.000000 -8.682903  0.077302 -0.330501 -0.000000 -0.380442 -0.000000  0.026978  0.349592
                                -4.652748  0.000000  0.000000  0.078468 -0.000000 -0.000000 -8.682903 -0.077302 -0.330501 -0.000000
                                 0.380442  0.000000  0.014518  0.011831 -5.495137 -0.000000 -0.000000 -0.226450  0.000000  0.000000
                                -1.752884 -0.012706  0.152487  0.000000  0.392327 -0.000000  0.140030  0.024721  0.140030  0.024721
                                -0.140030 -0.024721 -0.140030 -0.024721

  50.1  0.00000     1.684167     0.018400  0.223857 -1.579641 -0.000000  0.000000  0.041125  0.000000 -0.000000  0.449069 -0.021563
                                 0.403421 -0.000000 -0.179065 -0.000000 -0.005780 -0.070967  1.289482 -0.000000 -0.000000 -0.069182
                                -0.000000  0.000000  0.893215  0.015605  0.425514  0.000000  0.316205  0.000000 -0.005780 -0.070967
                                 1.289482  0.000000  0.000000  0.069182  0.000000 -0.000000 -0.893215  0.015605 -0.425514  0.000000
                                 0.316205 -0.000000  0.018400  0.223857 -1.579641  0.000000 -0.000000 -0.041125 -0.000000  0.000000
                                -0.449069 -0.021563 -0.403421 -0.000000 -0.179065  0.000000  0.138779  0.062473  0.138779  0.062473
                                 0.138779  0.062473  0.138779  0.062473

  51.1  0.00000     1.825181     0.000000 -0.000000 -0.000000  0.156058 -0.055226  0.000000 -0.118342 -0.309611  0.000000 -0.000000
                                -0.000000  0.544896 -0.000000  0.012269  0.000000  0.000000 -0.000000  0.109705  0.030693 -0.000000
                                 0.315919  0.138433  0.000000 -0.000000  0.000000 -0.324739  0.000000  0.228922 -0.000000 -0.000000
                                 0.000000 -0.109705  0.030693 -0.000000 -0.315919  0.138433  0.000000  0.000000  0.000000 -0.324739
                                 0.000000 -0.228922  0.000000  0.000000  0.000000 -0.156058 -0.055226  0.000000  0.118342 -0.309611
                                 0.000000  0.000000 -0.000000  0.544896 -0.000000 -0.012269  0.226974  0.004135 -0.226974 -0.004135
                                 0.226974  0.004135 -0.226974 -0.004135

  52.1  0.00000     1.931891     0.014096  0.142456 -1.043267 -0.000000  0.000000  0.017798  0.000000 -0.000000  0.311666 -0.024421
                                -0.144965  0.000000  0.478571  0.000000 -0.003835 -0.037904  0.861873  0.000000  0.000000 -0.043027
                                -0.000000  0.000000  0.596522  0.002700  0.487803 -0.000000 -0.253723  0.000000 -0.003835 -0.037904
                                 0.861873 -0.000000  0.000000  0.043027 -0.000000 -0.000000 -0.596522  0.002700 -0.487803 -0.000000
                                -0.253723 -0.000000  0.014096  0.142456 -1.043267 -0.000000 -0.000000 -0.017798  0.000000  0.000000
                                -0.311666 -0.024421  0.144965  0.000000  0.478571  0.000000  0.122395  0.020108  0.122395  0.020108
                                 0.122395  0.020108  0.122395  0.020108

  53.1  0.00000     1.954283     0.012014  0.083063 -2.077380 -0.000000  0.000000  0.062922 -0.000000  0.000000  0.655749 -0.021312
                                 0.427381  0.000000 -0.224233  0.000000  0.005505  0.045027 -1.121813  0.000000  0.000000 -0.019240
                                 0.000000 -0.000000  2.813699 -0.016330 -0.212881  0.000000  0.530106 -0.000000 -0.005505 -0.045027
                                 1.121813  0.000000 -0.000000 -0.019240  0.000000  0.000000  2.813699  0.016330 -0.212881 -0.000000
                                -0.530106 -0.000000 -0.012014 -0.083063  2.077380 -0.000000 -0.000000  0.062922 -0.000000 -0.000000
                                 0.655749  0.021312  0.427381 -0.000000  0.224233  0.000000 -0.118405 -0.008748 -0.118405 -0.008748
                                 0.118405  0.008748  0.118405  0.008748

  54.1  0.00000     1.968919    -0.000000 -0.000000  0.000000 -0.041420  0.126693 -0.000000 -0.268905  0.419198 -0.000000  0.000000
                                -0.000000  0.056929  0.000000  0.525137 -0.000000 -0.000000  0.000000  0.037749  0.182654  0.000000
                                 0.116264 -0.197950 -0.000000  0.000000  0.000000  0.193127 -0.000000 -0.378455  0.000000  0.000000
                                -0.000000  0.037749 -0.182654  0.000000  0.116264  0.197950 -0.000000 -0.000000  0.000000 -0.193127
                                 0.000000 -0.378455  0.000000  0.000000 -0.000000 -0.041420 -0.126693 -0.000000 -0.268905 -0.419198
                                -0.000000 -0.000000 -0.000000 -0.056929 -0.000000  0.525137  0.383104  0.038875 -0.383104 -0.038875
                                -0.383104 -0.038875  0.383104  0.038875

  55.1  0.00000     2.203686    -0.037892 -0.478627  1.795982  0.000000 -0.000000  0.108279 -0.000000  0.000000 -0.796091  0.514965
                                -0.266415 -0.000000 -0.182971 -0.000000 -0.006827 -0.422023 -1.169949 -0.000000 -0.000000 -0.030445
                                 0.000000 -0.000000 -0.796280  0.357635  0.172861  0.000000  0.056488 -0.000000 -0.006827 -0.422023
                                -1.169949  0.000000 -0.000000  0.030445 -0.000000  0.000000  0.796280  0.357635 -0.172861  0.000000
                                 0.056488  0.000000 -0.037892 -0.478627  1.795982  0.000000  0.000000 -0.108279  0.000000  0.000000
                                 0.796091  0.514965  0.266415 -0.000000 -0.182971  0.000000 -0.132725 -0.035223 -0.132725 -0.035223
                                -0.132725 -0.035223 -0.132725 -0.035223

  56.1  0.00000     2.254009     0.040107  0.233288 -5.403202 -0.000000  0.000000  0.158635  0.000000 -0.000000  1.809398 -0.169810
                                 0.480741 -0.000000  0.478049 -0.000000  0.012728  0.099896 -2.420158 -0.000000 -0.000000  0.056758
                                -0.000000  0.000000  7.020168 -0.056852 -0.148177 -0.000000 -0.289049  0.000000 -0.012728 -0.099896
                                 2.420158 -0.000000  0.000000  0.056758  0.000000  0.000000  7.020168  0.056852 -0.148177  0.000000
                                 0.289049 -0.000000 -0.040107 -0.233288  5.403202  0.000000  0.000000  0.158635 -0.000000 -0.000000
                                 1.809398  0.169810  0.480741  0.000000 -0.478049 -0.000000 -0.382590  0.040025 -0.382590  0.040025
                                 0.382590 -0.040025  0.382590 -0.040025

  57.1  0.00000     2.264549     0.020474  0.064339 -1.827639 -0.000000  0.000000  0.101172  0.000000 -0.000000  0.450166  0.251379
                                 0.486741 -0.000000  0.356639  0.000000 -0.017219 -0.380774  1.806384 -0.000000  0.000000 -0.138010
                                -0.000000  0.000000  1.245776  0.233699 -0.286579 -0.000000 -0.110296  0.000000 -0.017219 -0.380774
                                 1.806384 -0.000000  0.000000  0.138010 -0.000000 -0.000000 -1.245776  0.233699  0.286579  0.000000
                                -0.110296 -0.000000  0.020474  0.064339 -1.827639 -0.000000 -0.000000 -0.101172  0.000000  0.000000
                                -0.450166  0.251379 -0.486741  0.000000  0.356639 -0.000000  0.354017 -0.052023  0.354017 -0.052023
                                 0.354017 -0.052023  0.354017 -0.052023

  58.1  0.00000     2.371024     0.000000  0.000000 -0.000000 -0.084038 -0.024497  0.000000 -0.068057 -0.262620  0.000000 -0.000000
                                 0.000000  0.735302  0.000000 -0.067501  0.000000  0.000000 -0.000000  0.229393 -0.051258  0.000000
                                 0.077977  0.216139  0.000000 -0.000000 -0.000000  0.488695 -0.000000  0.112238 -0.000000 -0.000000
                                 0.000000  0.229393  0.051258  0.000000  0.077977 -0.216139  0.000000  0.000000 -0.000000 -0.488695
                                 0.000000  0.112238 -0.000000 -0.000000  0.000000 -0.084038  0.024497  0.000000 -0.068057  0.262620
                                 0.000000  0.000000  0.000000 -0.735302 -0.000000 -0.067501 -0.182672 -0.007392  0.182672  0.007392
                                 0.182672  0.007392 -0.182672 -0.007392

  59.1  0.00000     2.464582    -0.000000 -0.000000  0.000000 -0.028110 -0.056481 -0.000000 -0.149960  0.092231 -0.000000 -0.000000
                                -0.000000 -0.039898 -0.000000  0.793105 -0.000000  0.000000 -0.000000 -0.038989  0.243305  0.000000
                                 0.138214  0.000656 -0.000000  0.000000  0.000000  0.085691  0.000000  0.421997  0.000000  0.000000
                                -0.000000  0.038989  0.243305 -0.000000 -0.138214  0.000656 -0.000000 -0.000000 -0.000000  0.085691
                                 0.000000 -0.421997 -0.000000 -0.000000  0.000000  0.028110 -0.056481 -0.000000  0.149960  0.092231
                                 0.000000 -0.000000  0.000000 -0.039898 -0.000000 -0.793105 -0.300730  0.060126  0.300730 -0.060126
                                -0.300730  0.060126  0.300730 -0.060126

  60.1  0.00000     2.492746    -0.027103 -0.092001 -1.611804 -0.000000  0.000000 -0.105694  0.000000 -0.000000  0.235809  0.782470
                                 0.108992  0.000000  0.099083 -0.000000 -0.005516 -0.208962 -2.438412  0.000000  0.000000 -0.795439
                                -0.000000 -0.000000  3.686423  0.161054 -0.028637  0.000000 -0.042451  0.000000  0.005516  0.208962
                                 2.438412  0.000000 -0.000000 -0.795439  0.000000  0.000000  3.686423 -0.161054 -0.028637 -0.000000
                                 0.042451  0.000000  0.027103  0.092001  1.611804  0.000000  0.000000 -0.105694 -0.000000 -0.000000
                                 0.235809 -0.782470  0.108992 -0.000000 -0.099083  0.000000 -0.145033  0.049341 -0.145033  0.049341
                                 0.145033 -0.049341  0.145033 -0.049341

  61.1  0.00000     3.006343     0.030089 -0.431878 -1.337127  0.000000  0.000000  0.710215  0.000000 -0.000000  0.748897 -0.783507
                                -0.009578 -0.000000 -0.008017  0.000000 -0.026340  0.269169  1.529147  0.000000 -0.000000  0.848686
                                -0.000000  0.000000  0.657183  0.775002  0.000228 -0.000000 -0.000316  0.000000 -0.026340  0.269169
                                 1.529147 -0.000000  0.000000 -0.848686  0.000000 -0.000000 -0.657183  0.775002 -0.000228 -0.000000
                                -0.000316  0.000000  0.030089 -0.431878 -1.337127 -0.000000 -0.000000 -0.710215  0.000000  0.000000
                                -0.748897 -0.783507  0.009578 -0.000000 -0.008017  0.000000 -0.016265 -0.030673 -0.016265 -0.030673
                                -0.016265 -0.030673 -0.016265 -0.030673

  62.1  0.00000     3.024851     0.000000 -0.000000  0.000000 -0.178128 -0.009818  0.000000 -0.111751 -0.024120 -0.000000 -0.000000
                                -0.000000  0.596227 -0.000000 -0.056368 -0.000000  0.000000  0.000000 -0.008799 -0.015502  0.000000
                                 0.102873  0.015139 -0.000000  0.000000  0.000000  0.922608  0.000000 -0.011670 -0.000000  0.000000
                                -0.000000  0.008799 -0.015502 -0.000000 -0.102873  0.015139 -0.000000  0.000000  0.000000  0.922608
                                 0.000000  0.011670  0.000000 -0.000000 -0.000000  0.178128 -0.009818 -0.000000  0.111751 -0.024120
                                -0.000000 -0.000000 -0.000000  0.596227 -0.000000  0.056368  0.078934 -0.041592 -0.078934  0.041592
                                 0.078934 -0.041592 -0.078934  0.041592

  63.1  0.00000     3.057011    -0.000000  0.000000  0.000000 -0.006690 -0.162394 -0.000000 -0.039694  0.001381 -0.000000  0.000000
                                -0.000000 -0.056643 -0.000000  0.642481 -0.000000 -0.000000  0.000000 -0.015876  0.022337  0.000000
                                 0.018416 -0.013547 -0.000000 -0.000000  0.000000 -0.010545  0.000000  0.902923  0.000000  0.000000
                                -0.000000 -0.015876 -0.022337  0.000000  0.018416  0.013547 -0.000000 -0.000000  0.000000  0.010545
                                -0.000000  0.902923  0.000000  0.000000 -0.000000 -0.006690  0.162394 -0.000000 -0.039694 -0.001381
                                -0.000000  0.000000 -0.000000  0.056643  0.000000  0.642481  0.166890 -0.060833 -0.166890  0.060833
                                -0.166890  0.060833  0.166890 -0.060833

  64.1  0.00000     3.705204     0.015253 -0.579005  0.649920  0.000000 -0.000000  0.770759 -0.000000  0.000000 -0.005912 -0.650692
                                -0.014465  0.000000 -0.012213  0.000000 -0.102142  0.641260  3.372780 -0.000000 -0.000000  0.010479
                                 0.000000  0.000000 -2.478885  1.516174  0.000571  0.000000  0.000511 -0.000000  0.102142 -0.641260
                                -3.372780  0.000000  0.000000  0.010479 -0.000000 -0.000000 -2.478885 -1.516174  0.000571  0.000000
                                -0.000511  0.000000 -0.015253  0.579005 -0.649920 -0.000000 -0.000000  0.770759  0.000000  0.000000
                                -0.005912  0.650692 -0.014465  0.000000  0.012213  0.000000  0.023202  0.034866  0.023202  0.034866
                                -0.023202 -0.034866 -0.023202 -0.034866

 Total charge:   1.000000000000
 

 Natural orbital dump (state averaged) at molpro section  2141.2    (Orbital set 2)



 **********************************************************************************************************************************
 DATASETS  * FILE   NREC   LENGTH (MB)   RECORD NAMES
              1      21       31.34       500      610      700      900      950      970     1000      129      960     1100   
                                          VAR    BASINP    GEOM    SYMINP    ZMAT    AOBASIS   BASIS     P2S    ABASIS      S 
                                         1400     1410     1200     1210     1080     1600     1650     1300     1700     1380   
                                           T        V       H0       H01     AOSYM     SMH    MOLCAS    ERIS     OPER     JKOP   
                                         5101   
                                        CPSAMC    

              2       5        5.55       700     1000      520     2140     2141   
                                         GEOM     BASIS   MCVARS   MATROP    MCSCF   

 PROGRAMS   *        TOTAL     MULTI       INT    MATROP       INT
 CPU TIMES  *         2.53      1.73      0.49      0.11      0.04
 REAL TIME  *         7.42 SEC
 DISK USED  *        73.93 MB      
 **********************************************************************************************************************************

1PROGRAM * FORCE (Gradient of the energy)

 SA-MCSCF information from    5101.1
 Orbitals from record         2141.2

 Number of closed-shell orbitals: 11 ( 11 )
 Number of active orbitals:        6 (  6 )
 Number of occupied orbitals:     17 ( 17 )

 Number of electrons= 27     Doublet     Space symmetry=1      Wavefunction type: SA-MCSCF


 End of calculation of the energy gradient  ,IREST=   0


 SA-MC GRADIENT FOR STATE 1.1

 Atom          dE/dx               dE/dy               dE/dz

   1         0.000000000        -0.000000000        -0.129590188
   2        -0.000000000         0.000000000         0.198733985
   3        -0.000000000        -0.000000000        -0.198733985
   4         0.000000000         0.000000000         0.129590188
   5         0.020513204         0.037171478        -0.018514093
   6        -0.020513204        -0.037171478        -0.018514093
   7        -0.020513204         0.037171478         0.018514093
   8         0.020513204        -0.037171478         0.018514093

 Nuclear force contribution to virial =         0.236973651


 **********************************************************************************************************************************
 DATASETS  * FILE   NREC   LENGTH (MB)   RECORD NAMES
              1      21       31.34       500      610      700      900      950      970     1000      129      960     1100   
                                          VAR    BASINP    GEOM    SYMINP    ZMAT    AOBASIS   BASIS     P2S    ABASIS      S 
                                         1400     1410     1200     1210     1080     1600     1650     1300     1700     1380   
                                           T        V       H0       H01     AOSYM     SMH    MOLCAS    ERIS     OPER     JKOP   
                                         5101   
                                        CPSAMC    

              2       5        5.55       700     1000      520     2140     2141   
                                         GEOM     BASIS   MCVARS   MATROP    MCSCF   

 PROGRAMS   *        TOTAL     FORCE     MULTI       INT    MATROP       INT
 CPU TIMES  *         4.21      1.69      1.73      0.49      0.11      0.04
 REAL TIME  *         9.43 SEC
 DISK USED  *        73.93 MB      
 **********************************************************************************************************************************

1PROGRAM * MULTI (Direct Multiconfiguration SCF)       Authors: P.J. Knowles, H.-J. Werner (1984)     S.T. Elbert (1988)


 Number of closed-shell orbitals:  11 (  11 )
 Number of active  orbitals:        6 (   6 )
 Number of external orbitals:      47 (  47 )

 State symmetry 1

 Number of electrons:     5    Spin symmetry=Doublet   Space symmetry=1
 Number of states:        2
 Number of CSFs:        210   (300 determinants, 300 intermediate states)

 Molecular orbitals read from record     2141.2  Type=MCSCF/NATURAL (state averaged)

 Wavefunction dump at record             2141.2

 Convergence thresholds  0.10E-05 (gradient)  0.10E-07 (energy)  0.10E-02 (step length)

 Weight factors for state symmetry  1:    0.50000   0.50000

 Number of orbital rotations:      865   (    66 Core/Active    517 Core/Virtual   0 Active/Active    282 Active/Virtual)
 Total number of variables:       1465


 ITER. MIC  NCI  NEG     ENERGY(VAR)     ENERGY(PROJ)   ENERGY CHANGE     GRAD(0)  GRAD(ORB)   GRAD(CI)     STEP       TIME

   1   25    4    0    -153.39481188    -153.39481188    0.00000000    0.00000000 0.00000000 0.00000000  0.18D-08      0.26

 ** WVFN ****  CONVERGENCE REACHED, FINAL GRADIENT:  0.58D-10

 Solving MCSCF z-vector equations for state  2.1, requested accuracy=      0.10D-07
 Convergence reached in  24 iterations ( 24 expansion vectors), accuracy=  0.43D-08

 SA-Gradient information saved on record      5102.1



 Results for state 1.1
 =====================

 !MCSCF STATE 1.1 Energy             -153.435167075885
 Nuclear energy                        87.99792441
 Kinetic energy                       153.24561113
 One electron energy                 -372.94532050
 Two electron energy                  131.51222901
 Virial ratio                           2.00123694

 !MCSCF STATE 1.1 Dipole moment         0.00000000     0.00000000    -0.00000000
 Dipole moment /Debye                   0.00000000     0.00000000    -0.00000000

 Results for state 2.1
 =====================

 !MCSCF STATE 2.1 Energy             -153.354456682967
 Nuclear energy                        87.99792441
 Kinetic energy                       153.35897224
 One electron energy                 -372.77604296
 Two electron energy                  131.42366186
 Virial ratio                           1.99997056

 !MCSCF STATE 2.1 Dipole moment         0.00000000     0.00000000     0.00000000
 Dipole moment /Debye                   0.00000000     0.00000000     0.00000000

 State-averaged charge density matrix saved on record  2141.2 (density set 1)


 Natural orbital dump (state averaged) at molpro section  2141.2    (Orbital set 2)



 **********************************************************************************************************************************
 DATASETS  * FILE   NREC   LENGTH (MB)   RECORD NAMES
              1      22       31.36       500      610      700      900      950      970     1000      129      960     1100   
                                          VAR    BASINP    GEOM    SYMINP    ZMAT    AOBASIS   BASIS     P2S    ABASIS      S 
                                         1400     1410     1200     1210     1080     1600     1650     1300     1700     1380   
                                           T        V       H0       H01     AOSYM     SMH    MOLCAS    ERIS     OPER     JKOP   
                                         5101     5102   
                                        CPSAMC   CPSAMC    

              2       5        5.55       700     1000      520     2140     2141   
                                         GEOM     BASIS   MCVARS   MATROP    MCSCF   

 PROGRAMS   *        TOTAL     MULTI     FORCE     MULTI       INT    MATROP       INT
 CPU TIMES  *         4.97      0.76      1.69      1.73      0.49      0.11      0.04
 REAL TIME  *        12.07 SEC
 DISK USED  *        73.93 MB      
 **********************************************************************************************************************************

1PROGRAM * FORCE (Gradient of the energy)

 SA-MCSCF information from    5102.1
 Orbitals from record         2141.2

 Number of closed-shell orbitals: 11 ( 11 )
 Number of active orbitals:        6 (  6 )
 Number of occupied orbitals:     17 ( 17 )

 Number of electrons= 27     Doublet     Space symmetry=1      Wavefunction type: SA-MCSCF


 End of calculation of the energy gradient  ,IREST=   0


 SA-MC GRADIENT FOR STATE 2.1

 Atom          dE/dx               dE/dy               dE/dz

   1         0.000000000        -0.000000000        -0.165499907
   2        -0.000000000        -0.000000000         0.232536709
   3        -0.000000000         0.000000000        -0.232536709
   4         0.000000000         0.000000000         0.165499907
   5         0.041099415         0.027886833        -0.016106146
   6        -0.041099415        -0.027886833        -0.016106146
   7        -0.041099415         0.027886833         0.016106146
   8         0.041099415        -0.027886833         0.016106146

 Nuclear force contribution to virial =         0.016524594


 **********************************************************************************************************************************
 DATASETS  * FILE   NREC   LENGTH (MB)   RECORD NAMES
              1      22       31.36       500      610      700      900      950      970     1000      129      960     1100   
                                          VAR    BASINP    GEOM    SYMINP    ZMAT    AOBASIS   BASIS     P2S    ABASIS      S 
                                         1400     1410     1200     1210     1080     1600     1650     1300     1700     1380   
                                           T        V       H0       H01     AOSYM     SMH    MOLCAS    ERIS     OPER     JKOP   
                                         5101     5102   
                                        CPSAMC   CPSAMC    

              2       5        5.55       700     1000      520     2140     2141   
                                         GEOM     BASIS   MCVARS   MATROP    MCSCF   

 PROGRAMS   *        TOTAL     FORCE     MULTI     FORCE     MULTI       INT    MATROP       INT
 CPU TIMES  *         6.76      1.79      0.76      1.69      1.73      0.49      0.11      0.04
 REAL TIME  *        14.05 SEC
 DISK USED  *        73.93 MB      
 **********************************************************************************************************************************

1PROGRAM * MULTI (Direct Multiconfiguration SCF)       Authors: P.J. Knowles, H.-J. Werner (1984)     S.T. Elbert (1988)


 Number of closed-shell orbitals:  11 (  11 )
 Number of active  orbitals:        6 (   6 )
 Number of external orbitals:      47 (  47 )

 State symmetry 1

 Number of electrons:     5    Spin symmetry=Doublet   Space symmetry=1
 Number of states:        2
 Number of CSFs:        210   (300 determinants, 300 intermediate states)

 Molecular orbitals read from record     2141.2  Type=MCSCF/NATURAL (state averaged)

 Wavefunction dump at record             2142.2

 Convergence thresholds  0.10E-05 (gradient)  0.10E-07 (energy)  0.10E-02 (step length)

 Weight factors for state symmetry  1:    0.50000   0.50000

 Number of orbital rotations:      865   (    66 Core/Active    517 Core/Virtual   0 Active/Active    282 Active/Virtual)
 Total number of variables:       1465


 ITER. MIC  NCI  NEG     ENERGY(VAR)     ENERGY(PROJ)   ENERGY CHANGE     GRAD(0)  GRAD(ORB)   GRAD(CI)     STEP       TIME

   1   26    4    0    -153.39481188    -153.39481188    0.00000000    0.00000000 0.00000000 0.00000000  0.45D-10      0.21

 ** WVFN ****  CONVERGENCE REACHED, FINAL GRADIENT:  0.56D-10

 SOLVING CP-MCSCF NACM: 1.1 - 2.1
 Convergence reached in  33 iterations ( 33 expansion vectors), accuracy=  0.54D-10

 SA-Gradient information saved on record      5103.1



 Results for state 1.1
 =====================

 !MCSCF STATE 1.1 Energy             -153.435167076061
 Nuclear energy                        87.99792441
 Kinetic energy                       153.24561113
 One electron energy                 -372.94532050
 Two electron energy                  131.51222901
 Virial ratio                           2.00123694

 !MCSCF STATE 1.1 Dipole moment         0.00000000     0.00000000    -0.00000000
 Dipole moment /Debye                   0.00000000     0.00000000    -0.00000000

 Results for state 2.1
 =====================

 !MCSCF STATE 2.1 Energy             -153.354456683149
 Nuclear energy                        87.99792441
 Kinetic energy                       153.35897224
 One electron energy                 -372.77604296
 Two electron energy                  131.42366186
 Virial ratio                           1.99997056

 !MCSCF STATE 2.1 Dipole moment         0.00000000     0.00000000    -0.00000000
 Dipole moment /Debye                   0.00000000     0.00000000    -0.00000000

 State-averaged charge density matrix saved on record  2142.2 (density set 1)


 Natural orbital dump (state averaged) at molpro section  2142.2    (Orbital set 2)



 **********************************************************************************************************************************
 DATASETS  * FILE   NREC   LENGTH (MB)   RECORD NAMES
              1      23       31.39       500      610      700      900      950      970     1000      129      960     1100   
                                          VAR    BASINP    GEOM    SYMINP    ZMAT    AOBASIS   BASIS     P2S    ABASIS      S 
                                         1400     1410     1200     1210     1080     1600     1650     1300     1700     1380   
                                           T        V       H0       H01     AOSYM     SMH    MOLCAS    ERIS     OPER     JKOP   
                                         5101     5102     5103   
                                        CPSAMC   CPSAMC   CPSAMC    

              2       6        8.19       700     1000      520     2140     2141     2142   
                                         GEOM     BASIS   MCVARS   MATROP    MCSCF    MCSCF   

 PROGRAMS   *        TOTAL     MULTI     FORCE     MULTI     FORCE     MULTI       INT    MATROP       INT
 CPU TIMES  *         7.37      0.61      1.79      0.76      1.69      1.73      0.49      0.11      0.04
 REAL TIME  *        15.57 SEC
 DISK USED  *        73.93 MB      
 **********************************************************************************************************************************

1PROGRAM * FORCE (Gradient of the energy)

 SA-MCSCF information from    5103.1
 Orbitals from record         2142.2

 Number of closed-shell orbitals: 11 ( 11 )
 Number of active orbitals:        6 (  6 )
 Number of occupied orbitals:     17 ( 17 )

 Number of electrons= 27     Doublet     Space symmetry=1      Wavefunction type: SA-MCSCF


 End of calculation of the energy gradient  ,IREST=   0


 SA-MC NACME FOR STATES 2.1 - 1.1

 Atom          dE/dx               dE/dy               dE/dz

   1         0.000000000         0.000000000         0.401284418
   2        -0.000000000         0.000000000        -1.079383551
   3        -0.000000000        -0.000000000         1.079383551
   4         0.000000000        -0.000000000        -0.401284418
   5         0.023138289        -0.027307214        -0.009126066
   6        -0.023138289         0.027307214        -0.009126066
   7        -0.023138289        -0.027307214         0.009126066
   8         0.023138289         0.027307214         0.009126066



 **********************************************************************************************************************************
 DATASETS  * FILE   NREC   LENGTH (MB)   RECORD NAMES
              1      23       31.39       500      610      700      900      950      970     1000      129      960     1100   
                                          VAR    BASINP    GEOM    SYMINP    ZMAT    AOBASIS   BASIS     P2S    ABASIS      S 
                                         1400     1410     1200     1210     1080     1600     1650     1300     1700     1380   
                                           T        V       H0       H01     AOSYM     SMH    MOLCAS    ERIS     OPER     JKOP   
                                         5101     5102     5103   
                                        CPSAMC   CPSAMC   CPSAMC    

              2       6        8.19       700     1000      520     2140     2141     2142   
                                         GEOM     BASIS   MCVARS   MATROP    MCSCF    MCSCF   

 PROGRAMS   *        TOTAL     FORCE     MULTI     FORCE     MULTI     FORCE     MULTI       INT    MATROP       INT
 CPU TIMES  *         8.86      1.48      0.61      1.79      0.76      1.69      1.73      0.49      0.11      0.04
 REAL TIME  *        17.26 SEC
 DISK USED  *        73.93 MB      
 **********************************************************************************************************************************

 MULTI/6-31G* energy=   -153.354456683149

        MULTI           MULTI   
   -153.35445668   -153.43516708
 **********************************************************************************************************************************
 Variable memory released
