
******* Array-Dimensions *******

 k   :  minkoe, maxkoe       2       3
 h   :  htmdim, maxhtm       8       8
 hl  :  hopdim, maxhop       8       8
 nh  :  minfac, maxfac       4       5
 n   :    ndef, maxdef       0       0
 n   :    npar, maxpar       2       2
 n   :    nrdf, maxrdf       0       1
 nham:  hamdim, maxham       1       1
 muld: mulddim,maxmuld       0      32
 LMR :    iLMR, maxLMR       0     120

***** Operator details *****

ndof   =   2 ,  nmode   =   1
nopdof =   3 ,  nopmode =   2

feb =  2,  meb =  0,   fpb =  0,  mpb =  0,  mkoe =  2
leb = F,  lmult = T,  lmulpack = F
DOF no.    label            mass
    1       x               1.0000
    2       el              1.0000
- - - - - - - - - - - - - - -
    3       Koeff           0.0000

Mode     DOFs
   1    1=x       
- - - - - - - - - - - - - - -
   2    3=Koeff   

                                            Information for Hamiltonian : system

Total no. of terms      :      2
No. of correlated terms :      0

No. of uncorrelated terms for mode   1  state  1:     2

  Parameters  
PI                      3.141592653590
omega                   0.015198111869

  Operator Labels    [hl,hoplab,(deflabel),hopilab,hopfile]
    hl  Label                       function no.  file no.
     1  1                                       1       302
     2  -1                                      2       302
     3  I                                       1       101
     4  0.5                                     0       301
     5  omega                                   2       301
     6  dqfft^2                                 2         3
     7  q^2                                     3       302
     8  S1&1                                   10         3
 
Hamiltonian Operator Terms [h,htmdof,htmadof,htmmode,htmmuld,htmtype,
                            htmsym,string]
   No.   f  af   m  md Typ Sym      Term 
     3   K       0   0   1   1    1
     5   1   1   0   0   5   1    dqfft^2*-1*0.5*omega
     7   1   1   0   0   2   1    q^2*0.5*omega
     8   2   2   0   0   1   1    S1&1

Terms
     k   m  sym KE/PE   K     Operator
     1   1   1   KE     3       5                                   
     2   1   1   PE     3       7                                   

The operator is REAL and HERMITIAN

------------------------------------------------------------------------------

