
------ Host: "cpn-p27-15" ----------Thu Jun 15 14:53:14 2023

 /user/mrecio/QUANTICS/ferretti

**** Reading OPER file ****
Conical intersection model
Ferreti et al.,JCP, 104, 5517 (1996)
coupling parameter gamma=0.03

Created on:
------ Host: "cpn-p27-15" ----------Thu Jun 15 14:52:08 2023


Program name: adpop

--------------------------------------------------------------------------------
****** Package version ******

Program Version :     2
Release         :     1

 GIT version: 41a42b0
--------------------------------------------------------------------------------

Compiled: Wed Jun 14 10:30:54 EDT 2023 ; Host: srv-p22-13                       
 Serial Code

 complex*16 :      12171
 real*8     :     150193
 integer    :          5
 logical    :          2
 complex*8  :       6081
 real*4     :        502
 Total   :       1446964 Bytes ,      1.38 MB

**** Reading OPER file ****
Conical intersection model
Ferreti et al.,JCP, 104, 5517 (1996)
coupling parameter gamma=0.03

Created on:
------ Host: "cpn-p27-15" ----------Thu Jun 15 14:52:08 2023

Full Integration
Quick Algorithm 
Tolerance :  0.100000000000E-05
 Total griddim =       25000    0.2500E+05
 Time     included / grid  
   0.000       856 /       1472
   1.000       854 /       1472
   2.000       854 /       1472
   3.000       860 /       1472
   4.000       858 /       1472
   5.000       856 /       1472
   6.000       864 /       1472
   7.000       868 /       1504
   8.000       868 /       1504
   9.000       870 /       1504
  10.000       872 /       1472
  11.000       874 /       1504
  12.000       878 /       1504
  13.000       878 /       1536
  14.000       882 /       1536
  15.000       886 /       1536
  16.000       888 /       1536
  17.000       896 /       1536
  18.000       896 /       1536
  19.000       902 /       1536
  20.000       906 /       1568
  21.000       914 /       1568
  22.000       912 /       1568
  23.000       914 /       1568
  24.000       916 /       1600
  25.000       926 /       1600
  26.000       918 /       1568
  27.000       922 /       1600
  28.000       920 /       1568
  29.000       926 /       1600
  30.000       926 /       1600
  31.000       920 /       1600
  32.000       922 /       1600
  33.000       924 /       1600
  34.000       926 /       1600
  35.000       930 /       1600
  36.000       930 /       1568
  37.000       946 /       1568
  38.000       962 /       1666
  39.000       980 /       1666
  40.000      1030 /       1764
  41.000      1078 /       1728
  42.000      1108 /       1824
  43.000      1160 /       1920
  44.000      1212 /       1960
  45.000      1234 /       2058
  46.000      1262 /       2016
  47.000      1272 /       2156
  48.000      1278 /       2112
  49.000      1266 /       2112
  50.000      1248 /       2156
  51.000      1218 /       2016
  52.000      1170 /       1974
  53.000      1120 /       1880
  54.000      1048 /       1786
  55.000       986 /       1748
  56.000       930 /       1692
  57.000       912 /       1564
  58.000       920 /       1598
  59.000       964 /       1598
  60.000      1002 /       1692
  61.000      1044 /       1710
  62.000      1076 /       1672
  63.000      1108 /       1800
  64.000      1130 /       1974
  65.000      1148 /       2184
  66.000      1210 /       2310
  67.000      1272 /       2684
  68.000      1364 /       2772
  69.000      1434 /       3036
  70.000      1514 /       3212
  71.000      1576 /       3234
  72.000      1614 /       3444
  73.000      1634 /       3480
  74.000      1644 /       3458
  75.000      1638 /       3456
  76.000      1648 /       3434
  77.000      1756 /       3570
  78.000      1926 /       3740
  79.000      2126 /       4104
  80.000      2338 /       4284


# ***** Overall Timing *****

# Total cpu time     [s] :          0.40
# Total system time  [s] :          0.01
# Total time     [h:m:s] :    0 :  0 :  0.4


------ Host: "cpn-p27-15" ----------Thu Jun 15 14:53:15 2023
                   
 /user/mrecio/QUANTICS/ferretti

