
------ Host: "cpn-p27-15" ----------Wed Jun 14 15:07:25 2023

 /user/mrecio/QUANTICS/butatriene

**** Reading OPER file ****
Butatriene linear model with 5 modes
see: Cattarius et al. JCP 115, 2088-2100 (2001)

Created on:
------ Host: "cpn-p27-15" ----------Wed Jun 14 15:04:52 2023


Program name: adpop

--------------------------------------------------------------------------------
****** Package version ******

Program Version :     2
Release         :     1

 GIT version: 41a42b0
--------------------------------------------------------------------------------

Compiled: Wed Jun 14 10:30:54 EDT 2023 ; Host: srv-p22-13                       
 Serial Code

 complex*16 :       1869
 real*8     :       6875
 integer    :          5
 logical    :          2
 complex*8  :        930
 real*4     :         72
 Total   :         92660 Bytes ,      0.09 MB

**** Reading OPER file ****
Butatriene linear model with 5 modes
see: Cattarius et al. JCP 115, 2088-2100 (2001)

Created on:
------ Host: "cpn-p27-15" ----------Wed Jun 14 15:04:52 2023

Full Integration
Quick Algorithm 
Tolerance :  0.100000000000E-05
 Total griddim =         525    0.5250E+03
 Time     included / grid  
   0.000       159 /        273
   1.000       157 /        294
   2.000       156 /        294
   3.000       164 /        294
   4.000       199 /        294
   5.000       223 /        345
   6.000       256 /        375
   7.000       290 /        405
   8.000       318 /        405
   9.000       342 /        435
  10.000       368 /        465
  11.000       394 /        495
  12.000       409 /        525
  13.000       442 /        525
  14.000       456 /        525
  15.000       474 /        525
  16.000       484 /        525
  17.000       498 /        525
  18.000       523 /        525
  19.000       525 /        525
  20.000       525 /        525
  21.000       490 /        525
  22.000       490 /        525
  23.000       469 /        525
  24.000       472 /        525
  25.000       484 /        525
  26.000       490 /        525
  27.000       488 /        525
  28.000       488 /        525
  29.000       498 /        525
  30.000       479 /        525
  31.000       474 /        525
  32.000       476 /        525
  33.000       488 /        525
  34.000       506 /        525
  35.000       521 /        525
  36.000       521 /        525
  37.000       522 /        525
  38.000       514 /        525
  39.000       490 /        525
  40.000       482 /        525
  41.000       482 /        525
  42.000       482 /        525
  43.000       486 /        525
  44.000       488 /        525
  45.000       501 /        525
  46.000       507 /        525
  47.000       513 /        525
  48.000       511 /        525
  49.000       499 /        525
  50.000       507 /        525
  51.000       525 /        525
  52.000       525 /        525
  53.000       525 /        525
  54.000       525 /        525
  55.000       525 /        525
  56.000       525 /        525
  57.000       494 /        525
  58.000       490 /        525
  59.000       490 /        525
  60.000       490 /        525
  61.000       516 /        525
  62.000       525 /        525
  63.000       525 /        525
  64.000       523 /        525
  65.000       523 /        525
  66.000       523 /        525
  67.000       525 /        525
  68.000       525 /        525
  69.000       525 /        525
  70.000       525 /        525
  71.000       525 /        525
  72.000       525 /        525
  73.000       525 /        525
  74.000       523 /        525
  75.000       511 /        525
  76.000       500 /        525
  77.000       504 /        525
  78.000       512 /        525
  79.000       518 /        525
  80.000       521 /        525
  81.000       523 /        525
  82.000       519 /        525
  83.000       519 /        525
  84.000       523 /        525
  85.000       525 /        525
  86.000       525 /        525
  87.000       525 /        525
  88.000       525 /        525
  89.000       525 /        525
  90.000       525 /        525
  91.000       525 /        525
  92.000       525 /        525
  93.000       519 /        525
  94.000       521 /        525
  95.000       515 /        525
  96.000       513 /        525
  97.000       521 /        525
  98.000       523 /        525
  99.000       521 /        525
 100.000       525 /        525


# ***** Overall Timing *****

# Total cpu time     [s] :          0.21
# Total system time  [s] :          0.01
# Total time     [h:m:s] :    0 :  0 :  0.2


------ Host: "cpn-p27-15" ----------Wed Jun 14 15:07:25 2023
                   
 /user/mrecio/QUANTICS/butatriene

