
******* Array-Dimensions *******

 k   :  minkoe, maxkoe      21      23
 h   :  htmdim, maxhtm      44      44
 hl  :  hopdim, maxhop      28      28
 nh  :  minfac, maxfac       2       3
 n   :    ndef, maxdef       0       0
 n   :    npar, maxpar      19       1
 n   :    nrdf, maxrdf       0       1
 nham:  hamdim, maxham       1       1
 muld: mulddim,maxmuld       0      32
 LMR :    iLMR, maxLMR       0     120

***** Operator details *****

ndof   =  19 ,  nmode   =   2
nopdof =  20 ,  nopmode =   3

feb = 19,  meb =  2,   fpb =  0,  mpb =  0,  mkoe =  3
leb = T,  lmult = F,  lmulpack = F
DOF no.    label            mass
    1       1B2U            1.0000
    2       2B3U            1.0000
    3       3B3G            1.0000
    4       4B2G            1.0000
    5       5AU             1.0000
    6       6B2G            1.0000
    7       7B3U            1.0000
    8       8AG             1.0000
    9       9B3G            1.0000
   10       10B2U           1.0000
   11       11B1U           1.0000
   12       12AG            1.0000
   13       13B1U           1.0000
   14       14AG            1.0000
   15       15AG            1.0000
   16       16B1U           1.0000
   17       17B3G           1.0000
   18       18B2U           1.0000
   19       el              1.0000
- - - - - - - - - - - - - - -
   20       Koeff           0.0000

Mode     DOFs
   1    5=5AU      14=14AG    
   2   19=el      
- - - - - - - - - - - - - - -
   3     20    1    2    3    4    6    7    8    9   10   11   12   13   15
         16   17   18

                                            Information for Hamiltonian : system

Total no. of terms      :      5
No. of correlated terms :      3

No. of uncorrelated terms for mode   1:     2
No. of uncorrelated terms for mode   2:     0

  Parameters  
PI                      3.141592653590
freq0_1                 0.000717896182
freq0_2                 0.000967628918
freq0_3                 0.001087369408
freq0_4                 0.002159429530
freq0_5                 0.003452745291
freq0_6                 0.003685801839
freq0_7                 0.003696737044
freq0_8                 0.004139293887
freq0_9                 0.004983400556
freq0_10                0.005052611289
freq0_11                0.006917063674
freq0_12                0.007369781145
freq0_13                0.007825779177
freq0_14                0.009893808621
freq0_15                0.015164076045
freq0_16                0.015171821815
freq0_17                0.015561980802
freq0_18                0.015562436436

Number of operators removed =    16,  cutoff = 1.00E-09

  Operator Labels    [hl,hoplab,(deflabel),hopilab,hopfile]
    hl  Label                       function no.  file no.
     1  1                                       1       302
     2  -1                                      2       302
     3  I                                       1       101
     4  KEgwp                                  50         3
     5  freq0_1                                 2       301
     6  freq0_2                                 3       301
     7  freq0_3                                 4       301
     8  freq0_4                                 5       301
     9  freq0_5                                 6       301
    10  freq0_6                                 7       301
    11  freq0_7                                 8       301
    12  freq0_8                                 9       301
    13  freq0_9                                10       301
    14  freq0_10                               11       301
    15  freq0_11                               12       301
    16  freq0_12                               13       301
    17  freq0_13                               14       301
    18  freq0_14                               15       301
    19  freq0_15                               16       301
    20  freq0_16                               17       301
    21  freq0_17                               18       301
    22  freq0_18                               19       301
    23  qchem1                                  3       205
    24  qchem1&2                                3       205
    25  qchem2                                  3       205
    26  S1&1                                   10         3
    27  S1&2                                   10         3
    28  S2&2                                   10         3
 
Hamiltonian Operator Terms [h,htmdof,htmadof,htmmode,htmmuld,htmtype,
                            htmsym,string]
   No.   f  af   m  md Typ Sym      Term 
     1   1   1   0   0   1   1    1
     2   2   2   0   0   1   1    1
     3   3   3   0   0   1   1    1
     4   4   4   0   0   1   1    1
     5   5   5   0   0 103   1    1
     6   6   6   0   0   1   1    1
     7   7   7   0   0   1   1    1
     8   8   8   0   0   1   1    1
     9   9   9   0   0   1   1    1
    10  10  10   0   0   1   1    1
    11  11  11   0   0   1   1    1
    12  12  12   0   0   1   1    1
    13  13  13   0   0   1   1    1
    14  14  14   0   0 103   1    1
    15  15  15   0   0   1   1    1
    16  16  16   0   0   1   1    1
    17  17  17   0   0   1   1    1
    18  18  18   0   0   1   1    1
    19  19  19   0   0   1   1    1
    20   K       0   0   1   1    1
    25   5   5   0   0 102   1    KEgwp*freq0_5
    34  14  14   0   0 102   1    KEgwp*freq0_14
    39   0   0   1   0 105   1    qchem1
    40   0   0   1   0 105   1    qchem1&2
    41   0   0   1   0 105   1    qchem2
    42  19  19   0   0   2   1    S1&1
    43  19  19   0   0   8   1    S1&2
    44  19  19   0   0   2   1    S2&2

Analytic derivatives used if htmderiv=1 :
hterms   htmderiv
    1      0
    2      0
    3      0
    4      0
    5      0
    6      0
    7      0
    8      0
    9      0
   10      0
   11      0
   12      0
   13      0
   14      0
   15      0
   16      0
   17      0
   18      0
   19      0
   20      0
   25      0
   34      0
   39      1
   40      1
   41      1
   42      0
   43      0
   44      0

QChem program used for potential
Electronic representation : adiabatic
External command : /user/gworth/bin/run_molpro15                                   
Energy origin in hartree :  -153.7804080915
Number of electronic states :  2
Quantum chemistry method : CAS
Highest electronic state :  0
Database status : Read-write
Read distance criterion :  0.2000

Correlated Terms  
    ki,kf: initial and final el. state.
    Operator numbers are h=hamilton(f,k))
         dof order =   K  |    5AU,   14AG |    el |
     k  ki  kf KE/PE  
     1   1   1  PE    20      39              42
     2   1   1  PE    20      40              43
     3   1   1  PE    20      41              44

Uncorrelated Terms
     k   m  sym KE/PE   K     Operator
     4   1   1   KE    20      25   14                              
     5   1   1   KE    20       5   34                              

The operator is REAL and HERMITIAN

------------------------------------------------------------------------------

