
 Primary working directories    : /user/gworth/scratch/molpro-mrecio/gwp14_v2_1
 Secondary working directories  : /user/gworth/scratch/molpro-mrecio/gwp14_v2_1
 Wavefunction directory         : /user/gworth/scratch/molpro-mrecio/gwp14_v2_1/
 Main file repository           : /user/gworth/scratch/molpro-mrecio/gwp14_v2_1/

 SHA1      : 0b0b022c660e73fb8d4a354a6920c32f9035fdc5
 NAME      : 2015.1.3
 ARCHNAME  : linux/x86_64
 FC        : /opt/intel/composer_xe_2015.1.133/bin/intel64/ifort
 BLASLIB   : -Wl,-_start-group /opt/intel/mkl/lib/intel64/libmkl_intel_ilp64.a /opt/intel/mkl/lib/intel64/libmkl_intel_thread.a /opt/intel/mkl/lib/intel64/libmkl_core.a -Wl,-_end-group
 id        : gwbham

 Nodes                                  nprocs
 cpn-p27-15.compute.cbls.ccr.buffalo.edu    1

 Using customized tuning parameters: mindgm=1; mindgv=20; mindgc=4; mindgr=1; noblas=0; minvec=7
 default implementation of scratch files=df  

 ***,
 nosym
 geomtyp=xyz
 geometry={
 8
 butatriene geometry
 c                  0.000000      -0.000000       1.943579
 c                  0.000000       0.000000       0.707878
 c                  0.000000      -0.000000      -0.707878
 c                  0.000000       0.000000      -1.943579
 h                 -0.210968       0.907738      -2.514466
 h                  0.210968      -0.907738      -2.514466
 h                  0.210968       0.907738       2.514466
 h                 -0.210968      -0.907738       2.514466
 }
 basis=6-31G*
 
 {matrop;read,oldorbitals,file=gwp14_v2.orb;save,oldorbitals,2140.2,orbitals}
 
                                                                                 ! State 1
 {multi,gradient=1.0d-6,energy=1.0d-8;occ,17;
 start,2140.2;
 closed,11;
 CPMCSCF,grad,1.1,accu=1.0d-8,record=5101.1;
 wf,27,1,1;
 state,2;
 weight,0.5,0.5
 orbital,2141.2;
 orbprint,100;
 }
 {Force;SAMC,5101.1}
 
                                                                                 ! State 2
 {multi,gradient=1.0d-6,energy=1.0d-8;occ,17;start,2141.2;closed,11;CPMCSCF,grad,2.1,accu=1.0d-8,record=5102.1;wf,27,1,1;state,2;weight,0.5,0.5;}
 {Force;SAMC,5102.1}
 
                                                                                 ! 2-1
 {multi,gradient=1.0d-6,energy=1.0d-8;occ,17;closed,11;start,2141.2;cpmcscf,nacm,2.1,1.1,accu=1.0d-10,record=5103.1;wf,27,1,1;state,2;weight,0.5,0.5;}
 {Force;SAMC,5103.1}
 
 
 

 Variables initialized (889), CPU time= 0.01 sec
 Commands  initialized (702), CPU time= 0.01 sec, 572 directives.
 Default parameters read. Elapsed time= 0.45 sec

 Checking input...
 Passed
1


                                         ***  PROGRAM SYSTEM MOLPRO  ***
                                       Copyright, TTI GmbH Stuttgart, 2015
                                    Version 2015.1 linked Feb  5 2016 14:18:43


 **********************************************************************************************************************************
 LABEL *                                                                                 
  64 bit serial version                                                                  DATE: 15-Jun-23          TIME: 15:40:50  
 **********************************************************************************************************************************

 SHA1:             0b0b022c660e73fb8d4a354a6920c32f9035fdc5
 **********************************************************************************************************************************

 Variable memory set to    8000000 words,  buffer space   230000 words

 SETTING GEOMTYP        =    XYZ
 ZSYMEL=NOSYM
 
 SETTING BASIS          =    6-31G*


 Recomputing integrals since basis changed


 Using spherical harmonics

 Library entry C      S 6-31G                selected for orbital group  1
 Library entry C      P 6-31G                selected for orbital group  1
 Library entry C      D 6-31G*               selected for orbital group  1
 Library entry H      S 6-31G                selected for orbital group  2

1PROGRAM * SEWARD (Integral evaluation for generally contracted gaussian basis sets)     Author: Roland Lindh, 1990

 Geometry written to block  1 of record 700


 Point group  C1  



 ATOMIC COORDINATES

 NR  ATOM    CHARGE       X              Y              Z

   1  C       6.00    0.000000000    0.000000000    3.672832011
   2  C       6.00    0.000000000    0.000000000    1.337695550
   3  C       6.00    0.000000000    0.000000000   -1.337695550
   4  C       6.00    0.000000000    0.000000000   -3.672832011
   5  H       1.00   -0.398671741    1.715376213   -4.751652090
   6  H       1.00    0.398671741   -1.715376213   -4.751652090
   7  H       1.00    0.398671741    1.715376213    4.751652090
   8  H       1.00   -0.398671741   -1.715376213    4.751652090

 Bond lengths in Bohr (Angstrom)

 1-2  2.335136462  1-7  2.065262083  1-8  2.065262083  2-3  2.675391099  3-4  2.335136462
     ( 1.235701000)     ( 1.092889629)     ( 1.092889629)     ( 1.415756000)     ( 1.235701000)

 4-5  2.065262083  4-6  2.065262083
     ( 1.092889629)     ( 1.092889629)

 Bond angles

  1-2-3  179.99999829   2-1-7  121.49100726   2-1-8  121.49100726   2-3-4  179.99999829

  3-4-5  121.49100726   3-4-6  121.49100726   5-4-6  117.01798549   7-1-8  117.01798549

 NUCLEAR CHARGE:                   28
 NUMBER OF PRIMITIVE AOS:         128
 NUMBER OF SYMMETRY AOS:          124
 NUMBER OF CONTRACTIONS:           64   (  64A   )
 NUMBER OF CORE ORBITALS:           4   (   4A   )
 NUMBER OF VALENCE ORBITALS:       20   (  20A   )


 NUCLEAR REPULSION ENERGY   88.97857095


 Eigenvalues of metric

         1 0.366E-03 0.191E-02 0.671E-02 0.200E-01 0.372E-01 0.427E-01 0.449E-01 0.942E-01


 OPERATOR DM      FOR CENTER  0  COORDINATES:    0.000000    0.000000    0.000000


 **********************************************************************************************************************************
 DATASETS  * FILE   NREC   LENGTH (MB)   RECORD NAMES
              1      18       19.35       500      610      700      900      950      970     1000      129      960     1100   
                                          VAR    BASINP    GEOM    SYMINP    ZMAT    AOBASIS   BASIS     P2S    ABASIS      S 
                                         1400     1410     1200     1210     1080     1600     1650     1700   
                                           T        V       H0       H01     AOSYM     SMH    MOLCAS    OPER   

 PROGRAMS   *        TOTAL       INT
 CPU TIMES  *         0.17      0.03
 REAL TIME  *         0.99 SEC
 DISK USED  *        19.75 MB      
 **********************************************************************************************************************************


 PROGRAM * MATROP


 READING MATRIX OLDORBITALS (OLDORBITALS) FROM FILE gwp14_v2.orb. SYMMETRY=1

  Orbitals OLDORBITALS saved in record 2140.2 (set 1)


 **********************************************************************************************************************************
 DATASETS  * FILE   NREC   LENGTH (MB)   RECORD NAMES
              1      18       19.35       500      610      700      900      950      970     1000      129      960     1100   
                                          VAR    BASINP    GEOM    SYMINP    ZMAT    AOBASIS   BASIS     P2S    ABASIS      S 
                                         1400     1410     1200     1210     1080     1600     1650     1700   
                                           T        V       H0       H01     AOSYM     SMH    MOLCAS    OPER   

              2       4        2.90       700     1000      520     2140   
                                         GEOM     BASIS   MCVARS   MATROP    

 PROGRAMS   *        TOTAL    MATROP       INT
 CPU TIMES  *         0.23      0.06      0.03
 REAL TIME  *         1.12 SEC
 DISK USED  *        22.30 MB      
 **********************************************************************************************************************************


 Using spherical harmonics

 Library entry C      S 6-31G                selected for orbital group  1
 Library entry C      P 6-31G                selected for orbital group  1
 Library entry C      D 6-31G*               selected for orbital group  1
 Library entry H      S 6-31G                selected for orbital group  2

1PROGRAM * SEWARD (Integral evaluation for generally contracted gaussian basis sets)     Author: Roland Lindh, 1990

 Geometry written to block  1 of record 700


 Point group  C1  



 ATOMIC COORDINATES

 NR  ATOM    CHARGE       X              Y              Z

   1  C       6.00    0.000000000    0.000000000    3.672832011
   2  C       6.00    0.000000000    0.000000000    1.337695550
   3  C       6.00    0.000000000    0.000000000   -1.337695550
   4  C       6.00    0.000000000    0.000000000   -3.672832011
   5  H       1.00   -0.398671741    1.715376213   -4.751652090
   6  H       1.00    0.398671741   -1.715376213   -4.751652090
   7  H       1.00    0.398671741    1.715376213    4.751652090
   8  H       1.00   -0.398671741   -1.715376213    4.751652090

 Bond lengths in Bohr (Angstrom)

 1-2  2.335136462  1-7  2.065262083  1-8  2.065262083  2-3  2.675391099  3-4  2.335136462
     ( 1.235701000)     ( 1.092889629)     ( 1.092889629)     ( 1.415756000)     ( 1.235701000)

 4-5  2.065262083  4-6  2.065262083
     ( 1.092889629)     ( 1.092889629)

 Bond angles

  1-2-3  179.99999829   2-1-7  121.49100726   2-1-8  121.49100726   2-3-4  179.99999829

  3-4-5  121.49100726   3-4-6  121.49100726   5-4-6  117.01798549   7-1-8  117.01798549

 NUCLEAR CHARGE:                   28
 NUMBER OF PRIMITIVE AOS:         128
 NUMBER OF SYMMETRY AOS:          124
 NUMBER OF CONTRACTIONS:           64   (  64A   )
 NUMBER OF CORE ORBITALS:           4   (   4A   )
 NUMBER OF VALENCE ORBITALS:       20   (  20A   )


 NUCLEAR REPULSION ENERGY   88.97857095


 Eigenvalues of metric

         1 0.366E-03 0.191E-02 0.671E-02 0.200E-01 0.372E-01 0.427E-01 0.449E-01 0.942E-01


 Contracted 2-electron integrals neglected if value below      1.0D-11
 AO integral compression algorithm  1   Integral accuracy      1.0D-11

     5.505 MB (compressed) written to integral file ( 25.4%)


 NUMBER OF SORTED TWO-ELECTRON INTEGRALS:    2164240.     BUFFER LENGTH:  32768
 NUMBER OF SEGMENTS:   1  SEGMENT LENGTH:    2164240      RECORD LENGTH: 524288

 Memory used in sort:       2.72 MW

 SORT1 READ     2586857. AND WROTE     1036983. INTEGRALS IN      3 RECORDS. CPU TIME:     0.03 SEC, REAL TIME:     0.04 SEC
 SORT2 READ     1036983. AND WROTE     2164240. INTEGRALS IN     21 RECORDS. CPU TIME:     0.07 SEC, REAL TIME:     0.08 SEC

 FILE SIZES:   FILE 1:    24.9 MBYTE,  FILE 4:    12.6 MBYTE,   TOTAL:     37.5 MBYTE

 OPERATOR DM      FOR CENTER  0  COORDINATES:    0.000000    0.000000    0.000000


 **********************************************************************************************************************************
 DATASETS  * FILE   NREC   LENGTH (MB)   RECORD NAMES
              1      19       23.66       500      610      700      900      950      970     1000      129      960     1100   
                                          VAR    BASINP    GEOM    SYMINP    ZMAT    AOBASIS   BASIS     P2S    ABASIS      S 
                                         1400     1410     1200     1210     1080     1600     1650     1300     1700   
                                           T        V       H0       H01     AOSYM     SMH    MOLCAS    ERIS     OPER   

              2       4        2.90       700     1000      520     2140   
                                         GEOM     BASIS   MCVARS   MATROP    

 PROGRAMS   *        TOTAL       INT    MATROP       INT
 CPU TIMES  *         0.73      0.49      0.06      0.03
 REAL TIME  *         2.51 SEC
 DISK USED  *        40.42 MB      
 **********************************************************************************************************************************

1PROGRAM * MULTI (Direct Multiconfiguration SCF)       Authors: P.J. Knowles, H.-J. Werner (1984)     S.T. Elbert (1988)


 Number of closed-shell orbitals:  11 (  11 )
 Number of active  orbitals:        6 (   6 )
 Number of external orbitals:      47 (  47 )

 State symmetry 1

 Number of electrons:     5    Spin symmetry=Doublet   Space symmetry=1
 Number of states:        2
 Number of CSFs:        210   (300 determinants, 300 intermediate states)

 Molecular orbitals read from record     2140.2  Type=MATROP/MATROP  

 Wavefunction dump at record             2141.2

 Convergence thresholds  0.10E-05 (gradient)  0.10E-07 (energy)  0.10E-02 (step length)

 Weight factors for state symmetry  1:    0.50000   0.50000

 Number of orbital rotations:      865   (    66 Core/Active    517 Core/Virtual   0 Active/Active    282 Active/Virtual)
 Total number of variables:       1465


 ITER. MIC  NCI  NEG     ENERGY(VAR)     ENERGY(PROJ)   ENERGY CHANGE     GRAD(0)  GRAD(ORB)   GRAD(CI)     STEP       TIME

   1   48    7    0    -153.36361529    -153.40627545   -0.04266016    0.32011107 0.00001833 0.00000000  0.21D+00      0.47
   2   33   13    0    -153.40661926    -153.40664887   -0.00002960    0.00844527 0.00000001 0.00000000  0.59D-02      0.95
   3   24   13    0    -153.40664889    -153.40664889   -0.00000000    0.00001298 0.00000000 0.00000000  0.81D-05      1.43
   4   25   10    0    -153.40664889    -153.40664889   -0.00000000    0.00000000 0.00000000 0.00000000  0.33D-08      1.77

 ** WVFN ****  CONVERGENCE REACHED, FINAL GRADIENT:  0.85D-10

 Solving MCSCF z-vector equations for state  1.1, requested accuracy=      0.10D-07
 Convergence reached in  30 iterations ( 30 expansion vectors), accuracy=  0.97D-08

 SA-Gradient information saved on record      5101.1



 Results for state 1.1
 =====================

 !MCSCF STATE 1.1 Energy             -153.431556384648
 Nuclear energy                        88.97857095
 Kinetic energy                       153.66492374
 One electron energy                 -374.71308676
 Two electron energy                  132.30295942
 Virial ratio                           1.99848132

 !MCSCF STATE 1.1 Dipole moment        -0.00000000     0.00000000     0.00000000
 Dipole moment /Debye                  -0.00000000     0.00000000     0.00000000

 Results for state 2.1
 =====================

 !MCSCF STATE 2.1 Energy             -153.381741402821
 Nuclear energy                        88.97857095
 Kinetic energy                       153.69370886
 One electron energy                 -374.58129681
 Two electron energy                  132.22098445
 Virial ratio                           1.99797020

 !MCSCF STATE 2.1 Dipole moment        -0.00000000     0.00000000     0.00000000
 Dipole moment /Debye                  -0.00000000     0.00000000     0.00000000

 State-averaged charge density matrix saved on record  2141.2 (density set 1)


 NATURAL ORBITALS (state averaged)
 =================================

   Orb     Occ        Energy       Coefficients

                                   1 1s      1 1s      1 1s      1 2px     1 2py     1 2pz     1 2px     1 2py     1 2pz     1 3d0  
                                   1 3d2-    1 3d1+    1 3d2+    1 3d1-    2 1s      2 1s      2 1s      2 2px     2 2py     2 2pz  
                                   2 2px     2 2py     2 2pz     2 3d0     2 3d2-    2 3d1+    2 3d2+    2 3d1-    3 1s      3 1s   
                                   3 1s      3 2px     3 2py     3 2pz     3 2px     3 2py     3 2pz     3 3d0     3 3d2-    3 3d1+ 
                                   3 3d2+    3 3d1-    4 1s      4 1s      4 1s      4 2px     4 2py     4 2pz     4 2px     4 2py  
                                   4 2pz     4 3d0     4 3d2-    4 3d1+    4 3d2+    4 3d1-    5 1s      5 1s      6 1s      6 1s   
                                   7 1s      7 1s      8 1s      8 1s   

   1.1  2.00000   -11.542630     0.017669 -0.000478  0.002669  0.000000 -0.000000  0.000612  0.000000  0.000000 -0.001546 -0.000030
                                -0.000010  0.000000  0.000041  0.000000  0.703981  0.015946 -0.006255  0.000000 -0.000000  0.000676
                                 0.000000 -0.000000 -0.001362  0.000656 -0.000011 -0.000000  0.000037 -0.000000  0.703981  0.015946
                                -0.006255  0.000000  0.000000 -0.000676  0.000000  0.000000  0.001362  0.000656  0.000011  0.000000
                                 0.000037 -0.000000  0.017669 -0.000478  0.002669  0.000000  0.000000 -0.000612  0.000000 -0.000000
                                 0.001546 -0.000030  0.000010 -0.000000  0.000041  0.000000 -0.000053  0.000331 -0.000053  0.000331
                                -0.000053  0.000331 -0.000053  0.000331

   2.1  2.00000   -11.541609     0.018216 -0.001194  0.001875 -0.000000  0.000000  0.001214 -0.000000  0.000000 -0.001316 -0.000459
                                 0.000001  0.000000  0.000014  0.000000  0.704111  0.018091 -0.010973  0.000000 -0.000000 -0.000484
                                -0.000000 -0.000000  0.002265  0.002484 -0.000011 -0.000000  0.000071  0.000000 -0.704111 -0.018091
                                 0.010973 -0.000000 -0.000000 -0.000484  0.000000 -0.000000  0.002265 -0.002484 -0.000011 -0.000000
                                -0.000071 -0.000000 -0.018216  0.001194 -0.001875  0.000000  0.000000  0.001214  0.000000  0.000000
                                -0.001316  0.000459  0.000001  0.000000 -0.000014 -0.000000  0.000101 -0.000267  0.000101 -0.000267
                                -0.000101  0.000267 -0.000101  0.000267

   3.1  2.00000   -11.488680     0.704064  0.017783 -0.001517 -0.000000  0.000000 -0.001226  0.000000  0.000000 -0.002192  0.000680
                                 0.000114 -0.000000 -0.000261  0.000000 -0.019039 -0.001830  0.010208  0.000000 -0.000000 -0.000550
                                -0.000000 -0.000000 -0.012424 -0.000098 -0.000032  0.000000  0.000085  0.000000  0.019039  0.001830
                                -0.010208 -0.000000 -0.000000 -0.000550  0.000000 -0.000000 -0.012424  0.000098 -0.000032  0.000000
                                -0.000085 -0.000000 -0.704061 -0.017783  0.001517  0.000000  0.000000 -0.001226 -0.000000  0.000000
                                -0.002192 -0.000680  0.000114 -0.000000  0.000261 -0.000000  0.000261 -0.001851  0.000261 -0.001851
                                -0.000261  0.001851 -0.000261  0.001851

   4.1  2.00000   -11.488677     0.704072  0.017718 -0.010147  0.000000  0.000000 -0.001058  0.000000 -0.000000  0.000812  0.000747
                                 0.000102 -0.000000 -0.000236  0.000000 -0.018365 -0.001410  0.003725  0.000000 -0.000000 -0.000650
                                 0.000000 -0.000000  0.001371 -0.000270 -0.000032  0.000000  0.000081 -0.000000 -0.018365 -0.001410
                                 0.003725  0.000000  0.000000  0.000650  0.000000  0.000000 -0.001371 -0.000270  0.000032 -0.000000
                                 0.000081 -0.000000  0.704075  0.017718 -0.010147  0.000000  0.000000  0.001058  0.000000  0.000000
                                -0.000812  0.000747 -0.000102  0.000000 -0.000236  0.000000 -0.000172  0.001783 -0.000172  0.001783
                                -0.000172  0.001783 -0.000172  0.001783

   5.1  2.00000    -1.349055    -0.105367  0.198941  0.180451  0.000000 -0.000000 -0.100228  0.000000 -0.000000 -0.023702  0.011003
                                 0.002997 -0.000000 -0.005800 -0.000000 -0.135989  0.275091  0.110147  0.000000 -0.000000  0.042705
                                 0.000000 -0.000000 -0.034328  0.022362 -0.000159 -0.000000  0.000524 -0.000000 -0.135989  0.275091
                                 0.110147  0.000000  0.000000 -0.042705  0.000000  0.000000  0.034328  0.022362  0.000159  0.000000
                                 0.000524 -0.000000 -0.105367  0.198941  0.180451  0.000000  0.000000  0.100228  0.000000  0.000000
                                 0.023702  0.011003 -0.002997  0.000000 -0.005800 -0.000000  0.043225 -0.000037  0.043225 -0.000037
                                 0.043225 -0.000037  0.043225 -0.000037

   6.1  2.00000    -1.298341    -0.130823  0.247972  0.299616  0.000000 -0.000000 -0.107365  0.000000 -0.000000 -0.050531  0.012816
                                 0.004120 -0.000000 -0.008306 -0.000000 -0.097139  0.188142  0.165604 -0.000000 -0.000000  0.172772
                                 0.000000 -0.000000 -0.153550  0.014626 -0.000227  0.000000  0.001349  0.000000  0.097139 -0.188142
                                -0.165604  0.000000 -0.000000  0.172772 -0.000000 -0.000000 -0.153550 -0.014626 -0.000227  0.000000
                                -0.001349 -0.000000  0.130823 -0.247972 -0.299616 -0.000000 -0.000000 -0.107365 -0.000000 -0.000000
                                -0.050531 -0.012816  0.004120 -0.000000  0.008306  0.000000 -0.059331 -0.004018 -0.059331 -0.004018
                                 0.059331  0.004018  0.059331  0.004018

   7.1  2.00000    -1.105010    -0.095079  0.183651  0.204559  0.000000 -0.000000  0.019215  0.000000  0.000000 -0.001940  0.005272
                                 0.004864 -0.000000 -0.010585 -0.000000  0.084381 -0.176221 -0.187170  0.000000  0.000000  0.296236
                                 0.000000 -0.000000  0.036788 -0.014118 -0.000075  0.000000  0.001375  0.000000  0.084381 -0.176221
                                -0.187170  0.000000  0.000000 -0.296236  0.000000  0.000000 -0.036788 -0.014118  0.000075 -0.000000
                                 0.001375  0.000000 -0.095079  0.183651  0.204559  0.000000  0.000000 -0.019215  0.000000  0.000000
                                 0.001940  0.005272 -0.004864  0.000000 -0.010585 -0.000000  0.074714  0.019474  0.074714  0.019474
                                 0.074714  0.019474  0.074714  0.019474

   8.1  2.00000    -0.931057    -0.055022  0.116793  0.075499 -0.000000  0.000000  0.300463 -0.000000  0.000000  0.131498 -0.013340
                                 0.007921 -0.000000 -0.017144  0.000000  0.073797 -0.147791 -0.200961  0.000000  0.000000 -0.124637
                                -0.000000  0.000000  0.134528 -0.007744  0.000300 -0.000000 -0.000996 -0.000000 -0.073797  0.147791
                                 0.200961 -0.000000  0.000000 -0.124637  0.000000  0.000000  0.134528  0.007744  0.000300 -0.000000
                                 0.000996  0.000000  0.055022 -0.116793 -0.075499  0.000000  0.000000  0.300463  0.000000  0.000000
                                 0.131498  0.013340  0.007921 -0.000000  0.017144 -0.000000 -0.134919 -0.059133 -0.134919 -0.059133
                                 0.134919  0.059133  0.134919  0.059133

   9.1  2.00000    -0.894603    -0.026850  0.063025  0.088988 -0.000000 -0.000000  0.317290 -0.000000  0.000000  0.118552 -0.016777
                                 0.006881  0.000000 -0.014811  0.000000  0.020491 -0.041339  0.020476 -0.000000 -0.000000 -0.285806
                                -0.000000 -0.000000 -0.041422  0.000450  0.000362 -0.000000 -0.001266 -0.000000  0.020491 -0.041339
                                 0.020476 -0.000000 -0.000000  0.285806 -0.000000  0.000000  0.041422  0.000450 -0.000362  0.000000
                                -0.001266 -0.000000 -0.026850  0.063025  0.088988 -0.000000 -0.000000 -0.317290 -0.000000 -0.000000
                                -0.118552 -0.016777 -0.006881 -0.000000 -0.014811  0.000000  0.119598  0.058584  0.119598  0.058584
                                 0.119598  0.058584  0.119598  0.058584

  10.1  2.00000    -0.851033     0.000000 -0.000000 -0.000000  0.066021  0.320569 -0.000000  0.035490  0.176275  0.000000  0.000000
                                -0.000000  0.003545 -0.000000  0.014791 -0.000000  0.000000 -0.000000  0.016005  0.100278  0.000000
                                -0.001263  0.010337  0.000000 -0.000000  0.000000  0.003148  0.000000  0.008902  0.000000 -0.000000
                                 0.000000 -0.016005  0.100278  0.000000  0.001263  0.010337  0.000000  0.000000  0.000000  0.003148
                                -0.000000 -0.008902 -0.000000  0.000000  0.000000 -0.066021  0.320569 -0.000000 -0.035490  0.176275
                                 0.000000 -0.000000 -0.000000  0.003545  0.000000 -0.014791  0.157919  0.075707 -0.157919 -0.075707
                                 0.157919  0.075707 -0.157919 -0.075707

  11.1  2.00000    -0.838986    -0.000000  0.000000 -0.000000  0.062317  0.324371  0.000000  0.035169  0.196636  0.000000 -0.000000
                                -0.000000  0.003960 -0.000000  0.015098  0.000000 -0.000000  0.000000  0.012046  0.089786 -0.000000
                                -0.003033 -0.001604  0.000000 -0.000000  0.000000  0.002092 -0.000000  0.016252  0.000000 -0.000000
                                 0.000000  0.012046 -0.089786  0.000000 -0.003033  0.001604 -0.000000 -0.000000 -0.000000 -0.002092
                                -0.000000  0.016252 -0.000000  0.000000 -0.000000  0.062317 -0.324371 -0.000000  0.035169 -0.196636
                                -0.000000 -0.000000  0.000000 -0.003960 -0.000000  0.015098 -0.157347 -0.065898  0.157347  0.065898
                                 0.157347  0.065898 -0.157347 -0.065898

  12.1  1.91617    -0.699293     0.000000  0.000000 -0.000000  0.223308 -0.047676  0.000000  0.119081 -0.029568 -0.000000 -0.000000
                                 0.000000 -0.022507 -0.000000  0.001742  0.000000 -0.000000 -0.000000  0.348435 -0.028118 -0.000000
                                 0.182977 -0.014854 -0.000000 -0.000000  0.000000  0.000583  0.000000 -0.003820  0.000000 -0.000000
                                -0.000000  0.348435  0.028118  0.000000  0.182977  0.014854  0.000000 -0.000000 -0.000000 -0.000583
                                 0.000000 -0.003820  0.000000  0.000000 -0.000000  0.223308  0.047676 -0.000000  0.119081  0.029568
                                 0.000000 -0.000000 -0.000000  0.022507 -0.000000  0.001742  0.003609  0.006270 -0.003609 -0.006270
                                -0.003609 -0.006270  0.003609  0.006270

  13.1  1.46367    -0.546618     0.000000 -0.000000 -0.000000  0.300232 -0.037756  0.000000  0.192779 -0.001401  0.000000  0.000000
                                 0.000000 -0.019076 -0.000000  0.013392  0.000000  0.000000 -0.000000  0.240278 -0.181990  0.000000
                                 0.152679 -0.116951  0.000000 -0.000000 -0.000000  0.027606  0.000000  0.006916 -0.000000 -0.000000
                                 0.000000 -0.240278 -0.181990  0.000000 -0.152679 -0.116951  0.000000  0.000000 -0.000000  0.027606
                                -0.000000 -0.006916 -0.000000  0.000000  0.000000 -0.300232 -0.037756  0.000000 -0.192779 -0.001401
                                 0.000000 -0.000000  0.000000 -0.019076  0.000000 -0.013392  0.025921  0.017369 -0.025921 -0.017369
                                 0.025921  0.017369 -0.025921 -0.017369

  14.1  1.44189    -0.483927     0.000000 -0.000000 -0.000000  0.124699 -0.086029  0.000000  0.080939 -0.122239  0.000000  0.000000
                                 0.000000 -0.013224 -0.000000 -0.027381  0.000000  0.000000 -0.000000  0.136327  0.366645  0.000000
                                 0.102215  0.276969  0.000000 -0.000000  0.000000  0.013577  0.000000 -0.026347 -0.000000 -0.000000
                                 0.000000 -0.136327  0.366645  0.000000 -0.102215  0.276969  0.000000  0.000000  0.000000  0.013577
                                -0.000000  0.026347 -0.000000  0.000000  0.000000 -0.124699 -0.086029  0.000000 -0.080939 -0.122239
                                 0.000000 -0.000000  0.000000 -0.013224  0.000000  0.027381 -0.073340 -0.068926  0.073340  0.068926
                                -0.073340 -0.068926  0.073340  0.068926

  15.1  0.08336    -0.087990    -0.000000  0.000000  0.000000  0.421605 -0.066323 -0.000000  0.288438  0.005627 -0.000000 -0.000000
                                 0.000000 -0.018295  0.000000  0.010329  0.000000 -0.000000 -0.000000 -0.336427 -0.115011 -0.000000
                                -0.171341 -0.076081 -0.000000 -0.000000 -0.000000  0.055428  0.000000 -0.005666  0.000000 -0.000000
                                -0.000000 -0.336427  0.115011  0.000000 -0.171341  0.076081  0.000000 -0.000000  0.000000 -0.055428
                                 0.000000 -0.005666 -0.000000  0.000000  0.000000  0.421605  0.066323  0.000000  0.288438 -0.005627
                                 0.000000 -0.000000 -0.000000  0.018295  0.000000  0.010329 -0.021754  0.000243  0.021754 -0.000243
                                 0.021754 -0.000243 -0.021754  0.000243

  16.1  0.05314    -0.011716    -0.000000  0.000000  0.000000  0.110692 -0.084053 -0.000000  0.074002 -0.129396 -0.000000 -0.000000
                                -0.000000 -0.011295  0.000000 -0.031132  0.000000 -0.000000 -0.000000 -0.052340  0.586291 -0.000000
                                -0.031718  0.344321 -0.000000  0.000000  0.000000  0.018522  0.000000  0.010216  0.000000 -0.000000
                                -0.000000 -0.052340 -0.586291  0.000000 -0.031718 -0.344321  0.000000  0.000000 -0.000000 -0.018522
                                 0.000000  0.010216 -0.000000  0.000000  0.000000  0.110692  0.084053  0.000000  0.074002  0.129396
                                 0.000000 -0.000000  0.000000  0.011295  0.000000 -0.031132  0.078463  0.056916 -0.078463 -0.056916
                                -0.078463 -0.056916  0.078463  0.056916

  17.1  0.04177     0.167294    -0.000000  0.000000  0.000000  0.353833 -0.066771 -0.000000  0.264646 -0.026358 -0.000000 -0.000000
                                -0.000000 -0.004157  0.000000  0.000733 -0.000000 -0.000000  0.000000 -0.595072  0.036193 -0.000000
                                -0.249375  0.011554 -0.000000  0.000000  0.000000  0.003785 -0.000000  0.000235  0.000000  0.000000
                                -0.000000  0.595072  0.036193 -0.000000  0.249375  0.011554 -0.000000 -0.000000  0.000000  0.003785
                                 0.000000 -0.000235  0.000000 -0.000000 -0.000000 -0.353833 -0.066771 -0.000000 -0.264646 -0.026358
                                -0.000000  0.000000 -0.000000 -0.004157 -0.000000 -0.000733  0.005865 -0.006139 -0.005865  0.006139
                                 0.005865 -0.006139 -0.005865  0.006139

  18.1  0.00000     0.073027    -0.096716  0.169523  1.331578  0.000000  0.000000  0.051045  0.000000  0.000000  0.436419  0.000682
                                -0.001403 -0.000000  0.002822 -0.000000  0.051352 -0.047534 -0.522814  0.000000  0.000000  0.084214
                                -0.000000 -0.000000  0.122452  0.018456 -0.003600  0.000000  0.005716  0.000000 -0.051352  0.047534
                                 0.522814 -0.000000 -0.000000  0.084214  0.000000 -0.000000  0.122452 -0.018456 -0.003600  0.000000
                                -0.005716 -0.000000  0.096716 -0.169523 -1.331578 -0.000000  0.000000  0.051045 -0.000000  0.000000
                                 0.436419 -0.000682 -0.001403 -0.000000 -0.002822  0.000000  0.033298  0.948477  0.033298  0.948477
                                -0.033298 -0.948477 -0.033298 -0.948477

  19.1  0.00000     0.082556     0.084596 -0.127381 -1.294794 -0.000000 -0.000000 -0.127319 -0.000000 -0.000000 -0.606139 -0.000394
                                 0.001977 -0.000000 -0.004295 -0.000000 -0.003045 -0.075604 -0.046994 -0.000000  0.000000  0.058234
                                 0.000000  0.000000 -0.020456 -0.010558  0.003082  0.000000 -0.008270  0.000000 -0.003045 -0.075604
                                -0.046994 -0.000000 -0.000000 -0.058234  0.000000 -0.000000  0.020456 -0.010558 -0.003082 -0.000000
                                -0.008270 -0.000000  0.084596 -0.127381 -1.294794 -0.000000  0.000000  0.127319 -0.000000  0.000000
                                 0.606139 -0.000394 -0.001977  0.000000 -0.004295 -0.000000  0.034881  1.029597  0.034881  1.029597
                                 0.034881  1.029597  0.034881  1.029597

  20.1  0.00000     0.137980     0.000000  0.000000 -0.000000  0.058340  0.283832  0.000000  0.275733  1.119651  0.000000 -0.000000
                                -0.000000 -0.000306  0.000000 -0.011956 -0.000000  0.000000  0.000000 -0.014439  0.015898 -0.000000
                                -0.122983 -0.324575  0.000000 -0.000000  0.000000  0.001870 -0.000000  0.024985  0.000000 -0.000000
                                 0.000000  0.014439  0.015898 -0.000000  0.122983 -0.324575  0.000000  0.000000  0.000000  0.001870
                                 0.000000 -0.024985 -0.000000  0.000000  0.000000 -0.058340  0.283832 -0.000000 -0.275733  1.119651
                                 0.000000 -0.000000  0.000000 -0.000306  0.000000  0.011956 -0.017203 -1.219878  0.017203  1.219878
                                -0.017203 -1.219878  0.017203  1.219878

  21.1  0.00000     0.167995     0.000000  0.000000 -0.000000  0.063577  0.283476  0.000000  0.255934  1.307264  0.000000  0.000000
                                -0.000000 -0.002113  0.000000  0.004133 -0.000000  0.000000 -0.000000  0.011319 -0.063236 -0.000000
                                -0.070663 -0.637821  0.000000 -0.000000 -0.000000  0.004268 -0.000000  0.008050  0.000000 -0.000000
                                -0.000000  0.011319  0.063236 -0.000000 -0.070663  0.637821  0.000000  0.000000 -0.000000 -0.004268
                                -0.000000  0.008050 -0.000000 -0.000000  0.000000  0.063577 -0.283476  0.000000  0.255934 -1.307264
                                 0.000000  0.000000 -0.000000  0.002113 -0.000000  0.004133 -0.010123  1.329327  0.010123 -1.329327
                                 0.010123 -1.329327 -0.010123  1.329327

  22.1  0.00000     0.187043    -0.034833  0.124423  1.492672  0.000000  0.000000 -0.284256  0.000000  0.000000 -1.509258 -0.009102
                                 0.005456 -0.000000 -0.011933  0.000000  0.129209 -0.175335 -1.955031  0.000000 -0.000000  0.253146
                                 0.000000 -0.000000 -1.534976  0.052047  0.002374  0.000000 -0.004405  0.000000 -0.129209  0.175335
                                 1.955031 -0.000000  0.000000  0.253146 -0.000000  0.000000 -1.534976 -0.052047  0.002374  0.000000
                                 0.004405  0.000000  0.034833 -0.124423 -1.492672  0.000000 -0.000000 -0.284256  0.000000 -0.000000
                                -1.509258  0.009102  0.005456 -0.000000  0.011933  0.000000 -0.027290 -0.492223 -0.027290 -0.492223
                                 0.027290  0.492223  0.027290  0.492223

  23.1  0.00000     0.276717     0.042023  0.221648 -6.654126 -0.000000 -0.000000 -0.194982  0.000000 -0.000000  3.626829  0.006847
                                -0.008644  0.000000  0.017441  0.000000  0.018897  0.198621 -0.605521 -0.000000  0.000000  0.223517
                                -0.000000  0.000000  7.742388  0.021694 -0.001289 -0.000000  0.001817 -0.000000 -0.018897 -0.198621
                                 0.605521  0.000000 -0.000000  0.223517  0.000000 -0.000000  7.742388 -0.021694 -0.001289 -0.000000
                                -0.001817 -0.000000 -0.042023 -0.221648  6.654126 -0.000000  0.000000 -0.194982 -0.000000  0.000000
                                 3.626829 -0.006847 -0.008644  0.000000 -0.017441 -0.000000  0.031569  0.129024  0.031569  0.129024
                                -0.031569 -0.129024 -0.031569 -0.129024

  24.1  0.00000     0.293083     0.061754  0.120124 -3.684473  0.000000 -0.000000 -0.100410  0.000000  0.000000  2.839058  0.009128
                                -0.010222 -0.000000  0.021130  0.000000 -0.046114  0.143659  4.197641  0.000000 -0.000000  0.176551
                                -0.000000 -0.000000  2.275226  0.023098 -0.001840  0.000000  0.004065 -0.000000 -0.046114  0.143659
                                 4.197641  0.000000 -0.000000 -0.176551 -0.000000  0.000000 -2.275226  0.023098  0.001840 -0.000000
                                 0.004065  0.000000  0.061754  0.120124 -3.684473  0.000000 -0.000000  0.100410  0.000000 -0.000000
                                -2.839058  0.009128  0.010222  0.000000  0.021130 -0.000000 -0.061327 -0.239980 -0.061327 -0.239980
                                -0.061327 -0.239980 -0.061327 -0.239980

  25.1  0.00000     0.401185    -0.013425  0.284356  0.484801 -0.000000 -0.000000 -0.294895 -0.000000 -0.000000 -0.468521 -0.012872
                                 0.007578  0.000000 -0.016323  0.000000  0.015640  0.824610 -1.759482 -0.000000  0.000000 -0.239453
                                 0.000000  0.000000 -0.485727  0.086656  0.002004 -0.000000 -0.004506 -0.000000  0.015640  0.824610
                                -1.759482 -0.000000  0.000000  0.239453  0.000000 -0.000000  0.485727  0.086656 -0.002004  0.000000
                                -0.004506 -0.000000 -0.013425  0.284356  0.484801 -0.000000  0.000000  0.294895 -0.000000  0.000000
                                 0.468521 -0.012872 -0.007578 -0.000000 -0.016323  0.000000  0.061730  0.210619  0.061730  0.210619
                                 0.061730  0.210619  0.061730  0.210619

  26.1  0.00000     0.482679     0.000000  0.000000 -0.000000 -0.436620  0.099260  0.000000  0.392196 -0.058492  0.000000  0.000000
                                 0.000000  0.052389 -0.000000 -0.003501 -0.000000 -0.000000 -0.000000 -0.535538  0.007561  0.000000
                                 0.442771  0.009783  0.000000 -0.000000  0.000000 -0.020158 -0.000000  0.007923 -0.000000 -0.000000
                                 0.000000 -0.535538 -0.007561 -0.000000  0.442771 -0.009783  0.000000 -0.000000  0.000000  0.020158
                                 0.000000  0.007923  0.000000 -0.000000  0.000000 -0.436620 -0.099260  0.000000  0.392196  0.058492
                                -0.000000  0.000000 -0.000000 -0.052389  0.000000 -0.003501  0.000093  0.058667 -0.000093 -0.058667
                                -0.000093 -0.058667  0.000093  0.058667

  27.1  0.00000     0.527237     0.000000  0.000000 -0.000000  0.355009 -0.186960  0.000000 -0.367932  0.440053  0.000000 -0.000000
                                -0.000000 -0.016276 -0.000000  0.029267  0.000000 -0.000000 -0.000000  0.039390 -0.582523 -0.000000
                                 0.062835  0.454960  0.000000 -0.000000  0.000000  0.030642 -0.000000  0.026259 -0.000000 -0.000000
                                 0.000000 -0.039390 -0.582523 -0.000000 -0.062835  0.454960  0.000000  0.000000  0.000000  0.030642
                                 0.000000 -0.026259 -0.000000  0.000000  0.000000 -0.355009 -0.186960 -0.000000  0.367932  0.440053
                                 0.000000  0.000000  0.000000 -0.016276 -0.000000 -0.029267 -0.052037 -0.279081  0.052037  0.279081
                                -0.052037 -0.279081  0.052037  0.279081

  28.1  0.00000     0.555802    -0.000000 -0.000000 -0.000000 -0.579298  0.016475  0.000000  0.780889  0.189723  0.000000 -0.000000
                                -0.000000  0.024572  0.000000  0.007683  0.000000 -0.000000 -0.000000 -0.152796 -0.376949 -0.000000
                                -0.036737  0.314359  0.000000 -0.000000  0.000000 -0.051426 -0.000000  0.035824 -0.000000  0.000000
                                 0.000000  0.152796 -0.376949 -0.000000  0.036737  0.314359  0.000000  0.000000  0.000000 -0.051426
                                -0.000000 -0.035824  0.000000  0.000000  0.000000  0.579298  0.016475  0.000000 -0.780889  0.189723
                                 0.000000  0.000000 -0.000000  0.024572 -0.000000 -0.007683 -0.057629 -0.230208  0.057629  0.230208
                                -0.057629 -0.230208  0.057629  0.230208

  29.1  0.00000     0.607896     0.000000  0.000000  0.000000 -0.272978  0.275312 -0.000000  0.412895 -0.616008 -0.000000  0.000000
                                 0.000000  0.003813 -0.000000  0.007029 -0.000000  0.000000  0.000000  0.289318  0.433011  0.000000
                                -0.421393 -0.597366 -0.000000  0.000000  0.000000 -0.049665 -0.000000  0.024416  0.000000 -0.000000
                                -0.000000  0.289318 -0.433011  0.000000 -0.421393  0.597366 -0.000000 -0.000000  0.000000  0.049665
                                 0.000000  0.024416 -0.000000  0.000000 -0.000000 -0.272978 -0.275312 -0.000000  0.412895  0.616008
                                -0.000000 -0.000000  0.000000 -0.003813  0.000000  0.007029 -0.139046 -0.292127  0.139046  0.292127
                                 0.139046  0.292127 -0.139046 -0.292127

  30.1  0.00000     0.638833    -0.000000 -0.000000 -0.000000 -0.413641 -0.055144 -0.000000  0.835431  0.156916  0.000000 -0.000000
                                -0.000000 -0.009413  0.000000 -0.014883  0.000000 -0.000000 -0.000000  0.335586 -0.386049 -0.000000
                                -0.585649  0.705997  0.000000  0.000000 -0.000000 -0.053012  0.000000 -0.005692 -0.000000  0.000000
                                 0.000000  0.335586  0.386049 -0.000000 -0.585649 -0.705997  0.000000 -0.000000 -0.000000  0.053012
                                -0.000000 -0.005692  0.000000  0.000000  0.000000 -0.413641  0.055144  0.000000  0.835431 -0.156916
                                 0.000000  0.000000 -0.000000  0.009413 -0.000000 -0.014883  0.119704  0.178838 -0.119704 -0.178838
                                -0.119704 -0.178838  0.119704  0.178838

  31.1  0.00000     0.642040    -0.040611 -0.530251 -1.925738  0.000000 -0.000000 -0.042002 -0.000000  0.000000  1.362879 -0.068413
                                -0.040326  0.000000  0.082509  0.000000  0.044799 -0.616638 -0.570173 -0.000000  0.000000 -0.159047
                                 0.000000 -0.000000  4.136757  0.027880 -0.009454  0.000000  0.017500 -0.000000 -0.044799  0.616638
                                 0.570173 -0.000000 -0.000000 -0.159047  0.000000  0.000000  4.136757 -0.027880 -0.009454 -0.000000
                                -0.017500  0.000000  0.040611  0.530251  1.925738  0.000000 -0.000000 -0.042002 -0.000000  0.000000
                                 1.362879  0.068413 -0.040326 -0.000000 -0.082509  0.000000  0.340823  0.153973  0.340823  0.153973
                                -0.340823 -0.153973 -0.340823 -0.153973

  32.1  0.00000     0.689634    -0.050646 -0.528912  0.544022  0.000000  0.000000 -0.202892  0.000000 -0.000000  0.479479 -0.084915
                                -0.046038  0.000000  0.094383  0.000000  0.025907 -0.159135  0.540821  0.000000 -0.000000 -0.385289
                                -0.000000 -0.000000  0.720140  0.066215 -0.009100  0.000000  0.023759  0.000000  0.025907 -0.159135
                                 0.540821 -0.000000 -0.000000  0.385289  0.000000  0.000000 -0.720140  0.066215  0.009100 -0.000000
                                 0.023759 -0.000000 -0.050646 -0.528912  0.544022  0.000000  0.000000  0.202892 -0.000000 -0.000000
                                -0.479479 -0.084915  0.046038 -0.000000  0.094383  0.000000 -0.382468 -0.103752 -0.382468 -0.103752
                                -0.382468 -0.103752 -0.382468 -0.103752

  33.1  0.00000     0.693710     0.000000  0.000000 -0.000000  0.065169 -0.176521 -0.000000 -0.661502  0.648225  0.000000 -0.000000
                                -0.000000 -0.017601  0.000000 -0.059503  0.000000 -0.000000  0.000000 -0.543654  0.123277 -0.000000
                                 1.584570 -0.329250  0.000000  0.000000 -0.000000  0.004380  0.000000  0.028371  0.000000  0.000000
                                -0.000000  0.543654  0.123277 -0.000000 -1.584570 -0.329250  0.000000 -0.000000 -0.000000  0.004380
                                -0.000000 -0.028371 -0.000000 -0.000000  0.000000 -0.065169 -0.176521 -0.000000  0.661502  0.648225
                                 0.000000  0.000000 -0.000000 -0.017601 -0.000000  0.059503 -0.188544 -0.062627  0.188544  0.062627
                                -0.188544 -0.062627  0.188544  0.062627

  34.1  0.00000     0.777922     0.000000  0.000000 -0.000000 -0.066654 -0.306899  0.000000  0.689950  1.231666 -0.000000  0.000000
                                 0.000000 -0.010335 -0.000000 -0.137203  0.000000  0.000000 -0.000000  0.307343  0.130061 -0.000000
                                -1.098576 -0.500850  0.000000 -0.000000  0.000000  0.001114 -0.000000  0.090425 -0.000000 -0.000000
                                 0.000000 -0.307343  0.130061  0.000000  1.098576 -0.500850  0.000000  0.000000  0.000000  0.001114
                                 0.000000 -0.090425 -0.000000  0.000000 -0.000000  0.066654 -0.306899 -0.000000 -0.689950  1.231666
                                -0.000000 -0.000000  0.000000 -0.010335  0.000000  0.137203 -0.369605 -0.255163  0.369605  0.255163
                                -0.369605 -0.255163  0.369605  0.255163

  35.1  0.00000     0.890576    -0.000000 -0.000000  0.000000  0.174111  0.742929 -0.000000 -0.404124 -1.845211 -0.000000  0.000000
                                -0.000000 -0.022012  0.000000 -0.098855 -0.000000  0.000000  0.000000 -0.030634 -0.206931  0.000000
                                 0.105094  0.921671 -0.000000  0.000000 -0.000000  0.027516  0.000000  0.077638  0.000000 -0.000000
                                -0.000000 -0.030634  0.206931  0.000000  0.105094 -0.921671 -0.000000 -0.000000 -0.000000 -0.027516
                                -0.000000  0.077638  0.000000  0.000000 -0.000000  0.174111 -0.742929 -0.000000 -0.404124  1.845211
                                -0.000000 -0.000000 -0.000000  0.022012 -0.000000 -0.098855  0.341461 -1.238815 -0.341461  1.238815
                                -0.341461  1.238815  0.341461 -1.238815

  36.1  0.00000     0.902092    -0.000000 -0.000000  0.000000  0.150676  0.724120 -0.000000 -0.380772 -1.624081 -0.000000  0.000000
                                -0.000000 -0.022926  0.000000 -0.099774 -0.000000 -0.000000  0.000000 -0.029468 -0.153537  0.000000
                                 0.159396  0.426424 -0.000000  0.000000 -0.000000  0.016911  0.000000  0.130291  0.000000  0.000000
                                -0.000000  0.029468 -0.153537  0.000000 -0.159396  0.426424 -0.000000 -0.000000 -0.000000  0.016911
                                -0.000000 -0.130291  0.000000 -0.000000 -0.000000 -0.150676  0.724120  0.000000  0.380772 -1.624081
                                -0.000000  0.000000 -0.000000 -0.022926 -0.000000  0.099774 -0.342896  1.185093  0.342896 -1.185093
                                -0.342896  1.185093  0.342896 -1.185093

  37.1  0.00000     0.972147    -0.021419  0.889638 -1.831350  0.000000  0.000000  0.509326 -0.000000 -0.000000 -0.623018  0.064770
                                -0.040357  0.000000  0.082234  0.000000 -0.003463  0.224542 -0.093608 -0.000000 -0.000000  0.061051
                                 0.000000  0.000000  0.086965 -0.014392  0.003938 -0.000000 -0.015139 -0.000000 -0.003463  0.224542
                                -0.093608  0.000000 -0.000000 -0.061051 -0.000000 -0.000000 -0.086965 -0.014392 -0.003938  0.000000
                                -0.015139 -0.000000 -0.021419  0.889638 -1.831350 -0.000000  0.000000 -0.509326  0.000000 -0.000000
                                 0.623018  0.064770  0.040357 -0.000000  0.082234  0.000000 -0.416127  0.944340 -0.416127  0.944340
                                -0.416127  0.944340 -0.416127  0.944340

  38.1  0.00000     0.972402    -0.021034  0.966071 -2.574538  0.000000  0.000000  0.499497 -0.000000 -0.000000 -0.362549  0.064520
                                -0.036022 -0.000000  0.076041 -0.000000  0.003347  0.105959 -0.357785 -0.000000  0.000000  0.097865
                                -0.000000 -0.000000  0.981263 -0.023317  0.008687  0.000000 -0.009293  0.000000 -0.003347 -0.105959
                                 0.357785  0.000000  0.000000  0.097865  0.000000 -0.000000  0.981263  0.023317  0.008687 -0.000000
                                 0.009293  0.000000  0.021034 -0.966071  2.574538  0.000000 -0.000000  0.499497 -0.000000  0.000000
                                -0.362549 -0.064520 -0.036022  0.000000 -0.076041 -0.000000  0.397783 -0.947203  0.397783 -0.947203
                                -0.397783  0.947203 -0.397783  0.947203

  39.1  0.00000     1.006565     0.040632 -0.708751 -0.738030  0.000000 -0.000000  0.528611  0.000000  0.000000  0.192740  0.063355
                                 0.006821  0.000000 -0.012849  0.000000 -0.051657  0.731629  0.866066 -0.000000  0.000000 -0.087783
                                 0.000000 -0.000000  1.541210 -0.072971 -0.000285  0.000000  0.003306 -0.000000 -0.051657  0.731629
                                 0.866066 -0.000000 -0.000000  0.087783  0.000000  0.000000 -1.541210 -0.072971  0.000285  0.000000
                                 0.003306 -0.000000  0.040632 -0.708751 -0.738030  0.000000  0.000000 -0.528611  0.000000 -0.000000
                                -0.192740  0.063355 -0.006821 -0.000000 -0.012849  0.000000  0.076917 -0.149583  0.076917 -0.149583
                                 0.076917 -0.149583  0.076917 -0.149583

  40.1  0.00000     1.037745    -0.051369 -0.259938  8.111258 -0.000000 -0.000000 -0.421625  0.000000  0.000000 -2.964991 -0.017184
                                -0.054921  0.000000  0.110373  0.000000 -0.009985  0.938149 -0.726378 -0.000000 -0.000000 -0.335963
                                 0.000000  0.000000 -8.831094 -0.012610 -0.013708 -0.000000  0.021905 -0.000000  0.009985 -0.938149
                                 0.726378  0.000000  0.000000 -0.335963 -0.000000 -0.000000 -8.831094  0.012610 -0.013708  0.000000
                                -0.021905 -0.000000  0.051369  0.259938 -8.111258 -0.000000  0.000000 -0.421625  0.000000  0.000000
                                -2.964991  0.017184 -0.054921 -0.000000 -0.110373  0.000000  0.279311 -0.142828  0.279311 -0.142828
                                -0.279311  0.142828 -0.279311  0.142828

  41.1  0.00000     1.111740     0.000000 -0.000000  0.000000  0.140529  0.258395  0.000000 -0.404707 -2.319239 -0.000000  0.000000
                                -0.000000  0.121016  0.000000  0.155754 -0.000000 -0.000000  0.000000 -0.007386 -0.296034  0.000000
                                 0.111316  2.176511 -0.000000  0.000000 -0.000000 -0.129452  0.000000 -0.035281  0.000000  0.000000
                                -0.000000 -0.007386  0.296034  0.000000  0.111316 -2.176511 -0.000000  0.000000 -0.000000  0.129452
                                -0.000000 -0.035281 -0.000000  0.000000 -0.000000  0.140529 -0.258395  0.000000 -0.404707  2.319239
                                -0.000000 -0.000000 -0.000000 -0.121016 -0.000000  0.155754 -0.443725 -0.648237  0.443725  0.648237
                                 0.443725  0.648237 -0.443725 -0.648237

  42.1  0.00000     1.158951     0.000244 -0.905171 10.497749 -0.000000 -0.000000  0.182754  0.000000  0.000000 -3.899567  0.192135
                                -0.046424 -0.000000  0.091584 -0.000000 -0.017809 -0.007420  2.477151 -0.000000  0.000000  0.845548
                                -0.000000 -0.000000-12.814081 -0.007810 -0.018004  0.000000  0.024749 -0.000000  0.017809  0.007420
                                -2.477151  0.000000 -0.000000  0.845548 -0.000000  0.000000-12.814081  0.007810 -0.018004 -0.000000
                                -0.024749  0.000000 -0.000244  0.905171-10.497749 -0.000000  0.000000  0.182754  0.000000 -0.000000
                                -3.899567 -0.192135 -0.046424  0.000000 -0.091584 -0.000000  0.131588  0.006045  0.131588  0.006045
                                -0.131588 -0.006045 -0.131588 -0.006045

  43.1  0.00000     1.238801     0.040209  0.837289 -8.400595 -0.000000 -0.000000  0.111861  0.000000  0.000000  3.403236 -0.158485
                                 0.069777 -0.000000 -0.149180 -0.000000 -0.022076 -0.590034  8.250412  0.000000  0.000000 -0.579162
                                 0.000000 -0.000000  5.563009  0.132599  0.020510  0.000000 -0.066174 -0.000000 -0.022076 -0.590034
                                 8.250412  0.000000 -0.000000  0.579162 -0.000000  0.000000 -5.563009  0.132599 -0.020510 -0.000000
                                -0.066174 -0.000000  0.040209  0.837289 -8.400595 -0.000000  0.000000 -0.111861  0.000000 -0.000000
                                -3.403236 -0.158485 -0.069777  0.000000 -0.149180  0.000000  0.177322 -0.042129  0.177322 -0.042129
                                 0.177322 -0.042129  0.177322 -0.042129

  44.1  0.00000     1.374086    -0.000000  0.000000  0.000000 -0.207224  0.112536 -0.000000 -0.115634 -0.901675 -0.000000 -0.000000
                                 0.000000 -0.296696  0.000000  0.128027 -0.000000 -0.000000  0.000000  0.001595 -0.073981  0.000000
                                 0.087313  0.798113 -0.000000  0.000000  0.000000  0.452012  0.000000 -0.043635  0.000000  0.000000
                                -0.000000  0.001595  0.073981 -0.000000  0.087313 -0.798113 -0.000000 -0.000000  0.000000 -0.452012
                                 0.000000 -0.043635 -0.000000 -0.000000  0.000000 -0.207224 -0.112536 -0.000000 -0.115634  0.901675
                                 0.000000  0.000000  0.000000  0.296696  0.000000  0.128027 -0.175301 -0.273189  0.175301  0.273189
                                 0.175301  0.273189 -0.175301 -0.273189

  45.1  0.00000     1.474070    -0.003875 -0.072115  0.376602  0.000000 -0.000000  0.000900  0.000000  0.000000 -0.082058  0.005458
                                 0.368665  0.000000  0.141840 -0.000000  0.001350  0.038458 -0.149496 -0.000000  0.000000  0.010616
                                 0.000000 -0.000000 -0.211856 -0.004929  0.525241 -0.000000  0.075839 -0.000000 -0.001350 -0.038458
                                 0.149496  0.000000 -0.000000  0.010616 -0.000000  0.000000 -0.211856  0.004929  0.525241  0.000000
                                -0.075839  0.000000  0.003875  0.072115 -0.376602 -0.000000  0.000000  0.000900  0.000000 -0.000000
                                -0.082058 -0.005458  0.368665 -0.000000 -0.141840 -0.000000  0.030288  0.031757  0.030288  0.031757
                                -0.030288 -0.031757 -0.030288 -0.031757

  46.1  0.00000     1.517009     0.012064  0.157970 -1.175263 -0.000000 -0.000000  0.024885  0.000000  0.000000  0.316724 -0.015722
                                 0.306754  0.000000  0.241644  0.000000 -0.003812 -0.057624  0.949745  0.000000  0.000000 -0.053391
                                -0.000000 -0.000000  0.638038  0.014331  0.181376 -0.000000  0.506404 -0.000000 -0.003812 -0.057624
                                 0.949745  0.000000 -0.000000  0.053391 -0.000000  0.000000 -0.638038  0.014331 -0.181376  0.000000
                                 0.506404  0.000000  0.012064  0.157970 -1.175263 -0.000000  0.000000 -0.024885  0.000000 -0.000000
                                -0.316724 -0.015722 -0.306754 -0.000000  0.241644 -0.000000  0.081734  0.063974  0.081734  0.063974
                                 0.081734  0.063974  0.081734  0.063974

  47.1  0.00000     1.617392     0.001084  0.614083 10.979142 -0.000000 -0.000000 -0.569010  0.000000  0.000000 -3.683829 -0.038185
                                -0.011092  0.000000  0.140673 -0.000000 -0.076381 -1.205847 10.710779  0.000000  0.000000  0.137143
                                -0.000000 -0.000000-19.337211  0.226786 -0.024891 -0.000000  0.099848  0.000000  0.076381  1.205847
                               -10.710779 -0.000000 -0.000000  0.137143 -0.000000  0.000000-19.337211 -0.226786 -0.024891  0.000000
                                -0.099848 -0.000000 -0.001084 -0.614083-10.979142  0.000000 -0.000000 -0.569010  0.000000 -0.000000
                                -3.683829  0.038185 -0.011092 -0.000000 -0.140673  0.000000  0.027851 -0.134337  0.027851 -0.134337
                                -0.027851  0.134337 -0.027851  0.134337

  48.1  0.00000     1.620367    -0.017255 -0.198007  1.508686  0.000000 -0.000000 -0.028689 -0.000000 -0.000000 -0.394358  0.020369
                                 0.423007  0.000000  0.040318 -0.000000  0.005314  0.070153 -1.207252 -0.000000 -0.000000  0.065484
                                 0.000000  0.000000 -0.812769 -0.016985  0.360741 -0.000000 -0.389299  0.000000  0.005314  0.070153
                                -1.207252 -0.000000  0.000000 -0.065484 -0.000000 -0.000000  0.812769 -0.016985 -0.360741 -0.000000
                                -0.389299 -0.000000 -0.017255 -0.198007  1.508686  0.000000 -0.000000  0.028689  0.000000  0.000000
                                 0.394358  0.020369 -0.423007  0.000000  0.040318  0.000000 -0.128013 -0.078794 -0.128013 -0.078794
                                -0.128013 -0.078794 -0.128013 -0.078794

  49.1  0.00000     1.656441    -0.000000 -0.000000 -0.000000  0.063227 -0.182230  0.000000 -0.337211 -0.702811  0.000000  0.000000
                                -0.000000  0.214060 -0.000000 -0.142561  0.000000  0.000000 -0.000000  0.017082  0.041079 -0.000000
                                 0.383723  0.297638  0.000000 -0.000000  0.000000 -0.104381 -0.000000  0.543274 -0.000000 -0.000000
                                 0.000000 -0.017082  0.041079 -0.000000 -0.383723  0.297638  0.000000  0.000000  0.000000 -0.104381
                                 0.000000 -0.543274  0.000000  0.000000  0.000000 -0.063227 -0.182230  0.000000  0.337211 -0.702811
                                 0.000000 -0.000000  0.000000  0.214060  0.000000  0.142561  0.352827  0.168818 -0.352827 -0.168818
                                 0.352827  0.168818 -0.352827 -0.168818

  50.1  0.00000     1.723501     0.019146  0.060993 -4.964340  0.000000  0.000000  0.166962 -0.000000 -0.000000  1.507476 -0.015958
                                 0.193264  0.000000  0.317286 -0.000000  0.018845  0.227744 -2.788223 -0.000000 -0.000000 -0.069331
                                 0.000000  0.000000  6.980046 -0.052592 -0.292195 -0.000000  0.488211  0.000000 -0.018845 -0.227744
                                 2.788223  0.000000  0.000000 -0.069331 -0.000000 -0.000000  6.980046  0.052592 -0.292195 -0.000000
                                -0.488211 -0.000000 -0.019146 -0.060993  4.964340 -0.000000 -0.000000  0.166962  0.000000  0.000000
                                 1.507476  0.015958  0.193264  0.000000 -0.317286  0.000000 -0.184270 -0.050060 -0.184270 -0.050060
                                 0.184270  0.050060  0.184270  0.050060

  51.1  0.00000     1.799153    -0.000000  0.000000  0.000000  0.165891  0.087294 -0.000000 -0.218737  0.287079 -0.000000 -0.000000
                                -0.000000  0.540889  0.000000 -0.002072 -0.000000 -0.000000  0.000000  0.099884 -0.031551  0.000000
                                 0.396415 -0.133476 -0.000000  0.000000  0.000000 -0.313586 -0.000000 -0.238231  0.000000  0.000000
                                -0.000000 -0.099884 -0.031551  0.000000 -0.396415 -0.133476 -0.000000 -0.000000  0.000000 -0.313586
                                 0.000000  0.238231  0.000000 -0.000000 -0.000000 -0.165891  0.087294 -0.000000  0.218737  0.287079
                                -0.000000  0.000000 -0.000000  0.540889 -0.000000  0.002072 -0.192028 -0.019912  0.192028  0.019912
                                -0.192028 -0.019912  0.192028  0.019912

  52.1  0.00000     1.897132     0.011466  0.060266 -2.054959  0.000000  0.000000  0.054234 -0.000000 -0.000000  0.617793 -0.015275
                                -0.515538 -0.000000 -0.083770  0.000000  0.005546  0.051500 -0.869657 -0.000000 -0.000000 -0.024294
                                 0.000000  0.000000  2.667902 -0.015519  0.330133  0.000000  0.409394  0.000000 -0.005546 -0.051500
                                 0.869657  0.000000  0.000000 -0.024294 -0.000000 -0.000000  2.667902  0.015519  0.330133 -0.000000
                                -0.409394 -0.000000 -0.011466 -0.060266  2.054959  0.000000 -0.000000  0.054234 -0.000000  0.000000
                                 0.617793  0.015275 -0.515538  0.000000  0.083770  0.000000 -0.113717 -0.020508 -0.113717 -0.020508
                                 0.113717  0.020508  0.113717  0.020508

  53.1  0.00000     1.986276    -0.009517 -0.079816  0.655367 -0.000000 -0.000000 -0.002711 -0.000000 -0.000000 -0.181086  0.017088
                                -0.344767  0.000000 -0.315009 -0.000000  0.002412  0.022552 -0.530373  0.000000 -0.000000  0.026216
                                 0.000000  0.000000 -0.356823 -0.000249  0.575537  0.000000  0.159373  0.000000  0.002412  0.022552
                                -0.530373  0.000000  0.000000 -0.026216  0.000000 -0.000000  0.356823 -0.000249 -0.575537 -0.000000
                                 0.159373  0.000000 -0.009517 -0.079816  0.655367  0.000000 -0.000000  0.002711 -0.000000  0.000000
                                 0.181086  0.017088  0.344767 -0.000000 -0.315009 -0.000000 -0.085210 -0.016756 -0.085210 -0.016756
                                -0.085210 -0.016756 -0.085210 -0.016756

  54.1  0.00000     2.066899    -0.000000  0.000000  0.000000  0.046506  0.181111  0.000000  0.180637  0.602612 -0.000000  0.000000
                                -0.000000 -0.085695  0.000000  0.499578 -0.000000 -0.000000 -0.000000 -0.040479  0.197062  0.000000
                                -0.083067 -0.377572 -0.000000  0.000000  0.000000 -0.159982 -0.000000 -0.430856  0.000000  0.000000
                                -0.000000 -0.040479 -0.197062 -0.000000 -0.083067  0.377572  0.000000 -0.000000 -0.000000  0.159982
                                 0.000000 -0.430856 -0.000000 -0.000000  0.000000  0.046506 -0.181111 -0.000000  0.180637 -0.602612
                                 0.000000 -0.000000  0.000000  0.085695 -0.000000  0.499578  0.448141  0.076490 -0.448141 -0.076490
                                -0.448141 -0.076490  0.448141  0.076490

  55.1  0.00000     2.206072    -0.038981 -0.469440  1.491837  0.000000 -0.000000  0.142908  0.000000  0.000000 -0.675373  0.530752
                                 0.137952  0.000000 -0.229510 -0.000000 -0.011152 -0.456505 -0.841530  0.000000 -0.000000 -0.039633
                                -0.000000  0.000000 -0.531316  0.398371 -0.088529  0.000000  0.075821 -0.000000 -0.011152 -0.456505
                                -0.841530 -0.000000  0.000000  0.039633  0.000000 -0.000000  0.531316  0.398371  0.088529 -0.000000
                                 0.075821  0.000000 -0.038981 -0.469440  1.491837  0.000000 -0.000000 -0.142908 -0.000000  0.000000
                                 0.675373  0.530752 -0.137952 -0.000000 -0.229510 -0.000000 -0.113598 -0.047013 -0.113598 -0.047013
                                -0.113598 -0.047013 -0.113598 -0.047013

  56.1  0.00000     2.275947     0.027938  0.096782 -2.262895 -0.000000 -0.000000  0.063975  0.000000  0.000000  0.548994  0.186595
                                -0.328466  0.000000  0.584201  0.000000 -0.018399 -0.339355  2.097808  0.000000  0.000000 -0.140310
                                -0.000000 -0.000000  1.419678  0.198979  0.187720 -0.000000 -0.188621  0.000000 -0.018399 -0.339355
                                 2.097808  0.000000 -0.000000  0.140310 -0.000000  0.000000 -1.419678  0.198979 -0.187720  0.000000
                                -0.188621 -0.000000  0.027938  0.096782 -2.262895 -0.000000  0.000000 -0.063975  0.000000 -0.000000
                                -0.548994  0.186595  0.328466 -0.000000  0.584201 -0.000000  0.412703 -0.018617  0.412703 -0.018617
                                 0.412703 -0.018617  0.412703 -0.018617

  57.1  0.00000     2.314847     0.043533  0.184602 -5.452762 -0.000000  0.000000  0.133450 -0.000000 -0.000000  1.771224 -0.197658
                                -0.273776  0.000000  0.624516 -0.000000  0.013949  0.120214 -1.656355  0.000000 -0.000000  0.081452
                                 0.000000  0.000000  6.653124 -0.065431  0.084489  0.000000 -0.333848  0.000000 -0.013949 -0.120214
                                 1.656355 -0.000000  0.000000  0.081452  0.000000 -0.000000  6.653124  0.065431  0.084489 -0.000000
                                 0.333848 -0.000000 -0.043533 -0.184602  5.452762  0.000000 -0.000000  0.133450 -0.000000  0.000000
                                 1.771224  0.197658 -0.273776 -0.000000 -0.624516 -0.000000 -0.409290  0.023719 -0.409290  0.023719
                                 0.409290 -0.023719  0.409290 -0.023719

  58.1  0.00000     2.368509    -0.000000 -0.000000  0.000000 -0.098825  0.042754 -0.000000 -0.128368  0.235824 -0.000000  0.000000
                                 0.000000  0.733912 -0.000000  0.066145 -0.000000 -0.000000  0.000000  0.235521  0.045751 -0.000000
                                 0.106705 -0.185288 -0.000000  0.000000 -0.000000  0.521700  0.000000 -0.121436  0.000000  0.000000
                                -0.000000  0.235521 -0.045751 -0.000000  0.106705  0.185288 -0.000000 -0.000000 -0.000000 -0.521700
                                -0.000000 -0.121436  0.000000  0.000000 -0.000000 -0.098825 -0.042754 -0.000000 -0.128368 -0.235824
                                -0.000000 -0.000000  0.000000 -0.733912  0.000000  0.066145  0.148088  0.022492 -0.148088 -0.022492
                                -0.148088 -0.022492  0.148088  0.022492

  59.1  0.00000     2.502566    -0.025919 -0.079924 -1.957137 -0.000000  0.000000 -0.122976 -0.000000 -0.000000  0.324803  0.773934
                                -0.073382 -0.000000  0.158894 -0.000000 -0.014187 -0.265783 -2.045377  0.000000 -0.000000 -0.794983
                                 0.000000  0.000000  3.878832  0.185930  0.019809 -0.000000 -0.066281  0.000000  0.014187  0.265783
                                 2.045377 -0.000000  0.000000 -0.794983 -0.000000 -0.000000  3.878832 -0.185930  0.019809 -0.000000
                                 0.066281  0.000000  0.025919  0.079924  1.957137  0.000000 -0.000000 -0.122976  0.000000  0.000000
                                 0.324803 -0.773934 -0.073382  0.000000 -0.158894  0.000000 -0.163058  0.036602 -0.163058  0.036602
                                 0.163058 -0.036602  0.163058 -0.036602

  60.1  0.00000     2.571591    -0.000000 -0.000000  0.000000  0.035787 -0.013047 -0.000000  0.095053  0.144339 -0.000000  0.000000
                                 0.000000  0.014098 -0.000000  0.845215 -0.000000  0.000000 -0.000000  0.023553  0.255342  0.000000
                                -0.089733 -0.027336 -0.000000  0.000000 -0.000000 -0.084328  0.000000  0.401737  0.000000  0.000000
                                -0.000000 -0.023553  0.255342 -0.000000  0.089733 -0.027336 -0.000000 -0.000000 -0.000000 -0.084328
                                -0.000000 -0.401737  0.000000  0.000000 -0.000000 -0.035787 -0.013047 -0.000000 -0.095053  0.144339
                                -0.000000 -0.000000 -0.000000  0.014098 -0.000000 -0.845215 -0.382302  0.083086  0.382302 -0.083086
                                -0.382302  0.083086  0.382302 -0.083086

  61.1  0.00000     3.012440     0.025147 -0.494628 -1.410396  0.000000 -0.000000  0.765680  0.000000  0.000000  0.792155 -0.804064
                                 0.003860 -0.000000 -0.007832  0.000000 -0.017216  0.357087  1.610658 -0.000000  0.000000  0.897817
                                -0.000000 -0.000000  0.706414  0.768601  0.000605 -0.000000 -0.001395  0.000000 -0.017216  0.357087
                                 1.610658 -0.000000 -0.000000 -0.897817  0.000000  0.000000 -0.706414  0.768601 -0.000605 -0.000000
                                -0.001395  0.000000  0.025147 -0.494628 -1.410396 -0.000000  0.000000 -0.765680  0.000000 -0.000000
                                -0.792155 -0.804064 -0.003860 -0.000000 -0.007832  0.000000 -0.010375 -0.046007 -0.010375 -0.046007
                                -0.010375 -0.046007 -0.010375 -0.046007

  62.1  0.00000     3.014315     0.000000 -0.000000 -0.000000 -0.195775  0.011793  0.000000 -0.127026  0.025389  0.000000 -0.000000
                                -0.000000  0.609030  0.000000  0.067613 -0.000000  0.000000  0.000000  0.020992  0.018602  0.000000
                                 0.127219 -0.013366 -0.000000  0.000000  0.000000  0.915214 -0.000000  0.017834 -0.000000  0.000000
                                 0.000000 -0.020992  0.018602 -0.000000 -0.127219 -0.013366 -0.000000  0.000000 -0.000000  0.915214
                                 0.000000 -0.017834  0.000000 -0.000000 -0.000000  0.195775  0.011793 -0.000000  0.127026  0.025389
                                -0.000000 -0.000000 -0.000000  0.609030 -0.000000 -0.067613 -0.068498  0.029067  0.068498 -0.029067
                                -0.068498  0.029067  0.068498 -0.029067

  63.1  0.00000     3.104483    -0.000000  0.000000 -0.000000  0.007394 -0.149157 -0.000000  0.041291  0.128517  0.000000  0.000000
                                 0.000000  0.056010 -0.000000  0.716363  0.000000  0.000000 -0.000000  0.015179  0.080387 -0.000000
                                -0.016294 -0.111677  0.000000 -0.000000 -0.000000  0.012106 -0.000000  0.869477 -0.000000 -0.000000
                                -0.000000  0.015179 -0.080387  0.000000 -0.016294  0.111677  0.000000 -0.000000  0.000000 -0.012106
                                 0.000000  0.869477 -0.000000  0.000000  0.000000  0.007394  0.149157  0.000000  0.041291 -0.128517
                                 0.000000  0.000000  0.000000 -0.056010 -0.000000  0.716363  0.250672 -0.045926 -0.250672  0.045926
                                -0.250672  0.045926  0.250672 -0.045926

  64.1  0.00000     3.724987     0.005735 -0.653231  0.574809 -0.000000 -0.000000  0.834799  0.000000  0.000000  0.044066 -0.668657
                                 0.008296  0.000000 -0.016839 -0.000000 -0.097868  0.633649  2.997819  0.000000 -0.000000  0.170501
                                 0.000000 -0.000000 -2.200047  1.490658 -0.000180 -0.000000  0.000475 -0.000000  0.097868 -0.633649
                                -2.997819 -0.000000 -0.000000  0.170501 -0.000000  0.000000 -2.200047 -1.490658 -0.000180  0.000000
                                -0.000475  0.000000 -0.005735  0.653231 -0.574809  0.000000 -0.000000  0.834799  0.000000  0.000000
                                 0.044066  0.668657  0.008296  0.000000  0.016839 -0.000000  0.020703  0.049303  0.020703  0.049303
                                -0.020703 -0.049303 -0.020703 -0.049303

 Total charge:   1.000000000000
 

 Natural orbital dump (state averaged) at molpro section  2141.2    (Orbital set 2)



 **********************************************************************************************************************************
 DATASETS  * FILE   NREC   LENGTH (MB)   RECORD NAMES
              1      21       31.31       500      610      700      900      950      970     1000      129      960     1100   
                                          VAR    BASINP    GEOM    SYMINP    ZMAT    AOBASIS   BASIS     P2S    ABASIS      S 
                                         1400     1410     1200     1210     1080     1600     1650     1300     1700     1380   
                                           T        V       H0       H01     AOSYM     SMH    MOLCAS    ERIS     OPER     JKOP   
                                         5101   
                                        CPSAMC    

              2       5        5.55       700     1000      520     2140     2141   
                                         GEOM     BASIS   MCVARS   MATROP    MCSCF   

 PROGRAMS   *        TOTAL     MULTI       INT    MATROP       INT
 CPU TIMES  *         2.98      2.25      0.49      0.06      0.03
 REAL TIME  *         6.17 SEC
 DISK USED  *        73.90 MB      
 **********************************************************************************************************************************

1PROGRAM * FORCE (Gradient of the energy)

 SA-MCSCF information from    5101.1
 Orbitals from record         2141.2

 Number of closed-shell orbitals: 11 ( 11 )
 Number of active orbitals:        6 (  6 )
 Number of occupied orbitals:     17 ( 17 )

 Number of electrons= 27     Doublet     Space symmetry=1      Wavefunction type: SA-MCSCF


 End of calculation of the energy gradient  ,IREST=   0


 SA-MC GRADIENT FOR STATE 1.1

 Atom          dE/dx               dE/dy               dE/dz

   1        -0.000000000        -0.000000000        -0.131883967
   2         0.000000000         0.000000000         0.234500609
   3         0.000000000         0.000000000        -0.234500609
   4        -0.000000000        -0.000000000         0.131883967
   5         0.001162937         0.008565248        -0.005637075
   6        -0.001162937        -0.008565248        -0.005637075
   7        -0.001162937         0.008565248         0.005637075
   8         0.001162937        -0.008565248         0.005637075

 Nuclear force contribution to virial =        -0.177336816


 **********************************************************************************************************************************
 DATASETS  * FILE   NREC   LENGTH (MB)   RECORD NAMES
              1      21       31.31       500      610      700      900      950      970     1000      129      960     1100   
                                          VAR    BASINP    GEOM    SYMINP    ZMAT    AOBASIS   BASIS     P2S    ABASIS      S 
                                         1400     1410     1200     1210     1080     1600     1650     1300     1700     1380   
                                           T        V       H0       H01     AOSYM     SMH    MOLCAS    ERIS     OPER     JKOP   
                                         5101   
                                        CPSAMC    

              2       5        5.55       700     1000      520     2140     2141   
                                         GEOM     BASIS   MCVARS   MATROP    MCSCF   

 PROGRAMS   *        TOTAL     FORCE     MULTI       INT    MATROP       INT
 CPU TIMES  *         4.62      1.63      2.25      0.49      0.06      0.03
 REAL TIME  *         7.85 SEC
 DISK USED  *        73.90 MB      
 **********************************************************************************************************************************

1PROGRAM * MULTI (Direct Multiconfiguration SCF)       Authors: P.J. Knowles, H.-J. Werner (1984)     S.T. Elbert (1988)


 Number of closed-shell orbitals:  11 (  11 )
 Number of active  orbitals:        6 (   6 )
 Number of external orbitals:      47 (  47 )

 State symmetry 1

 Number of electrons:     5    Spin symmetry=Doublet   Space symmetry=1
 Number of states:        2
 Number of CSFs:        210   (300 determinants, 300 intermediate states)

 Molecular orbitals read from record     2141.2  Type=MCSCF/NATURAL (state averaged)

 Wavefunction dump at record             2141.2

 Convergence thresholds  0.10E-05 (gradient)  0.10E-07 (energy)  0.10E-02 (step length)

 Weight factors for state symmetry  1:    0.50000   0.50000

 Number of orbital rotations:      865   (    66 Core/Active    517 Core/Virtual   0 Active/Active    282 Active/Virtual)
 Total number of variables:       1465


 ITER. MIC  NCI  NEG     ENERGY(VAR)     ENERGY(PROJ)   ENERGY CHANGE     GRAD(0)  GRAD(ORB)   GRAD(CI)     STEP       TIME

   1   26    4    0    -153.40664889    -153.40664889   -0.00000000    0.00000000 0.00000000 0.00000000  0.71D-10      0.20

 ** WVFN ****  CONVERGENCE REACHED, FINAL GRADIENT:  0.45D-10

 Solving MCSCF z-vector equations for state  2.1, requested accuracy=      0.10D-07
 Convergence reached in  24 iterations ( 24 expansion vectors), accuracy=  0.55D-08

 SA-Gradient information saved on record      5102.1



 Results for state 1.1
 =====================

 !MCSCF STATE 1.1 Energy             -153.431556385023
 Nuclear energy                        88.97857095
 Kinetic energy                       153.66492374
 One electron energy                 -374.71308676
 Two electron energy                  132.30295942
 Virial ratio                           1.99848132

 !MCSCF STATE 1.1 Dipole moment        -0.00000000    -0.00000000    -0.00000000
 Dipole moment /Debye                  -0.00000000    -0.00000000    -0.00000000

 Results for state 2.1
 =====================

 !MCSCF STATE 2.1 Energy             -153.381741403180
 Nuclear energy                        88.97857095
 Kinetic energy                       153.69370886
 One electron energy                 -374.58129681
 Two electron energy                  132.22098445
 Virial ratio                           1.99797020

 !MCSCF STATE 2.1 Dipole moment        -0.00000000    -0.00000000     0.00000000
 Dipole moment /Debye                  -0.00000000    -0.00000000     0.00000000

 State-averaged charge density matrix saved on record  2141.2 (density set 1)


 Natural orbital dump (state averaged) at molpro section  2141.2    (Orbital set 2)



 **********************************************************************************************************************************
 DATASETS  * FILE   NREC   LENGTH (MB)   RECORD NAMES
              1      22       31.34       500      610      700      900      950      970     1000      129      960     1100   
                                          VAR    BASINP    GEOM    SYMINP    ZMAT    AOBASIS   BASIS     P2S    ABASIS      S 
                                         1400     1410     1200     1210     1080     1600     1650     1300     1700     1380   
                                           T        V       H0       H01     AOSYM     SMH    MOLCAS    ERIS     OPER     JKOP   
                                         5101     5102   
                                        CPSAMC   CPSAMC    

              2       5        5.55       700     1000      520     2140     2141   
                                         GEOM     BASIS   MCVARS   MATROP    MCSCF   

 PROGRAMS   *        TOTAL     MULTI     FORCE     MULTI       INT    MATROP       INT
 CPU TIMES  *         5.28      0.66      1.63      2.25      0.49      0.06      0.03
 REAL TIME  *         9.35 SEC
 DISK USED  *        73.90 MB      
 **********************************************************************************************************************************

1PROGRAM * FORCE (Gradient of the energy)

 SA-MCSCF information from    5102.1
 Orbitals from record         2141.2

 Number of closed-shell orbitals: 11 ( 11 )
 Number of active orbitals:        6 (  6 )
 Number of occupied orbitals:     17 ( 17 )

 Number of electrons= 27     Doublet     Space symmetry=1      Wavefunction type: SA-MCSCF


 End of calculation of the energy gradient  ,IREST=   0


 SA-MC GRADIENT FOR STATE 2.1

 Atom          dE/dx               dE/dy               dE/dz

   1         0.000000000        -0.000000000        -0.182241520
   2        -0.000000000         0.000000000         0.329347576
   3        -0.000000000         0.000000000        -0.329347576
   4         0.000000000        -0.000000000         0.182241520
   5        -0.021632268         0.004290584        -0.003689811
   6         0.021632268        -0.004290584        -0.003689811
   7         0.021632268         0.004290584         0.003689811
   8        -0.021632268        -0.004290584         0.003689811

 Nuclear force contribution to virial =        -0.323484062


 **********************************************************************************************************************************
 DATASETS  * FILE   NREC   LENGTH (MB)   RECORD NAMES
              1      22       31.34       500      610      700      900      950      970     1000      129      960     1100   
                                          VAR    BASINP    GEOM    SYMINP    ZMAT    AOBASIS   BASIS     P2S    ABASIS      S 
                                         1400     1410     1200     1210     1080     1600     1650     1300     1700     1380   
                                           T        V       H0       H01     AOSYM     SMH    MOLCAS    ERIS     OPER     JKOP   
                                         5101     5102   
                                        CPSAMC   CPSAMC    

              2       5        5.55       700     1000      520     2140     2141   
                                         GEOM     BASIS   MCVARS   MATROP    MCSCF   

 PROGRAMS   *        TOTAL     FORCE     MULTI     FORCE     MULTI       INT    MATROP       INT
 CPU TIMES  *         7.15      1.87      0.66      1.63      2.25      0.49      0.06      0.03
 REAL TIME  *        11.30 SEC
 DISK USED  *        73.90 MB      
 **********************************************************************************************************************************

1PROGRAM * MULTI (Direct Multiconfiguration SCF)       Authors: P.J. Knowles, H.-J. Werner (1984)     S.T. Elbert (1988)


 Number of closed-shell orbitals:  11 (  11 )
 Number of active  orbitals:        6 (   6 )
 Number of external orbitals:      47 (  47 )

 State symmetry 1

 Number of electrons:     5    Spin symmetry=Doublet   Space symmetry=1
 Number of states:        2
 Number of CSFs:        210   (300 determinants, 300 intermediate states)

 Molecular orbitals read from record     2141.2  Type=MCSCF/NATURAL (state averaged)

 Wavefunction dump at record             2142.2

 Convergence thresholds  0.10E-05 (gradient)  0.10E-07 (energy)  0.10E-02 (step length)

 Weight factors for state symmetry  1:    0.50000   0.50000

 Number of orbital rotations:      865   (    66 Core/Active    517 Core/Virtual   0 Active/Active    282 Active/Virtual)
 Total number of variables:       1465


 ITER. MIC  NCI  NEG     ENERGY(VAR)     ENERGY(PROJ)   ENERGY CHANGE     GRAD(0)  GRAD(ORB)   GRAD(CI)     STEP       TIME

   1   28    4    0    -153.40664889    -153.40664889    0.00000000    0.00000000 0.00000000 0.00000000  0.29D-10      0.26

 ** WVFN ****  CONVERGENCE REACHED, FINAL GRADIENT:  0.67D-10

 SOLVING CP-MCSCF NACM: 1.1 - 2.1
 Convergence reached in  32 iterations ( 32 expansion vectors), accuracy=  0.45D-10

 SA-Gradient information saved on record      5103.1



 Results for state 1.1
 =====================

 !MCSCF STATE 1.1 Energy             -153.431556385029
 Nuclear energy                        88.97857095
 Kinetic energy                       153.66492374
 One electron energy                 -374.71308676
 Two electron energy                  132.30295942
 Virial ratio                           1.99848132

 !MCSCF STATE 1.1 Dipole moment        -0.00000000    -0.00000000     0.00000000
 Dipole moment /Debye                  -0.00000000    -0.00000000     0.00000000

 Results for state 2.1
 =====================

 !MCSCF STATE 2.1 Energy             -153.381741403185
 Nuclear energy                        88.97857095
 Kinetic energy                       153.69370886
 One electron energy                 -374.58129681
 Two electron energy                  132.22098445
 Virial ratio                           1.99797020

 !MCSCF STATE 2.1 Dipole moment        -0.00000000    -0.00000000    -0.00000000
 Dipole moment /Debye                  -0.00000000    -0.00000000    -0.00000000

 State-averaged charge density matrix saved on record  2142.2 (density set 1)


 Natural orbital dump (state averaged) at molpro section  2142.2    (Orbital set 2)



 **********************************************************************************************************************************
 DATASETS  * FILE   NREC   LENGTH (MB)   RECORD NAMES
              1      23       31.36       500      610      700      900      950      970     1000      129      960     1100   
                                          VAR    BASINP    GEOM    SYMINP    ZMAT    AOBASIS   BASIS     P2S    ABASIS      S 
                                         1400     1410     1200     1210     1080     1600     1650     1300     1700     1380   
                                           T        V       H0       H01     AOSYM     SMH    MOLCAS    ERIS     OPER     JKOP   
                                         5101     5102     5103   
                                        CPSAMC   CPSAMC   CPSAMC    

              2       6        8.19       700     1000      520     2140     2141     2142   
                                         GEOM     BASIS   MCVARS   MATROP    MCSCF    MCSCF   

 PROGRAMS   *        TOTAL     MULTI     FORCE     MULTI     FORCE     MULTI       INT    MATROP       INT
 CPU TIMES  *         7.90      0.75      1.87      0.66      1.63      2.25      0.49      0.06      0.03
 REAL TIME  *        12.95 SEC
 DISK USED  *        73.90 MB      
 **********************************************************************************************************************************

1PROGRAM * FORCE (Gradient of the energy)

 SA-MCSCF information from    5103.1
 Orbitals from record         2142.2

 Number of closed-shell orbitals: 11 ( 11 )
 Number of active orbitals:        6 (  6 )
 Number of occupied orbitals:     17 ( 17 )

 Number of electrons= 27     Doublet     Space symmetry=1      Wavefunction type: SA-MCSCF


 End of calculation of the energy gradient  ,IREST=   0


 SA-MC NACME FOR STATES 2.1 - 1.1

 Atom          dE/dx               dE/dy               dE/dz

   1        -0.000000000        -0.000000000         0.624959992
   2         0.000000000        -0.000000000        -1.617254567
   3         0.000000000         0.000000000         1.617254567
   4        -0.000000000        -0.000000000        -0.624959992
   5        -0.137393109        -0.051299672        -0.008530537
   6         0.137393109         0.051299672        -0.008530537
   7         0.137393109        -0.051299672         0.008530537
   8        -0.137393109         0.051299672         0.008530537



 **********************************************************************************************************************************
 DATASETS  * FILE   NREC   LENGTH (MB)   RECORD NAMES
              1      23       31.36       500      610      700      900      950      970     1000      129      960     1100   
                                          VAR    BASINP    GEOM    SYMINP    ZMAT    AOBASIS   BASIS     P2S    ABASIS      S 
                                         1400     1410     1200     1210     1080     1600     1650     1300     1700     1380   
                                           T        V       H0       H01     AOSYM     SMH    MOLCAS    ERIS     OPER     JKOP   
                                         5101     5102     5103   
                                        CPSAMC   CPSAMC   CPSAMC    

              2       6        8.19       700     1000      520     2140     2141     2142   
                                         GEOM     BASIS   MCVARS   MATROP    MCSCF    MCSCF   

 PROGRAMS   *        TOTAL     FORCE     MULTI     FORCE     MULTI     FORCE     MULTI       INT    MATROP       INT
 CPU TIMES  *         9.80      1.89      0.75      1.87      0.66      1.63      2.25      0.49      0.06      0.03
 REAL TIME  *        14.93 SEC
 DISK USED  *        73.90 MB      
 **********************************************************************************************************************************

 MULTI/6-31G* energy=   -153.381741403185

        MULTI           MULTI   
   -153.38174140   -153.43155638
 **********************************************************************************************************************************
 Variable memory released
