SLURM_JOBID=13835244
SLURM_JOB_NODELIST=cpn-p27-16
SLURM_NNODES=1
SLURMTMPDIR=/scratch/13835244
working directory=/panfs/panfs.cbls.ccr.buffalo.edu/scratch/grp-cyberwksp21/vasuarez/heom_calculations/E0_0.0
/projects/academic/cyberwksp21/SOFTWARE/Conda/envs/libra2/lib/python3.7/importlib/_bootstrap.py:219: RuntimeWarning: to-Python converter for std::vector<std::vector<int, std::allocator<int> >, std::allocator<std::vector<int, std::allocator<int> > > > already registered; second conversion method ignored.
  return f(*args, **kwds)
/projects/academic/cyberwksp21/SOFTWARE/Conda/envs/libra2/lib/python3.7/importlib/_bootstrap.py:219: RuntimeWarning: to-Python converter for boost::python::detail::container_element<std::vector<std::vector<int, std::allocator<int> >, std::allocator<std::vector<int, std::allocator<int> > > >, unsigned long, boost::python::detail::final_vector_derived_policies<std::vector<std::vector<int, std::allocator<int> >, std::allocator<std::vector<int, std::allocator<int> > > >, false> > already registered; second conversion method ignored.
  return f(*args, **kwds)
/projects/academic/cyberwksp21/SOFTWARE/Conda/envs/libra2/lib/python3.7/importlib/_bootstrap.py:219: RuntimeWarning: to-Python converter for std::vector<std::vector<float, std::allocator<float> >, std::allocator<std::vector<float, std::allocator<float> > > > already registered; second conversion method ignored.
  return f(*args, **kwds)
/projects/academic/cyberwksp21/SOFTWARE/Conda/envs/libra2/lib/python3.7/importlib/_bootstrap.py:219: RuntimeWarning: to-Python converter for boost::python::detail::container_element<std::vector<std::vector<float, std::allocator<float> >, std::allocator<std::vector<float, std::allocator<float> > > >, unsigned long, boost::python::detail::final_vector_derived_policies<std::vector<std::vector<float, std::allocator<float> >, std::allocator<std::vector<float, std::allocator<float> > > >, false> > already registered; second conversion method ignored.
  return f(*args, **kwds)
/projects/academic/cyberwksp21/SOFTWARE/Conda/envs/libra2/lib/python3.7/importlib/_bootstrap.py:219: RuntimeWarning: to-Python converter for std::vector<std::vector<double, std::allocator<double> >, std::allocator<std::vector<double, std::allocator<double> > > > already registered; second conversion method ignored.
  return f(*args, **kwds)
/projects/academic/cyberwksp21/SOFTWARE/Conda/envs/libra2/lib/python3.7/importlib/_bootstrap.py:219: RuntimeWarning: to-Python converter for boost::python::detail::container_element<std::vector<std::vector<double, std::allocator<double> >, std::allocator<std::vector<double, std::allocator<double> > > >, unsigned long, boost::python::detail::final_vector_derived_policies<std::vector<std::vector<double, std::allocator<double> >, std::allocator<std::vector<double, std::allocator<double> > > >, false> > already registered; second conversion method ignored.
  return f(*args, **kwds)
/projects/academic/cyberwksp21/SOFTWARE/Conda/envs/libra2/lib/python3.7/importlib/_bootstrap.py:219: RuntimeWarning: to-Python converter for std::vector<std::vector<std::complex<double>, std::allocator<std::complex<double> > >, std::allocator<std::vector<std::complex<double>, std::allocator<std::complex<double> > > > > already registered; second conversion method ignored.
  return f(*args, **kwds)
/projects/academic/cyberwksp21/SOFTWARE/Conda/envs/libra2/lib/python3.7/importlib/_bootstrap.py:219: RuntimeWarning: to-Python converter for boost::python::detail::container_element<std::vector<std::vector<std::complex<double>, std::allocator<std::complex<double> > >, std::allocator<std::vector<std::complex<double>, std::allocator<std::complex<double> > > > >, unsigned long, boost::python::detail::final_vector_derived_policies<std::vector<std::vector<std::complex<double>, std::allocator<std::complex<double> > >, std::allocator<std::vector<std::complex<double>, std::allocator<std::complex<double> > > > >, false> > already registered; second conversion method ignored.
  return f(*args, **kwds)
4.37094965286049e-11
 step= 0
 step= 50000
 step= 100000
 step= 150000
 step= 200000
 step= 250000
 step= 300000
 step= 350000
 step= 400000
 step= 450000
Calculations took 259.0362823009491 seconds
In mem_saver.save_data()
data_name =  ['timestep', 'time', 'denmat']
keywords =  ['timestep', 'time', 'denmat']
keys =  dict_keys(['timestep', 'time', 'denmat'])
Saving the dataset named timestep/data
Saving the dataset named time/data
Saving the dataset named denmat/data
