
 Primary working directories    : /user/gworth/scratch/molpro-mrecio/gwp5_v2_1
 Secondary working directories  : /user/gworth/scratch/molpro-mrecio/gwp5_v2_1
 Wavefunction directory         : /user/gworth/scratch/molpro-mrecio/gwp5_v2_1/
 Main file repository           : /user/gworth/scratch/molpro-mrecio/gwp5_v2_1/

 SHA1      : 0b0b022c660e73fb8d4a354a6920c32f9035fdc5
 NAME      : 2015.1.3
 ARCHNAME  : linux/x86_64
 FC        : /opt/intel/composer_xe_2015.1.133/bin/intel64/ifort
 BLASLIB   : -Wl,-_start-group /opt/intel/mkl/lib/intel64/libmkl_intel_ilp64.a /opt/intel/mkl/lib/intel64/libmkl_intel_thread.a /opt/intel/mkl/lib/intel64/libmkl_core.a -Wl,-_end-group
 id        : gwbham

 Nodes                                  nprocs
 cpn-p27-15.compute.cbls.ccr.buffalo.edu    1

 Using customized tuning parameters: mindgm=1; mindgv=20; mindgc=4; mindgr=1; noblas=0; minvec=7
 default implementation of scratch files=df  

 ***,
 nosym
 geomtyp=xyz
 geometry={
 8
 butatriene geometry
 c                  0.000000      -0.000000       1.950165
 c                  0.000000       0.000000       0.685180
 c                  0.000000      -0.000000      -0.685180
 c                  0.000000       0.000000      -1.950165
 h                 -0.316891       0.911308      -2.516580
 h                  0.316891      -0.911308      -2.516580
 h                  0.316891       0.911308       2.516580
 h                 -0.316891      -0.911308       2.516580
 }
 basis=6-31G*
 
 {matrop;read,oldorbitals,file=gwp5_v2.orb;save,oldorbitals,2140.2,orbitals}
 
                                                                                 ! State 1
 {multi,gradient=1.0d-6,energy=1.0d-8;occ,17;
 start,2140.2;
 closed,11;
 CPMCSCF,grad,1.1,accu=1.0d-8,record=5101.1;
 wf,27,1,1;
 state,2;
 weight,0.5,0.5
 orbital,2141.2;
 orbprint,100;
 }
 {Force;SAMC,5101.1}
 
                                                                                 ! State 2
 {multi,gradient=1.0d-6,energy=1.0d-8;occ,17;start,2141.2;closed,11;CPMCSCF,grad,2.1,accu=1.0d-8,record=5102.1;wf,27,1,1;state,2;weight,0.5,0.5;}
 {Force;SAMC,5102.1}
 
                                                                                 ! 2-1
 {multi,gradient=1.0d-6,energy=1.0d-8;occ,17;closed,11;start,2141.2;cpmcscf,nacm,2.1,1.1,accu=1.0d-10,record=5103.1;wf,27,1,1;state,2;weight,0.5,0.5;}
 {Force;SAMC,5103.1}
 
 
 

 Variables initialized (889), CPU time= 0.00 sec
 Commands  initialized (702), CPU time= 0.01 sec, 572 directives.
 Default parameters read. Elapsed time= 0.79 sec

 Checking input...
 Passed
1


                                         ***  PROGRAM SYSTEM MOLPRO  ***
                                       Copyright, TTI GmbH Stuttgart, 2015
                                    Version 2015.1 linked Feb  5 2016 14:18:43


 **********************************************************************************************************************************
 LABEL *                                                                                 
  64 bit serial version                                                                  DATE: 15-Jun-23          TIME: 15:12:13  
 **********************************************************************************************************************************

 SHA1:             0b0b022c660e73fb8d4a354a6920c32f9035fdc5
 **********************************************************************************************************************************

 Variable memory set to    8000000 words,  buffer space   230000 words

 SETTING GEOMTYP        =    XYZ
 ZSYMEL=NOSYM
 
 SETTING BASIS          =    6-31G*


 Recomputing integrals since basis changed


 Using spherical harmonics

 Library entry C      S 6-31G                selected for orbital group  1
 Library entry C      P 6-31G                selected for orbital group  1
 Library entry C      D 6-31G*               selected for orbital group  1
 Library entry H      S 6-31G                selected for orbital group  2

1PROGRAM * SEWARD (Integral evaluation for generally contracted gaussian basis sets)     Author: Roland Lindh, 1990

 Geometry written to block  1 of record 700


 Point group  C1  



 ATOMIC COORDINATES

 NR  ATOM    CHARGE       X              Y              Z

   1  C       6.00    0.000000000    0.000000000    3.685277748
   2  C       6.00    0.000000000    0.000000000    1.294802546
   3  C       6.00    0.000000000    0.000000000   -1.294802546
   4  C       6.00    0.000000000    0.000000000   -3.685277748
   5  H       1.00   -0.598837201    1.722122535   -4.755646971
   6  H       1.00    0.598837201   -1.722122535   -4.755646971
   7  H       1.00    0.598837201    1.722122535    4.755646971
   8  H       1.00   -0.598837201   -1.722122535    4.755646971

 Bond lengths in Bohr (Angstrom)

 1-2  2.390475202  1-7  2.114237993  1-8  2.114237993  2-3  2.589605092  3-4  2.390475202
     ( 1.264985000)     ( 1.118806565)     ( 1.118806565)     ( 1.370360000)     ( 1.264985000)

 4-5  2.114237993  4-6  2.114237993
     ( 1.118806565)     ( 1.118806565)

 Bond angles

  1-2-3  179.99999809   2-1-7  120.41550414   2-1-8  120.41550414   2-3-4  179.99999809

  3-4-5  120.41550414   3-4-6  120.41550414   5-4-6  119.16899172   7-1-8  119.16899172

 NUCLEAR CHARGE:                   28
 NUMBER OF PRIMITIVE AOS:         128
 NUMBER OF SYMMETRY AOS:          124
 NUMBER OF CONTRACTIONS:           64   (  64A   )
 NUMBER OF CORE ORBITALS:           4   (   4A   )
 NUMBER OF VALENCE ORBITALS:       20   (  20A   )


 NUCLEAR REPULSION ENERGY   88.38209253


 Eigenvalues of metric

         1 0.340E-03 0.209E-02 0.675E-02 0.220E-01 0.375E-01 0.468E-01 0.494E-01 0.970E-01


 OPERATOR DM      FOR CENTER  0  COORDINATES:    0.000000    0.000000    0.000000


 **********************************************************************************************************************************
 DATASETS  * FILE   NREC   LENGTH (MB)   RECORD NAMES
              1      18       19.35       500      610      700      900      950      970     1000      129      960     1100   
                                          VAR    BASINP    GEOM    SYMINP    ZMAT    AOBASIS   BASIS     P2S    ABASIS      S 
                                         1400     1410     1200     1210     1080     1600     1650     1700   
                                           T        V       H0       H01     AOSYM     SMH    MOLCAS    OPER   

 PROGRAMS   *        TOTAL       INT
 CPU TIMES  *         0.19      0.04
 REAL TIME  *         1.86 SEC
 DISK USED  *        19.75 MB      
 **********************************************************************************************************************************


 PROGRAM * MATROP


 READING MATRIX OLDORBITALS (OLDORBITALS) FROM FILE gwp5_v2.orb. SYMMETRY=1

  Orbitals OLDORBITALS saved in record 2140.2 (set 1)


 **********************************************************************************************************************************
 DATASETS  * FILE   NREC   LENGTH (MB)   RECORD NAMES
              1      18       19.35       500      610      700      900      950      970     1000      129      960     1100   
                                          VAR    BASINP    GEOM    SYMINP    ZMAT    AOBASIS   BASIS     P2S    ABASIS      S 
                                         1400     1410     1200     1210     1080     1600     1650     1700   
                                           T        V       H0       H01     AOSYM     SMH    MOLCAS    OPER   

              2       4        2.90       700     1000      520     2140   
                                         GEOM     BASIS   MCVARS   MATROP    

 PROGRAMS   *        TOTAL    MATROP       INT
 CPU TIMES  *         0.30      0.10      0.04
 REAL TIME  *         2.06 SEC
 DISK USED  *        22.30 MB      
 **********************************************************************************************************************************


 Using spherical harmonics

 Library entry C      S 6-31G                selected for orbital group  1
 Library entry C      P 6-31G                selected for orbital group  1
 Library entry C      D 6-31G*               selected for orbital group  1
 Library entry H      S 6-31G                selected for orbital group  2

1PROGRAM * SEWARD (Integral evaluation for generally contracted gaussian basis sets)     Author: Roland Lindh, 1990

 Geometry written to block  1 of record 700


 Point group  C1  



 ATOMIC COORDINATES

 NR  ATOM    CHARGE       X              Y              Z

   1  C       6.00    0.000000000    0.000000000    3.685277748
   2  C       6.00    0.000000000    0.000000000    1.294802546
   3  C       6.00    0.000000000    0.000000000   -1.294802546
   4  C       6.00    0.000000000    0.000000000   -3.685277748
   5  H       1.00   -0.598837201    1.722122535   -4.755646971
   6  H       1.00    0.598837201   -1.722122535   -4.755646971
   7  H       1.00    0.598837201    1.722122535    4.755646971
   8  H       1.00   -0.598837201   -1.722122535    4.755646971

 Bond lengths in Bohr (Angstrom)

 1-2  2.390475202  1-7  2.114237993  1-8  2.114237993  2-3  2.589605092  3-4  2.390475202
     ( 1.264985000)     ( 1.118806565)     ( 1.118806565)     ( 1.370360000)     ( 1.264985000)

 4-5  2.114237993  4-6  2.114237993
     ( 1.118806565)     ( 1.118806565)

 Bond angles

  1-2-3  179.99999809   2-1-7  120.41550414   2-1-8  120.41550414   2-3-4  179.99999809

  3-4-5  120.41550414   3-4-6  120.41550414   5-4-6  119.16899172   7-1-8  119.16899172

 NUCLEAR CHARGE:                   28
 NUMBER OF PRIMITIVE AOS:         128
 NUMBER OF SYMMETRY AOS:          124
 NUMBER OF CONTRACTIONS:           64   (  64A   )
 NUMBER OF CORE ORBITALS:           4   (   4A   )
 NUMBER OF VALENCE ORBITALS:       20   (  20A   )


 NUCLEAR REPULSION ENERGY   88.38209253


 Eigenvalues of metric

         1 0.340E-03 0.209E-02 0.675E-02 0.220E-01 0.375E-01 0.468E-01 0.494E-01 0.970E-01


 Contracted 2-electron integrals neglected if value below      1.0D-11
 AO integral compression algorithm  1   Integral accuracy      1.0D-11

     5.505 MB (compressed) written to integral file ( 25.6%)


 NUMBER OF SORTED TWO-ELECTRON INTEGRALS:    2164240.     BUFFER LENGTH:  32768
 NUMBER OF SEGMENTS:   1  SEGMENT LENGTH:    2164240      RECORD LENGTH: 524288

 Memory used in sort:       2.72 MW

 SORT1 READ     2586857. AND WROTE     1038298. INTEGRALS IN      3 RECORDS. CPU TIME:     0.03 SEC, REAL TIME:     0.04 SEC
 SORT2 READ     1038298. AND WROTE     2164240. INTEGRALS IN     21 RECORDS. CPU TIME:     0.08 SEC, REAL TIME:     0.08 SEC

 FILE SIZES:   FILE 1:    24.9 MBYTE,  FILE 4:    12.6 MBYTE,   TOTAL:     37.5 MBYTE

 OPERATOR DM      FOR CENTER  0  COORDINATES:    0.000000    0.000000    0.000000


 **********************************************************************************************************************************
 DATASETS  * FILE   NREC   LENGTH (MB)   RECORD NAMES
              1      19       23.68       500      610      700      900      950      970     1000      129      960     1100   
                                          VAR    BASINP    GEOM    SYMINP    ZMAT    AOBASIS   BASIS     P2S    ABASIS      S 
                                         1400     1410     1200     1210     1080     1600     1650     1300     1700   
                                           T        V       H0       H01     AOSYM     SMH    MOLCAS    ERIS     OPER   

              2       4        2.90       700     1000      520     2140   
                                         GEOM     BASIS   MCVARS   MATROP    

 PROGRAMS   *        TOTAL       INT    MATROP       INT
 CPU TIMES  *         0.82      0.52      0.10      0.04
 REAL TIME  *         3.72 SEC
 DISK USED  *        40.42 MB      
 **********************************************************************************************************************************

1PROGRAM * MULTI (Direct Multiconfiguration SCF)       Authors: P.J. Knowles, H.-J. Werner (1984)     S.T. Elbert (1988)


 Number of closed-shell orbitals:  11 (  11 )
 Number of active  orbitals:        6 (   6 )
 Number of external orbitals:      47 (  47 )

 State symmetry 1

 Number of electrons:     5    Spin symmetry=Doublet   Space symmetry=1
 Number of states:        2
 Number of CSFs:        210   (300 determinants, 300 intermediate states)

 Molecular orbitals read from record     2140.2  Type=MATROP/MATROP  

 Wavefunction dump at record             2141.2

 Convergence thresholds  0.10E-05 (gradient)  0.10E-07 (energy)  0.10E-02 (step length)

 Weight factors for state symmetry  1:    0.50000   0.50000

 Number of orbital rotations:      865   (    66 Core/Active    517 Core/Virtual   0 Active/Active    282 Active/Virtual)
 Total number of variables:       1465


 ITER. MIC  NCI  NEG     ENERGY(VAR)     ENERGY(PROJ)   ENERGY CHANGE     GRAD(0)  GRAD(ORB)   GRAD(CI)     STEP       TIME

   1   38    7    0    -153.39254977    -153.41840483   -0.02585506    0.23961984 0.00011191 0.00000000  0.18D+00      0.43
   2   25   13    0    -153.41857316    -153.41858495   -0.00001179    0.00521736 0.00000114 0.00000000  0.44D-02      0.91
   3   24   13    0    -153.41858496    -153.41858496   -0.00000000    0.00000559 0.00000000 0.00000000  0.42D-05      1.39
   4   24   10    0    -153.41858496    -153.41858496    0.00000000    0.00000000 0.00000000 0.00000000  0.20D-08      1.73

 ** WVFN ****  CONVERGENCE REACHED, FINAL GRADIENT:  0.80D-10

 Solving MCSCF z-vector equations for state  1.1, requested accuracy=      0.10D-07
 Convergence reached in  28 iterations ( 28 expansion vectors), accuracy=  0.85D-08

 SA-Gradient information saved on record      5101.1



 Results for state 1.1
 =====================

 !MCSCF STATE 1.1 Energy             -153.449874721571
 Nuclear energy                        88.38209253
 Kinetic energy                       153.39691994
 One electron energy                 -373.63408651
 Two electron energy                  131.80211926
 Virial ratio                           2.00034521

 !MCSCF STATE 1.1 Dipole moment        -0.00000000     0.00000000    -0.00000000
 Dipole moment /Debye                  -0.00000000     0.00000000    -0.00000000

 Results for state 2.1
 =====================

 !MCSCF STATE 2.1 Energy             -153.387295194484
 Nuclear energy                        88.38209253
 Kinetic energy                       153.48437995
 One electron energy                 -373.50779660
 Two electron energy                  131.73840888
 Virial ratio                           1.99936746

 !MCSCF STATE 2.1 Dipole moment        -0.00000000     0.00000000    -0.00000000
 Dipole moment /Debye                  -0.00000000     0.00000000    -0.00000000

 State-averaged charge density matrix saved on record  2141.2 (density set 1)


 NATURAL ORBITALS (state averaged)
 =================================

   Orb     Occ        Energy       Coefficients

                                   1 1s      1 1s      1 1s      1 2px     1 2py     1 2pz     1 2px     1 2py     1 2pz     1 3d0  
                                   1 3d2-    1 3d1+    1 3d2+    1 3d1-    2 1s      2 1s      2 1s      2 2px     2 2py     2 2pz  
                                   2 2px     2 2py     2 2pz     2 3d0     2 3d2-    2 3d1+    2 3d2+    2 3d1-    3 1s      3 1s   
                                   3 1s      3 2px     3 2py     3 2pz     3 2px     3 2py     3 2pz     3 3d0     3 3d2-    3 3d1+ 
                                   3 3d2+    3 3d1-    4 1s      4 1s      4 1s      4 2px     4 2py     4 2pz     4 2px     4 2py  
                                   4 2pz     4 3d0     4 3d2-    4 3d1+    4 3d2+    4 3d1-    5 1s      5 1s      6 1s      6 1s   
                                   7 1s      7 1s      8 1s      8 1s   

   1.1  2.00000   -11.540405     0.017834 -0.000483  0.002103 -0.000000 -0.000000  0.000713 -0.000000  0.000000 -0.001268 -0.000179
                                -0.000011 -0.000000  0.000034  0.000000  0.703930  0.015911 -0.005600 -0.000000 -0.000000  0.000668
                                 0.000000 -0.000000 -0.001043  0.000793 -0.000014 -0.000000  0.000033 -0.000000  0.703930  0.015911
                                -0.005600  0.000000 -0.000000 -0.000668 -0.000000  0.000000  0.001043  0.000793  0.000014 -0.000000
                                 0.000033 -0.000000  0.017834 -0.000483  0.002103 -0.000000  0.000000 -0.000713  0.000000 -0.000000
                                 0.001268 -0.000179  0.000011  0.000000  0.000034  0.000000 -0.000064  0.000307 -0.000064  0.000307
                                -0.000064  0.000307 -0.000064  0.000307

   2.1  2.00000   -11.539122     0.018636 -0.001060  0.001865 -0.000000 -0.000000  0.001170 -0.000000 -0.000000 -0.001276 -0.000546
                                 0.000005 -0.000000  0.000009 -0.000000  0.704144  0.018284 -0.011146 -0.000000 -0.000000 -0.000813
                                 0.000000  0.000000  0.002161  0.002512 -0.000014 -0.000000  0.000067 -0.000000 -0.704144 -0.018284
                                 0.011146 -0.000000  0.000000 -0.000813  0.000000 -0.000000  0.002161 -0.002512 -0.000014 -0.000000
                                -0.000067 -0.000000 -0.018636  0.001060 -0.001865  0.000000 -0.000000  0.001170 -0.000000  0.000000
                                -0.001276  0.000546  0.000005 -0.000000 -0.000009  0.000000  0.000121 -0.000267  0.000121 -0.000267
                                -0.000121  0.000267 -0.000121  0.000267

   3.1  2.00000   -11.495850     0.704090  0.017535 -0.002439 -0.000000 -0.000000 -0.001180  0.000000  0.000000 -0.001715  0.000618
                                 0.000140  0.000000 -0.000206 -0.000000 -0.019307 -0.001761  0.011219 -0.000000  0.000000 -0.000510
                                -0.000000 -0.000000 -0.011451 -0.000202 -0.000040 -0.000000  0.000071 -0.000000  0.019307  0.001761
                                -0.011219 -0.000000 -0.000000 -0.000510  0.000000  0.000000 -0.011451  0.000202 -0.000040  0.000000
                                -0.000071 -0.000000 -0.704090 -0.017535  0.002439 -0.000000 -0.000000 -0.001180  0.000000 -0.000000
                                -0.001715 -0.000618  0.000140 -0.000000  0.000206  0.000000  0.000224 -0.001738  0.000224 -0.001738
                                -0.000224  0.001738 -0.000224  0.001738

   4.1  2.00000   -11.495848     0.704109  0.017462 -0.009988  0.000000  0.000000 -0.000997  0.000000  0.000000  0.000960  0.000661
                                 0.000125  0.000000 -0.000187  0.000000 -0.018394 -0.001301  0.003764  0.000000  0.000000 -0.000626
                                -0.000000 -0.000000  0.001508 -0.000308 -0.000041  0.000000  0.000067  0.000000 -0.018394 -0.001301
                                 0.003764  0.000000  0.000000  0.000626  0.000000  0.000000 -0.001508 -0.000308  0.000041  0.000000
                                 0.000067  0.000000  0.704108  0.017462 -0.009988 -0.000000  0.000000  0.000997 -0.000000  0.000000
                                -0.000960  0.000661 -0.000125  0.000000 -0.000187 -0.000000 -0.000145  0.001678 -0.000145  0.001678
                                -0.000145  0.001678 -0.000145  0.001678

   5.1  2.00000    -1.344197    -0.097621  0.187524  0.160700 -0.000000 -0.000000 -0.096195 -0.000000 -0.000000 -0.019465  0.010538
                                 0.003944 -0.000000 -0.004657 -0.000000 -0.140735  0.285579  0.130855 -0.000000 -0.000000  0.015806
                                 0.000000 -0.000000 -0.026841  0.022747 -0.000190 -0.000000  0.000375 -0.000000 -0.140735  0.285579
                                 0.130855  0.000000 -0.000000 -0.015806 -0.000000  0.000000  0.026841  0.022747  0.000190 -0.000000
                                 0.000375  0.000000 -0.097621  0.187524  0.160700  0.000000 -0.000000  0.096195  0.000000 -0.000000
                                 0.019465  0.010538 -0.003944 -0.000000 -0.004657  0.000000  0.039412  0.000224  0.039412  0.000224
                                 0.039412  0.000224  0.039412  0.000224

   6.1  2.00000    -1.282686    -0.129158  0.247906  0.281197 -0.000000 -0.000000 -0.105441 -0.000000 -0.000000 -0.044101  0.012357
                                 0.005905 -0.000000 -0.007383 -0.000000 -0.094727  0.185836  0.177344 -0.000000 -0.000000  0.170997
                                -0.000000 -0.000000 -0.128557  0.014961 -0.000297 -0.000000  0.001255 -0.000000  0.094727 -0.185836
                                -0.177344 -0.000000 -0.000000  0.170997  0.000000 -0.000000 -0.128557 -0.014961 -0.000297  0.000000
                                -0.001255 -0.000000  0.129158 -0.247906 -0.281197 -0.000000  0.000000 -0.105441 -0.000000  0.000000
                                -0.044101 -0.012357  0.005905 -0.000000  0.007383  0.000000 -0.058827 -0.005160 -0.058827 -0.005160
                                 0.058827  0.005160  0.058827  0.005160

   7.1  2.00000    -1.116265    -0.099856  0.192776  0.224248 -0.000000 -0.000000  0.000311 -0.000000 -0.000000 -0.012309  0.005594
                                 0.006836 -0.000000 -0.009276 -0.000000  0.077956 -0.159957 -0.180226 -0.000000 -0.000000  0.310542
                                 0.000000  0.000000  0.024796 -0.012337 -0.000123 -0.000000  0.001387 -0.000000  0.077956 -0.159957
                                -0.180226  0.000000  0.000000 -0.310542  0.000000 -0.000000 -0.024796 -0.012337  0.000123 -0.000000
                                 0.001387 -0.000000 -0.099856  0.192776  0.224248  0.000000 -0.000000 -0.000311  0.000000  0.000000
                                 0.012309  0.005594 -0.006836 -0.000000 -0.009276  0.000000  0.071211  0.018773  0.071211  0.018773
                                 0.071211  0.018773  0.071211  0.018773

   8.1  2.00000    -0.916816    -0.055843  0.115535  0.118712 -0.000000 -0.000000  0.296250 -0.000000 -0.000000  0.118607 -0.014547
                                 0.011302 -0.000000 -0.015336 -0.000000  0.073470 -0.149475 -0.209496 -0.000000 -0.000000 -0.125990
                                 0.000000 -0.000000  0.087040 -0.007231  0.000424 -0.000000 -0.000904  0.000000 -0.073470  0.149475
                                 0.209496  0.000000 -0.000000 -0.125990 -0.000000 -0.000000  0.087040  0.007231  0.000424 -0.000000
                                 0.000904  0.000000  0.055843 -0.115535 -0.118712  0.000000 -0.000000  0.296250  0.000000 -0.000000
                                 0.118607  0.014547  0.011302 -0.000000  0.015336  0.000000 -0.132447 -0.062397 -0.132447 -0.062397
                                 0.132447  0.062397  0.132447  0.062397

   9.1  2.00000    -0.883342    -0.030861  0.067640  0.107860  0.000000  0.000000  0.314563  0.000000  0.000000  0.116838 -0.017445
                                 0.010029  0.000000 -0.013539  0.000000  0.022913 -0.049240 -0.005766  0.000000  0.000000 -0.277015
                                 0.000000  0.000000 -0.045535  0.000093  0.000511  0.000000 -0.001115 -0.000000  0.022913 -0.049240
                                -0.005766 -0.000000  0.000000  0.277015  0.000000  0.000000  0.045535  0.000093 -0.000511  0.000000
                                -0.001115 -0.000000 -0.030861  0.067640  0.107860 -0.000000  0.000000 -0.314563 -0.000000  0.000000
                                -0.116838 -0.017445 -0.010029  0.000000 -0.013539 -0.000000  0.120257  0.062067  0.120257  0.062067
                                 0.120257  0.062067  0.120257  0.062067

  10.1  2.00000    -0.841279    -0.000000  0.000000  0.000000  0.095419  0.309641 -0.000000  0.053847  0.178037 -0.000000  0.000000
                                -0.000000  0.005052  0.000000  0.014206 -0.000000  0.000000 -0.000000  0.022047  0.094219  0.000000
                                -0.002234  0.009412  0.000000 -0.000000 -0.000000  0.004400  0.000000  0.007606 -0.000000  0.000000
                                 0.000000 -0.022047  0.094219 -0.000000  0.002234  0.009412 -0.000000  0.000000  0.000000  0.004400
                                 0.000000 -0.007606  0.000000 -0.000000 -0.000000 -0.095419  0.309641  0.000000 -0.053847  0.178037
                                 0.000000  0.000000  0.000000  0.005052  0.000000 -0.014206  0.157380  0.077317 -0.157380 -0.077317
                                 0.157380  0.077317 -0.157380 -0.077317

  11.1  2.00000    -0.829425    -0.000000  0.000000  0.000000  0.090503  0.314281  0.000000  0.053068  0.197105  0.000000 -0.000000
                                 0.000000  0.005643 -0.000000  0.014385 -0.000000  0.000000  0.000000  0.016548  0.082638 -0.000000
                                -0.004575 -0.001987 -0.000000  0.000000  0.000000  0.002804  0.000000  0.015239  0.000000 -0.000000
                                -0.000000  0.016548 -0.082638  0.000000 -0.004575  0.001987 -0.000000 -0.000000 -0.000000 -0.002804
                                -0.000000  0.015239 -0.000000  0.000000  0.000000  0.090503 -0.314281 -0.000000  0.053068 -0.197105
                                -0.000000 -0.000000 -0.000000 -0.005643 -0.000000  0.014385 -0.157102 -0.069018  0.157102  0.069018
                                 0.157102  0.069018 -0.157102 -0.069018

  12.1  1.91018    -0.695600     0.000000 -0.000000 -0.000000  0.209599 -0.067890 -0.000000  0.113443 -0.042846  0.000000  0.000000
                                -0.000000 -0.022058  0.000000  0.002287 -0.000000  0.000000  0.000000  0.352114 -0.036744  0.000000
                                 0.185956 -0.020398  0.000000  0.000000  0.000000 -0.002497  0.000000 -0.005262 -0.000000  0.000000
                                 0.000000  0.352114  0.036744 -0.000000  0.185956  0.020398  0.000000  0.000000  0.000000  0.002497
                                -0.000000 -0.005262  0.000000 -0.000000  0.000000  0.209599  0.067890  0.000000  0.113443  0.042846
                                -0.000000  0.000000  0.000000  0.022058  0.000000  0.002287  0.006038  0.009776 -0.006038 -0.009776
                                -0.006038 -0.009776  0.006038  0.009776

  13.1  1.46155    -0.550240    -0.000000  0.000000  0.000000 -0.215971  0.020066  0.000000 -0.142341 -0.031097 -0.000000  0.000000
                                -0.000000  0.010259  0.000000 -0.022501 -0.000000  0.000000  0.000000 -0.143390  0.328879 -0.000000
                                -0.087586  0.215592 -0.000000  0.000000 -0.000000 -0.018217 -0.000000 -0.017519  0.000000 -0.000000
                                -0.000000  0.143390  0.328879  0.000000  0.087586  0.215592 -0.000000  0.000000 -0.000000 -0.018217
                                -0.000000  0.017519  0.000000  0.000000 -0.000000  0.215971  0.020066 -0.000000  0.142341 -0.031097
                                -0.000000 -0.000000 -0.000000  0.010259 -0.000000  0.022501 -0.050103 -0.039530  0.050103  0.039530
                                -0.050103 -0.039530  0.050103  0.039530

  14.1  1.43071    -0.473632    -0.000000 -0.000000  0.000000  0.238643 -0.117845 -0.000000  0.160118 -0.128144 -0.000000  0.000000
                                -0.000000 -0.020957  0.000000 -0.016869 -0.000000  0.000000  0.000000  0.223216  0.250630 -0.000000
                                 0.168308  0.194561 -0.000000  0.000000 -0.000000  0.024041 -0.000000 -0.023116  0.000000  0.000000
                                -0.000000 -0.223216  0.250630  0.000000 -0.168308  0.194561 -0.000000 -0.000000 -0.000000  0.024041
                                -0.000000  0.023116  0.000000  0.000000 -0.000000 -0.238643 -0.117845 -0.000000 -0.160118 -0.128144
                                -0.000000 -0.000000 -0.000000 -0.020957 -0.000000  0.016869 -0.053906 -0.056269  0.053906  0.056269
                                -0.053906 -0.056269  0.053906  0.056269

  15.1  0.10406    -0.114982    -0.000000 -0.000000  0.000000  0.407698 -0.104533 -0.000000  0.296817 -0.015669 -0.000000  0.000000
                                -0.000000 -0.016882  0.000000  0.010456  0.000000 -0.000000  0.000000 -0.322420 -0.101245 -0.000000
                                -0.168588 -0.068677 -0.000000  0.000000 -0.000000  0.055015  0.000000 -0.007031  0.000000  0.000000
                                -0.000000 -0.322420  0.101245  0.000000 -0.168588  0.068677 -0.000000  0.000000  0.000000 -0.055015
                                -0.000000 -0.007031 -0.000000 -0.000000 -0.000000  0.407698  0.104533  0.000000  0.296817  0.015669
                                -0.000000  0.000000 -0.000000  0.016882 -0.000000  0.010456 -0.021065  0.004724  0.021065 -0.004724
                                 0.021065 -0.004724 -0.021065  0.004724

  16.1  0.04902     0.011564     0.000000 -0.000000  0.000000  0.104490 -0.092102  0.000000  0.074304 -0.128354 -0.000000 -0.000000
                                -0.000000 -0.012936  0.000000 -0.027901 -0.000000 -0.000000  0.000000 -0.036666  0.601963 -0.000000
                                -0.025662  0.339953 -0.000000 -0.000000  0.000000  0.019721  0.000000  0.008481  0.000000  0.000000
                                -0.000000 -0.036666 -0.601963 -0.000000 -0.025662 -0.339953 -0.000000  0.000000  0.000000 -0.019721
                                -0.000000  0.008481 -0.000000  0.000000 -0.000000  0.104490  0.092102  0.000000  0.074304  0.128354
                                -0.000000  0.000000 -0.000000  0.012936 -0.000000 -0.027901  0.072618  0.054779 -0.072618 -0.054779
                                -0.072618 -0.054779  0.072618  0.054779

  17.1  0.04449     0.160555     0.000000 -0.000000  0.000000  0.330052 -0.092740 -0.000000  0.262475 -0.039126 -0.000000  0.000000
                                 0.000000 -0.002243 -0.000000  0.000921  0.000000  0.000000 -0.000000 -0.599796  0.047232  0.000000
                                -0.261271  0.015866 -0.000000 -0.000000 -0.000000  0.003417 -0.000000  0.000552 -0.000000 -0.000000
                                 0.000000  0.599796  0.047232  0.000000  0.261271  0.015866 -0.000000  0.000000 -0.000000  0.003417
                                 0.000000 -0.000552 -0.000000  0.000000  0.000000 -0.330052 -0.092740 -0.000000 -0.262475 -0.039126
                                -0.000000 -0.000000 -0.000000 -0.002243  0.000000 -0.000921  0.009051 -0.007177 -0.009051  0.007177
                                 0.009051 -0.007177 -0.009051  0.007177

  18.1  0.00000     0.066709    -0.096336  0.163791  1.238409  0.000000  0.000000  0.068864  0.000000  0.000000  0.447503  0.000451
                                -0.002860  0.000000  0.003660 -0.000000  0.043281 -0.039115 -0.459080 -0.000000 -0.000000  0.056345
                                -0.000000 -0.000000  0.159485  0.015981 -0.005111  0.000000  0.005062  0.000000 -0.043281  0.039115
                                 0.459080  0.000000  0.000000  0.056345  0.000000 -0.000000  0.159485 -0.015981 -0.005111  0.000000
                                -0.005062 -0.000000  0.096336 -0.163791 -1.238409 -0.000000  0.000000  0.068864 -0.000000  0.000000
                                 0.447503 -0.000451 -0.002860 -0.000000 -0.003660  0.000000  0.043010  0.928098  0.043010  0.928098
                                -0.043010 -0.928098 -0.043010 -0.928098

  19.1  0.00000     0.073586     0.086084 -0.132206 -1.225253 -0.000000 -0.000000 -0.125763 -0.000000 -0.000000 -0.562190 -0.000303
                                 0.003403  0.000000 -0.004592 -0.000000 -0.003443 -0.074465 -0.026816 -0.000000  0.000000  0.060629
                                 0.000000  0.000000 -0.021315 -0.010357  0.004181 -0.000000 -0.007104 -0.000000 -0.003443 -0.074465
                                -0.026816 -0.000000 -0.000000 -0.060629  0.000000 -0.000000  0.021315 -0.010357 -0.004181  0.000000
                                -0.007104  0.000000  0.086084 -0.132206 -1.225253 -0.000000  0.000000  0.125763 -0.000000  0.000000
                                 0.562190 -0.000303 -0.003403 -0.000000 -0.004592 -0.000000  0.043950  0.977074  0.043950  0.977074
                                 0.043950  0.977074  0.043950  0.977074

  20.1  0.00000     0.134266    -0.000000 -0.000000  0.000000  0.086461  0.279091 -0.000000  0.391664  1.065028 -0.000000 -0.000000
                                 0.000000 -0.000433 -0.000000 -0.011327 -0.000000 -0.000000  0.000000 -0.021720  0.008596  0.000000
                                -0.174518 -0.292741 -0.000000  0.000000  0.000000  0.002664 -0.000000  0.024047  0.000000  0.000000
                                -0.000000  0.021720  0.008596  0.000000  0.174518 -0.292741 -0.000000 -0.000000  0.000000  0.002664
                                 0.000000 -0.024047  0.000000  0.000000 -0.000000 -0.086461  0.279091 -0.000000 -0.391664  1.065028
                                -0.000000 -0.000000  0.000000 -0.000433  0.000000  0.011327 -0.019452 -1.182954  0.019452  1.182954
                                -0.019452 -1.182954  0.019452  1.182954

  21.1  0.00000     0.160127    -0.000000 -0.000000 -0.000000  0.092180  0.277873 -0.000000  0.362809  1.230148 -0.000000  0.000000
                                 0.000000 -0.002984 -0.000000  0.003235  0.000000  0.000000 -0.000000  0.012797 -0.065252  0.000000
                                -0.095008 -0.594676  0.000000 -0.000000  0.000000  0.006130 -0.000000  0.007769  0.000000 -0.000000
                                -0.000000  0.012797  0.065252  0.000000 -0.095008  0.594676  0.000000 -0.000000 -0.000000 -0.006130
                                -0.000000  0.007769 -0.000000 -0.000000  0.000000  0.092180 -0.277873  0.000000  0.362809 -1.230148
                                 0.000000  0.000000 -0.000000  0.002984 -0.000000  0.003235 -0.003221  1.270851  0.003221 -1.270851
                                 0.003221 -1.270851 -0.003221  1.270851

  22.1  0.00000     0.199207    -0.047712  0.110461  2.309573 -0.000000 -0.000000 -0.265620 -0.000000 -0.000000 -1.872659 -0.010598
                                 0.009215  0.000000 -0.012485  0.000000  0.127845 -0.195980 -1.590950  0.000000 -0.000000  0.193398
                                 0.000000  0.000000 -2.508142  0.052442  0.003052 -0.000000 -0.003456 -0.000000 -0.127845  0.195980
                                 1.590950 -0.000000 -0.000000  0.193398 -0.000000  0.000000 -2.508142 -0.052442  0.003052 -0.000000
                                 0.003456  0.000000  0.047712 -0.110461 -2.309573  0.000000 -0.000000 -0.265620  0.000000 -0.000000
                                -1.872659  0.010598  0.009215  0.000000  0.012485 -0.000000 -0.032892 -0.407452 -0.032892 -0.407452
                                 0.032892  0.407452  0.032892  0.407452

  23.1  0.00000     0.286034     0.035397  0.252007 -6.106373  0.000000  0.000000 -0.245615  0.000000  0.000000  3.279771  0.005247
                                -0.010545  0.000000  0.013033 -0.000000  0.041289  0.179293 -2.093393 -0.000000  0.000000  0.255611
                                -0.000000 -0.000000  7.754104  0.030915 -0.001167  0.000000  0.000812  0.000000 -0.041289 -0.179293
                                 2.093393  0.000000  0.000000  0.255611  0.000000 -0.000000  7.754104 -0.030915 -0.001167  0.000000
                                -0.000812 -0.000000 -0.035397 -0.252007  6.106373 -0.000000  0.000000 -0.245615 -0.000000  0.000000
                                 3.279771 -0.005247 -0.010545 -0.000000 -0.013033  0.000000  0.027557  0.050795  0.027557  0.050795
                                -0.027557 -0.050795 -0.027557 -0.050795

  24.1  0.00000     0.290196     0.065377  0.096187 -3.489862  0.000000  0.000000 -0.069507  0.000000  0.000000  2.722929  0.011792
                                -0.014602 -0.000000  0.018863  0.000000 -0.047149  0.089048  4.022988  0.000000 -0.000000  0.201953
                                -0.000000 -0.000000  2.238319  0.014238 -0.002414  0.000000  0.003200  0.000000 -0.047149  0.089048
                                 4.022988  0.000000  0.000000 -0.201953 -0.000000  0.000000 -2.238319  0.014238  0.002414 -0.000000
                                 0.003200  0.000000  0.065377  0.096187 -3.489862  0.000000 -0.000000  0.069507  0.000000 -0.000000
                                -2.722929  0.011792  0.014602  0.000000  0.018863 -0.000000 -0.064835 -0.213109 -0.064835 -0.213109
                                -0.064835 -0.213109 -0.064835 -0.213109

  25.1  0.00000     0.388629    -0.008702  0.288639  0.019742  0.000000 -0.000000 -0.321004  0.000000  0.000000 -0.120319 -0.008313
                                 0.008227 -0.000000 -0.011264 -0.000000  0.012736  0.813160 -1.183414 -0.000000 -0.000000 -0.228994
                                -0.000000 -0.000000 -0.150427  0.082738  0.002180  0.000000 -0.003037  0.000000  0.012736  0.813160
                                -1.183414 -0.000000 -0.000000  0.228994  0.000000 -0.000000  0.150427  0.082738 -0.002180 -0.000000
                                -0.003037  0.000000 -0.008702  0.288639  0.019742  0.000000 -0.000000  0.321004 -0.000000  0.000000
                                 0.120319 -0.008313 -0.008227  0.000000 -0.011264  0.000000  0.051602  0.168479  0.051602  0.168479
                                 0.051602  0.168479  0.051602  0.168479

  26.1  0.00000     0.489694    -0.000000 -0.000000 -0.000000 -0.423925  0.138528  0.000000  0.373944 -0.082696  0.000000  0.000000
                                -0.000000  0.048539  0.000000 -0.005752  0.000000  0.000000 -0.000000 -0.545367  0.003475  0.000000
                                 0.458464  0.024145  0.000000 -0.000000 -0.000000 -0.011666 -0.000000  0.010792 -0.000000  0.000000
                                 0.000000 -0.545367 -0.003475 -0.000000  0.458464 -0.024145  0.000000  0.000000 -0.000000  0.011666
                                -0.000000  0.010792  0.000000 -0.000000  0.000000 -0.423925 -0.138528  0.000000  0.373944  0.082696
                                 0.000000  0.000000  0.000000 -0.048539  0.000000 -0.005752  0.006021  0.073882 -0.006021 -0.073882
                                -0.006021 -0.073882  0.006021  0.073882

  27.1  0.00000     0.521296     0.000000  0.000000  0.000000  0.305222 -0.211556 -0.000000 -0.281488  0.409959 -0.000000  0.000000
                                 0.000000 -0.015395  0.000000  0.025230 -0.000000  0.000000  0.000000  0.011369 -0.602348  0.000000
                                 0.077184  0.484705 -0.000000  0.000000 -0.000000  0.025350 -0.000000  0.030656  0.000000 -0.000000
                                -0.000000 -0.011369 -0.602348  0.000000 -0.077184  0.484705 -0.000000 -0.000000 -0.000000  0.025350
                                -0.000000 -0.030656 -0.000000 -0.000000 -0.000000 -0.305222 -0.211556 -0.000000  0.281488  0.409959
                                -0.000000 -0.000000 -0.000000 -0.015395 -0.000000 -0.025230 -0.061462 -0.229883  0.061462  0.229883
                                -0.061462 -0.229883  0.061462  0.229883

  28.1  0.00000     0.564075     0.000000  0.000000  0.000000 -0.600194  0.083091 -0.000000  0.807473  0.072782 -0.000000  0.000000
                                 0.000000  0.024470 -0.000000 -0.002302 -0.000000  0.000000  0.000000 -0.168296 -0.332523  0.000000
                                -0.015469  0.300472 -0.000000  0.000000 -0.000000 -0.052568 -0.000000  0.042250  0.000000 -0.000000
                                -0.000000  0.168296 -0.332523  0.000000  0.015469  0.300472 -0.000000 -0.000000 -0.000000 -0.052568
                                 0.000000 -0.042250 -0.000000 -0.000000 -0.000000  0.600194  0.083091 -0.000000 -0.807473  0.072782
                                -0.000000 -0.000000  0.000000  0.024470  0.000000  0.002302 -0.065258 -0.187429  0.065258  0.187429
                                -0.065258 -0.187429  0.065258  0.187429

  29.1  0.00000     0.603271     0.000000  0.000000  0.000000 -0.296450  0.301869  0.000000  0.415542 -0.582365 -0.000000 -0.000000
                                 0.000000  0.010521 -0.000000  0.006726 -0.000000  0.000000  0.000000  0.307855  0.392071 -0.000000
                                -0.435000 -0.550701 -0.000000  0.000000  0.000000 -0.056022 -0.000000  0.027961  0.000000 -0.000000
                                -0.000000  0.307855 -0.392071  0.000000 -0.435000  0.550701 -0.000000 -0.000000  0.000000  0.056022
                                 0.000000  0.027961 -0.000000 -0.000000 -0.000000 -0.296450 -0.301869 -0.000000  0.415542  0.582365
                                -0.000000 -0.000000  0.000000 -0.010521  0.000000  0.006726 -0.132728 -0.227695  0.132728  0.227695
                                 0.132728  0.227695 -0.132728 -0.227695

  30.1  0.00000     0.640612    -0.039624 -0.499448 -1.870411 -0.000000  0.000000 -0.053736  0.000000 -0.000000  1.270360 -0.068753
                                -0.057762 -0.000000  0.073537 -0.000000  0.046040 -0.601065 -1.160032  0.000000 -0.000000 -0.190846
                                -0.000000  0.000000  4.227680  0.020908 -0.011902 -0.000000  0.013945  0.000000 -0.046040  0.601065
                                 1.160032  0.000000  0.000000 -0.190846 -0.000000 -0.000000  4.227680 -0.020908 -0.011902  0.000000
                                -0.013945 -0.000000  0.039624  0.499448  1.870411 -0.000000  0.000000 -0.053736  0.000000 -0.000000
                                 1.270360  0.068753 -0.057762  0.000000 -0.073537  0.000000  0.349354  0.085548  0.349354  0.085548
                                -0.349354 -0.085548 -0.349354 -0.085548

  31.1  0.00000     0.645606     0.000000  0.000000  0.000000 -0.388285 -0.020073  0.000000  0.799949  0.023045 -0.000000  0.000000
                                 0.000000 -0.009962 -0.000000 -0.021564 -0.000000  0.000000  0.000000  0.302114 -0.433544  0.000000
                                -0.532539  0.888004 -0.000000 -0.000000  0.000000 -0.045586 -0.000000 -0.005483  0.000000 -0.000000
                                -0.000000  0.302114  0.433544  0.000000 -0.532539 -0.888004 -0.000000  0.000000  0.000000  0.045586
                                 0.000000 -0.005483 -0.000000 -0.000000 -0.000000 -0.388285  0.020073  0.000000  0.799949 -0.023045
                                -0.000000 -0.000000  0.000000  0.009962  0.000000 -0.021564  0.136859  0.133068 -0.136859 -0.133068
                                -0.136859 -0.133068  0.136859  0.133068

  32.1  0.00000     0.682073    -0.048743 -0.484244  0.325150 -0.000000  0.000000 -0.213919  0.000000 -0.000000  0.501432 -0.081888
                                -0.065557  0.000000  0.083514  0.000000  0.027337 -0.218626  0.679651  0.000000 -0.000000 -0.385524
                                -0.000000  0.000000  0.782364  0.059673 -0.011336 -0.000000  0.018834 -0.000000  0.027337 -0.218626
                                 0.679651 -0.000000  0.000000  0.385524  0.000000 -0.000000 -0.782364  0.059673  0.011336 -0.000000
                                 0.018834  0.000000 -0.048743 -0.484244  0.325150  0.000000 -0.000000  0.213919 -0.000000 -0.000000
                                -0.501432 -0.081888  0.065557  0.000000  0.083514 -0.000000 -0.389832 -0.041886 -0.389832 -0.041886
                                -0.389832 -0.041886 -0.389832 -0.041886

  33.1  0.00000     0.687124    -0.000000 -0.000000  0.000000  0.059036 -0.177676 -0.000000 -0.605158  0.610263  0.000000 -0.000000
                                -0.000000 -0.023416  0.000000 -0.056703  0.000000 -0.000000  0.000000 -0.542643  0.146550 -0.000000
                                 1.560841 -0.338154  0.000000  0.000000 -0.000000  0.000407  0.000000  0.023304  0.000000 -0.000000
                                 0.000000  0.542643  0.146550  0.000000 -1.560841 -0.338154 -0.000000  0.000000  0.000000  0.000407
                                 0.000000 -0.023304 -0.000000 -0.000000  0.000000 -0.059036 -0.177676  0.000000  0.605158  0.610263
                                -0.000000 -0.000000  0.000000 -0.023416  0.000000  0.056703 -0.187274 -0.024759  0.187274  0.024759
                                -0.187274 -0.024759  0.187274  0.024759

  34.1  0.00000     0.812421    -0.000000 -0.000000  0.000000 -0.081570 -0.296243 -0.000000  0.792207  1.156754 -0.000000  0.000000
                                -0.000000 -0.017756  0.000000 -0.149482 -0.000000  0.000000  0.000000  0.308674  0.132424  0.000000
                                -1.182485 -0.468977 -0.000000  0.000000 -0.000000  0.005298  0.000000  0.102258  0.000000 -0.000000
                                -0.000000 -0.308674  0.132424  0.000000  1.182485 -0.468977 -0.000000 -0.000000 -0.000000  0.005298
                                -0.000000 -0.102258  0.000000  0.000000 -0.000000  0.081570 -0.296243 -0.000000 -0.792207  1.156754
                                -0.000000 -0.000000 -0.000000 -0.017756 -0.000000  0.149482 -0.382138 -0.228796  0.382138  0.228796
                                -0.382138 -0.228796  0.382138  0.228796

  35.1  0.00000     0.874235    -0.000000  0.000000  0.000000  0.255469  0.718648  0.000000 -0.577963 -1.740338 -0.000000  0.000000
                                -0.000000 -0.031814  0.000000 -0.093508 -0.000000  0.000000  0.000000 -0.039333 -0.170626 -0.000000
                                 0.143118  0.830189 -0.000000  0.000000 -0.000000  0.037335 -0.000000  0.070672 -0.000000 -0.000000
                                -0.000000 -0.039333  0.170626  0.000000  0.143118 -0.830189 -0.000000 -0.000000 -0.000000 -0.037335
                                -0.000000  0.070672  0.000000  0.000000 -0.000000  0.255469 -0.718648 -0.000000 -0.577963  1.740338
                                -0.000000 -0.000000 -0.000000  0.031814 -0.000000 -0.093508  0.339404 -1.203934 -0.339404  1.203934
                                -0.339404  1.203934  0.339404 -1.203934

  36.1  0.00000     0.885231     0.000000  0.000000 -0.000000  0.222810  0.716817  0.000000 -0.559645 -1.588258  0.000000 -0.000000
                                 0.000000 -0.031673 -0.000000 -0.092206  0.000000 -0.000000 -0.000000 -0.040047 -0.129522 -0.000000
                                 0.236726  0.396222  0.000000 -0.000000  0.000000  0.023146 -0.000000  0.113647 -0.000000  0.000000
                                 0.000000  0.040047 -0.129522 -0.000000 -0.236726  0.396222  0.000000  0.000000  0.000000  0.023146
                                 0.000000 -0.113647 -0.000000 -0.000000  0.000000 -0.222810  0.716817  0.000000  0.559645 -1.588258
                                 0.000000  0.000000  0.000000 -0.031673  0.000000  0.092206 -0.332860  1.167233  0.332860 -1.167233
                                -0.332860  1.167233  0.332860 -1.167233

  37.1  0.00000     0.945591    -0.019502  0.819504 -1.599338 -0.000000 -0.000000  0.525456  0.000000  0.000000 -0.689488  0.070935
                                -0.053268  0.000000  0.067592  0.000000 -0.005863  0.288720 -0.281253  0.000000  0.000000  0.079255
                                -0.000000 -0.000000  0.011333 -0.018474  0.006186 -0.000000 -0.014517 -0.000000 -0.005863  0.288720
                                -0.281253  0.000000 -0.000000 -0.079255 -0.000000  0.000000 -0.011333 -0.018474 -0.006186  0.000000
                                -0.014517 -0.000000 -0.019502  0.819504 -1.599338 -0.000000  0.000000 -0.525456  0.000000 -0.000000
                                 0.689488  0.070935  0.053268 -0.000000  0.067592  0.000000 -0.407594  0.917682 -0.407594  0.917682
                                -0.407594  0.917682 -0.407594  0.917682

  38.1  0.00000     0.946559    -0.023293  0.915392 -1.665790 -0.000000 -0.000000  0.467270  0.000000  0.000000 -0.657913  0.068369
                                -0.051745  0.000000  0.067817  0.000000  0.001292  0.162723 -0.276740  0.000000  0.000000  0.118121
                                -0.000000 -0.000000 -0.051159 -0.018462  0.012318 -0.000000 -0.008024 -0.000000 -0.001292 -0.162723
                                 0.276740 -0.000000  0.000000  0.118121  0.000000 -0.000000 -0.051159  0.018462  0.012318 -0.000000
                                 0.008024  0.000000  0.023293 -0.915392  1.665790  0.000000 -0.000000  0.467270 -0.000000  0.000000
                                -0.657913 -0.068369 -0.051745  0.000000 -0.067817 -0.000000  0.409489 -0.934758  0.409489 -0.934758
                                -0.409489  0.934758 -0.409489  0.934758

  39.1  0.00000     0.992218    -0.036286  0.839745 -0.043908 -0.000000 -0.000000 -0.492115  0.000000  0.000000  0.023769 -0.056847
                                -0.004397 -0.000000  0.004528 -0.000000  0.044640 -0.745039 -0.248306  0.000000  0.000000  0.059884
                                -0.000000 -0.000000 -1.162624  0.072595  0.002757  0.000000 -0.007357 -0.000000  0.044640 -0.745039
                                -0.248306 -0.000000  0.000000 -0.059884  0.000000 -0.000000  1.162624  0.072595 -0.002757 -0.000000
                                -0.007357  0.000000 -0.036286  0.839745 -0.043908  0.000000 -0.000000  0.492115 -0.000000  0.000000
                                -0.023769 -0.056847  0.004397  0.000000  0.004528 -0.000000 -0.071318  0.203575 -0.071318  0.203575
                                -0.071318  0.203575 -0.071318  0.203575

  40.1  0.00000     1.060075    -0.049053 -0.406592  8.933191  0.000000  0.000000 -0.439136 -0.000000 -0.000000 -3.254433  0.000759
                                -0.082081  0.000000  0.102089  0.000000 -0.017671  0.935820  1.117435 -0.000000 -0.000000 -0.255027
                                 0.000000  0.000000-10.606332 -0.014186 -0.021629 -0.000000  0.020285  0.000000  0.017671 -0.935820
                                -1.117435  0.000000  0.000000 -0.255027 -0.000000 -0.000000-10.606332  0.014186 -0.021629  0.000000
                                -0.020285 -0.000000  0.049053  0.406592 -8.933191 -0.000000  0.000000 -0.439136  0.000000 -0.000000
                                -3.254433 -0.000759 -0.082081 -0.000000 -0.102089  0.000000  0.263126 -0.096466  0.263126 -0.096466
                                -0.263126  0.096466 -0.263126  0.096466

  41.1  0.00000     1.088350     0.000000  0.000000 -0.000000  0.186416  0.248284  0.000000 -0.542807 -2.077335  0.000000 -0.000000
                                 0.000000  0.154888 -0.000000  0.128696 -0.000000 -0.000000  0.000000 -0.028163 -0.288862  0.000000
                                 0.162512  2.024542  0.000000  0.000000  0.000000 -0.158370 -0.000000 -0.030499 -0.000000  0.000000
                                 0.000000 -0.028163  0.288862  0.000000  0.162512 -2.024542 -0.000000  0.000000 -0.000000  0.158370
                                -0.000000 -0.030499 -0.000000  0.000000 -0.000000  0.186416 -0.248284  0.000000 -0.542807  2.077335
                                -0.000000 -0.000000 -0.000000 -0.154888 -0.000000  0.128696 -0.428016 -0.549584  0.428016  0.549584
                                 0.428016  0.549584 -0.428016 -0.549584

  42.1  0.00000     1.152187     0.004506 -0.938811  8.626493  0.000000  0.000000  0.232858 -0.000000 -0.000000 -3.237453  0.175841
                                -0.054305 -0.000000  0.066317 -0.000000 -0.010543 -0.102555  3.435296 -0.000000  0.000000  0.878212
                                 0.000000 -0.000000-11.008155  0.015789 -0.022194  0.000000  0.018012  0.000000  0.010543  0.102555
                                -3.435296  0.000000 -0.000000  0.878212 -0.000000  0.000000-11.008155 -0.015789 -0.022194 -0.000000
                                -0.018012 -0.000000 -0.004506  0.938811 -8.626493 -0.000000  0.000000  0.232858  0.000000 -0.000000
                                -3.237453 -0.175841 -0.054305  0.000000 -0.066317  0.000000  0.097539  0.051013  0.097539  0.051013
                                -0.097539 -0.051013 -0.097539 -0.051013

  43.1  0.00000     1.233957     0.044549  0.816020 -8.068982 -0.000000 -0.000000  0.170430  0.000000  0.000000  3.273185 -0.138001
                                 0.100003 -0.000000 -0.132272 -0.000000 -0.023208 -0.530440  7.875678  0.000000  0.000000 -0.583196
                                -0.000000 -0.000000  5.606339  0.110797  0.027189  0.000000 -0.056567  0.000000 -0.023208 -0.530440
                                 7.875678  0.000000 -0.000000  0.583196 -0.000000  0.000000 -5.606339  0.110797 -0.027189 -0.000000
                                -0.056567 -0.000000  0.044549  0.816020 -8.068982 -0.000000  0.000000 -0.170430  0.000000 -0.000000
                                -3.273185 -0.138001 -0.100003  0.000000 -0.132272  0.000000  0.182103 -0.034231  0.182103 -0.034231
                                 0.182103 -0.034231  0.182103 -0.034231

  44.1  0.00000     1.395693    -0.000000 -0.000000  0.000000 -0.167881  0.145760 -0.000000 -0.237669 -1.085307 -0.000000  0.000000
                                -0.000000 -0.279592  0.000000  0.163709 -0.000000 -0.000000 -0.000000  0.023377 -0.093329  0.000000
                                 0.105558  0.988988 -0.000000  0.000000 -0.000000  0.438858  0.000000 -0.058967  0.000000  0.000000
                                -0.000000  0.023377  0.093329 -0.000000  0.105558 -0.988988 -0.000000 -0.000000  0.000000 -0.438858
                                 0.000000 -0.058967 -0.000000 -0.000000  0.000000 -0.167881 -0.145760 -0.000000 -0.237669  1.085307
                                 0.000000  0.000000  0.000000  0.279592  0.000000  0.163709 -0.229900 -0.317475  0.229900  0.317475
                                 0.229900  0.317475 -0.229900 -0.317475

  45.1  0.00000     1.484823    -0.005882 -0.115419  0.441206  0.000000  0.000000  0.003097 -0.000000 -0.000000 -0.085602  0.006850
                                 0.323327 -0.000000  0.182504 -0.000000  0.002780  0.069760 -0.318771 -0.000000  0.000000  0.012071
                                 0.000000  0.000000 -0.124457 -0.008990  0.541525  0.000000  0.091992  0.000000 -0.002780 -0.069760
                                 0.318771 -0.000000 -0.000000  0.012071 -0.000000  0.000000 -0.124457  0.008990  0.541525 -0.000000
                                -0.091992 -0.000000  0.005882  0.115419 -0.441206 -0.000000  0.000000  0.003097  0.000000 -0.000000
                                -0.085602 -0.006850  0.323327  0.000000 -0.182504  0.000000  0.044275  0.047147  0.044275  0.047147
                                -0.044275 -0.047147 -0.044275 -0.047147

  46.1  0.00000     1.501304     0.010666  0.147057 -1.021396  0.000000 -0.000000  0.027719  0.000000  0.000000  0.282141 -0.012304
                                 0.235020  0.000000  0.275988 -0.000000 -0.003280 -0.049634  0.822909 -0.000000  0.000000 -0.048696
                                 0.000000 -0.000000  0.577290  0.011774  0.120954 -0.000000  0.542360  0.000000 -0.003280 -0.049634
                                 0.822909  0.000000 -0.000000  0.048696 -0.000000  0.000000 -0.577290  0.011774 -0.120954  0.000000
                                 0.542360 -0.000000  0.010666  0.147057 -1.021396 -0.000000  0.000000 -0.027719  0.000000 -0.000000
                                -0.282141 -0.012304 -0.235020 -0.000000  0.275988 -0.000000  0.068455  0.055817  0.068455  0.055817
                                 0.068455  0.055817  0.068455  0.055817

  47.1  0.00000     1.612048     0.001113  0.558570 10.804155 -0.000000  0.000000 -0.559555  0.000000  0.000000 -3.685182 -0.015043
                                -0.015394 -0.000000  0.153537  0.000000 -0.080716 -1.226074 13.601163 -0.000000 -0.000000  0.155059
                                -0.000000 -0.000000-20.408213  0.238377 -0.024303  0.000000  0.097951 -0.000000  0.080716  1.226074
                               -13.601163  0.000000 -0.000000  0.155059  0.000000 -0.000000-20.408213 -0.238377 -0.024303  0.000000
                                -0.097951  0.000000 -0.001113 -0.558570-10.804155  0.000000  0.000000 -0.559555 -0.000000  0.000000
                                -3.685182  0.015043 -0.015394 -0.000000 -0.153537 -0.000000  0.031305 -0.122172  0.031305 -0.122172
                                -0.031305  0.122172 -0.031305  0.122172

  48.1  0.00000     1.618842     0.000000  0.000000  0.000000  0.070196 -0.139383 -0.000000 -0.445724 -0.711042 -0.000000 -0.000000
                                -0.000000  0.212333  0.000000 -0.168752 -0.000000 -0.000000  0.000000  0.003454  0.046026  0.000000
                                 0.490025  0.277089 -0.000000  0.000000 -0.000000 -0.099074  0.000000  0.522402  0.000000  0.000000
                                -0.000000 -0.003454  0.046026  0.000000 -0.490025  0.277089 -0.000000 -0.000000 -0.000000 -0.099074
                                -0.000000 -0.522402 -0.000000 -0.000000 -0.000000 -0.070196 -0.139383 -0.000000  0.445724 -0.711042
                                -0.000000  0.000000 -0.000000  0.212333 -0.000000  0.168752  0.345067  0.187740 -0.345067 -0.187740
                                 0.345067  0.187740 -0.345067 -0.187740

  49.1  0.00000     1.656384    -0.016685 -0.192790  1.380630  0.000000  0.000000 -0.032910 -0.000000 -0.000000 -0.369526  0.017300
                                 0.437155  0.000000  0.142179 -0.000000  0.004946  0.062860 -1.101474  0.000000 -0.000000  0.061851
                                 0.000000  0.000000 -0.773902 -0.014271  0.387570 -0.000000 -0.334757  0.000000  0.004946  0.062860
                                -1.101474 -0.000000  0.000000 -0.061851 -0.000000 -0.000000  0.773902 -0.014271 -0.387570 -0.000000
                                -0.334757 -0.000000 -0.016685 -0.192790  1.380630 -0.000000 -0.000000  0.032910 -0.000000  0.000000
                                 0.369526  0.017300 -0.437155  0.000000  0.142179  0.000000 -0.123513 -0.068318 -0.123513 -0.068318
                                -0.123513 -0.068318 -0.123513 -0.068318

  50.1  0.00000     1.698643     0.015842  0.052905 -4.550363 -0.000000 -0.000000  0.171067  0.000000  0.000000  1.421969 -0.015752
                                 0.213479 -0.000000  0.373555  0.000000  0.020421  0.246503 -3.766318  0.000000 -0.000000 -0.066218
                                -0.000000 -0.000000  7.028158 -0.058179 -0.324414  0.000000  0.411973 -0.000000 -0.020421 -0.246503
                                 3.766318 -0.000000  0.000000 -0.066218  0.000000 -0.000000  7.028158  0.058179 -0.324414 -0.000000
                                -0.411973  0.000000 -0.015842 -0.052905  4.550363  0.000000 -0.000000  0.171067 -0.000000  0.000000
                                 1.421969  0.015752  0.213479 -0.000000 -0.373555 -0.000000 -0.150013 -0.039572 -0.150013 -0.039572
                                 0.150013  0.039572  0.150013  0.039572

  51.1  0.00000     1.812896     0.000000  0.000000  0.000000  0.158636  0.070284 -0.000000 -0.170959  0.296840 -0.000000  0.000000
                                -0.000000  0.547241 -0.000000 -0.011676 -0.000000 -0.000000  0.000000  0.102691 -0.035222 -0.000000
                                 0.373240 -0.132159 -0.000000  0.000000  0.000000 -0.319850  0.000000 -0.234547  0.000000  0.000000
                                -0.000000 -0.102691 -0.035222  0.000000 -0.373240 -0.132159 -0.000000 -0.000000  0.000000 -0.319850
                                 0.000000  0.234547  0.000000 -0.000000 -0.000000 -0.158636  0.070284 -0.000000  0.170959  0.296840
                                -0.000000 -0.000000 -0.000000  0.547241 -0.000000  0.011676 -0.209690 -0.011052  0.209690  0.011052
                                -0.209690 -0.011052  0.209690  0.011052

  52.1  0.00000     1.924431     0.013265  0.081510 -2.261230 -0.000000 -0.000000  0.065331  0.000000  0.000000  0.698776 -0.020554
                                -0.467710 -0.000000 -0.134047  0.000000  0.006506  0.055607 -1.377930 -0.000000  0.000000 -0.024502
                                -0.000000 -0.000000  3.132655 -0.018894  0.244054  0.000000  0.504075 -0.000000 -0.006506 -0.055607
                                 1.377930 -0.000000  0.000000 -0.024502  0.000000 -0.000000  3.132655  0.018894  0.244054  0.000000
                                -0.504075  0.000000 -0.013265 -0.081510  2.261230  0.000000 -0.000000  0.065331 -0.000000  0.000000
                                 0.698776  0.020554 -0.467710 -0.000000  0.134047 -0.000000 -0.129715 -0.018430 -0.129715 -0.018430
                                 0.129715  0.018430  0.129715  0.018430

  53.1  0.00000     1.959166    -0.013189 -0.119462  0.911504  0.000000  0.000000 -0.010865 -0.000000 -0.000000 -0.259627  0.021367
                                -0.228860 -0.000000 -0.413746  0.000000  0.003369  0.033008 -0.739521 -0.000000  0.000000  0.038289
                                -0.000000  0.000000 -0.519108 -0.001981  0.546426 -0.000000  0.198734 -0.000000  0.003369  0.033008
                                -0.739521  0.000000 -0.000000 -0.038289 -0.000000 -0.000000  0.519108 -0.001981 -0.546426  0.000000
                                 0.198734 -0.000000 -0.013189 -0.119462  0.911504  0.000000 -0.000000  0.010865 -0.000000  0.000000
                                 0.259627  0.021367  0.228860 -0.000000 -0.413746  0.000000 -0.115832 -0.022089 -0.115832 -0.022089
                                -0.115832 -0.022089 -0.115832 -0.022089

  54.1  0.00000     2.018012     0.000000  0.000000 -0.000000  0.046654  0.147677 -0.000000  0.235633  0.510385  0.000000  0.000000
                                 0.000000 -0.084283 -0.000000  0.518150 -0.000000 -0.000000  0.000000 -0.044755  0.191320 -0.000000
                                -0.102709 -0.280821  0.000000 -0.000000 -0.000000 -0.189541 -0.000000 -0.400687 -0.000000 -0.000000
                                 0.000000 -0.044755 -0.191320  0.000000 -0.102709  0.280821 -0.000000  0.000000  0.000000  0.189541
                                 0.000000 -0.400687  0.000000 -0.000000 -0.000000  0.046654 -0.147677 -0.000000  0.235633 -0.510385
                                -0.000000 -0.000000 -0.000000  0.084283  0.000000  0.518150  0.415874  0.059459 -0.415874 -0.059459
                                -0.415874 -0.059459  0.415874  0.059459

  55.1  0.00000     2.202463    -0.036850 -0.467509  1.706003 -0.000000  0.000000  0.114100 -0.000000 -0.000000 -0.774921  0.542196
                                 0.189991  0.000000 -0.195426 -0.000000 -0.007441 -0.455177 -1.071205  0.000000 -0.000000 -0.044251
                                 0.000000  0.000000 -0.741520  0.371333 -0.122234  0.000000  0.058306  0.000000 -0.007441 -0.455177
                                -1.071205  0.000000  0.000000  0.044251  0.000000 -0.000000  0.741520  0.371333  0.122234 -0.000000
                                 0.058306  0.000000 -0.036850 -0.467509  1.706003  0.000000 -0.000000 -0.114100 -0.000000  0.000000
                                 0.774921  0.542196 -0.189991 -0.000000 -0.195426 -0.000000 -0.112514 -0.041924 -0.112514 -0.041924
                                -0.112514 -0.041924 -0.112514 -0.041924

  56.1  0.00000     2.265651     0.026619  0.100380 -1.988782  0.000000 -0.000000  0.072366  0.000000  0.000000  0.484346  0.204677
                                -0.437436 -0.000000  0.479719 -0.000000 -0.016094 -0.341067  1.865337 -0.000000  0.000000 -0.141443
                                -0.000000 -0.000000  1.303787  0.193713  0.253034 -0.000000 -0.142724 -0.000000 -0.016094 -0.341067
                                 1.865337 -0.000000 -0.000000  0.141443 -0.000000  0.000000 -1.303787  0.193713 -0.253034  0.000000
                                -0.142724 -0.000000  0.026619  0.100380 -1.988782 -0.000000  0.000000 -0.072366  0.000000 -0.000000
                                -0.484346  0.204677  0.437436  0.000000  0.479719  0.000000  0.388982 -0.032308  0.388982 -0.032308
                                 0.388982 -0.032308  0.388982 -0.032308

  57.1  0.00000     2.283853     0.042572  0.213506 -5.337571 -0.000000 -0.000000  0.146824  0.000000  0.000000  1.775970 -0.192270
                                -0.386444 -0.000000  0.557617  0.000000  0.012979  0.107591 -2.610712 -0.000000  0.000000  0.076794
                                -0.000000  0.000000  7.008361 -0.060980  0.111914 -0.000000 -0.312438 -0.000000 -0.012979 -0.107591
                                 2.610712 -0.000000  0.000000  0.076794  0.000000 -0.000000  7.008361  0.060980  0.111914  0.000000
                                 0.312438 -0.000000 -0.042572 -0.213506  5.337571  0.000000 -0.000000  0.146824 -0.000000  0.000000
                                 1.775970  0.192270 -0.386444  0.000000 -0.557617 -0.000000 -0.397190  0.030896 -0.397190  0.030896
                                 0.397190 -0.030896  0.397190 -0.030896

  58.1  0.00000     2.359378     0.000000  0.000000 -0.000000 -0.079280  0.037531  0.000000 -0.085694  0.278249  0.000000 -0.000000
                                -0.000000  0.724023  0.000000  0.080471  0.000000 -0.000000  0.000000  0.225034  0.056518  0.000000
                                 0.084520 -0.221262  0.000000 -0.000000  0.000000  0.488882 -0.000000 -0.131383 -0.000000 -0.000000
                                 0.000000  0.225034 -0.056518  0.000000  0.084520  0.221262  0.000000  0.000000  0.000000 -0.488882
                                 0.000000 -0.131383 -0.000000 -0.000000  0.000000 -0.079280 -0.037531  0.000000 -0.085694 -0.278249
                                 0.000000  0.000000 -0.000000 -0.724023 -0.000000  0.080471  0.182053  0.021167 -0.182053 -0.021167
                                -0.182053 -0.021167  0.182053  0.021167

  59.1  0.00000     2.483834    -0.025477 -0.096317 -1.682823  0.000000 -0.000000 -0.107237  0.000000  0.000000  0.244905  0.778654
                                -0.100026  0.000000  0.135153  0.000000 -0.002530 -0.188970 -2.643955  0.000000  0.000000 -0.794656
                                -0.000000 -0.000000  3.841053  0.149496  0.025217 -0.000000 -0.056724  0.000000  0.002530  0.188970
                                 2.643955 -0.000000  0.000000 -0.794656  0.000000 -0.000000  3.841053 -0.149496  0.025217 -0.000000
                                 0.056724 -0.000000  0.025477  0.096317  1.682823 -0.000000 -0.000000 -0.107237 -0.000000  0.000000
                                 0.244905 -0.778654 -0.100026  0.000000 -0.135153 -0.000000 -0.157959  0.042039 -0.157959  0.042039
                                 0.157959 -0.042039  0.157959 -0.042039

  60.1  0.00000     2.506681     0.000000  0.000000  0.000000  0.035223 -0.025741 -0.000000  0.131007  0.135759 -0.000000 -0.000000
                                 0.000000  0.032747 -0.000000  0.810919 -0.000000  0.000000  0.000000  0.035185  0.240639  0.000000
                                -0.120614 -0.020077 -0.000000 -0.000000 -0.000000 -0.091852  0.000000  0.397713  0.000000 -0.000000
                                -0.000000 -0.035185  0.240639  0.000000  0.120614 -0.020077 -0.000000  0.000000 -0.000000 -0.091852
                                -0.000000 -0.397713 -0.000000 -0.000000 -0.000000 -0.035223 -0.025741  0.000000 -0.131007  0.135759
                                -0.000000  0.000000  0.000000  0.032747  0.000000 -0.810919 -0.347713  0.066119  0.347713 -0.066119
                                -0.347713  0.066119  0.347713 -0.066119

  61.1  0.00000     3.003014     0.031259 -0.419098 -1.328630  0.000000 -0.000000  0.698236  0.000000  0.000000  0.754887 -0.775703
                                 0.006927 -0.000000 -0.008660 -0.000000 -0.028902  0.243932  1.537188  0.000000  0.000000  0.835424
                                -0.000000 -0.000000  0.662363  0.779080  0.000251 -0.000000 -0.000732 -0.000000 -0.028902  0.243932
                                 1.537188 -0.000000 -0.000000 -0.835424  0.000000  0.000000 -0.662363  0.779080 -0.000251 -0.000000
                                -0.000732 -0.000000  0.031259 -0.419098 -1.328630 -0.000000 -0.000000 -0.698236 -0.000000 -0.000000
                                -0.754887 -0.775703 -0.006927 -0.000000 -0.008660 -0.000000 -0.014121 -0.037022 -0.014121 -0.037022
                                -0.014121 -0.037022 -0.014121 -0.037022

  62.1  0.00000     3.023946     0.000000 -0.000000 -0.000000 -0.175348  0.012395  0.000000 -0.113035  0.028382  0.000000 -0.000000
                                 0.000000  0.588419 -0.000000  0.065548 -0.000000  0.000000  0.000000 -0.019389  0.017278  0.000000
                                 0.105403 -0.015444 -0.000000  0.000000 -0.000000  0.926117  0.000000  0.014884 -0.000000  0.000000
                                 0.000000  0.019389  0.017278 -0.000000 -0.105403 -0.015444 -0.000000  0.000000  0.000000  0.926117
                                -0.000000 -0.014884  0.000000 -0.000000 -0.000000  0.175348  0.012395 -0.000000  0.113035  0.028382
                                -0.000000 -0.000000 -0.000000  0.588419 -0.000000 -0.065548 -0.077838  0.035459  0.077838 -0.035459
                                -0.077838  0.035459  0.077838 -0.035459

  63.1  0.00000     3.081255     0.000000 -0.000000 -0.000000  0.008223 -0.146065  0.000000  0.046368  0.069418  0.000000 -0.000000
                                -0.000000  0.061246  0.000000  0.663383  0.000000  0.000000 -0.000000  0.016248  0.024877  0.000000
                                -0.019007 -0.071009  0.000000  0.000000  0.000000  0.011899 -0.000000  0.894532 -0.000000  0.000000
                                 0.000000  0.016248 -0.024877 -0.000000 -0.019007  0.071009  0.000000  0.000000 -0.000000 -0.011899
                                 0.000000  0.894532 -0.000000 -0.000000  0.000000  0.008223  0.146065 -0.000000  0.046368 -0.069418
                                 0.000000 -0.000000 -0.000000 -0.061246 -0.000000  0.663383  0.208130 -0.051870 -0.208130  0.051870
                                -0.208130  0.051870  0.208130 -0.051870

  64.1  0.00000     3.700650     0.017290 -0.561448  0.650908  0.000000  0.000000  0.756073 -0.000000 -0.000000 -0.000196 -0.644312
                                 0.012190  0.000000 -0.015364  0.000000 -0.102636  0.646174  3.464111  0.000000  0.000000 -0.033006
                                 0.000000 -0.000000 -2.508788  1.522724 -0.000443  0.000000  0.000644  0.000000  0.102636 -0.646174
                                -3.464111  0.000000 -0.000000 -0.033006 -0.000000  0.000000 -2.508788 -1.522724 -0.000443  0.000000
                                -0.000644 -0.000000 -0.017290  0.561448 -0.650908 -0.000000  0.000000  0.756073  0.000000 -0.000000
                                -0.000196  0.644312  0.012190 -0.000000  0.015364  0.000000  0.023669  0.038956  0.023669  0.038956
                                -0.023669 -0.038956 -0.023669 -0.038956

 Total charge:   1.000000000000
 

 Natural orbital dump (state averaged) at molpro section  2141.2    (Orbital set 2)



 **********************************************************************************************************************************
 DATASETS  * FILE   NREC   LENGTH (MB)   RECORD NAMES
              1      21       31.33       500      610      700      900      950      970     1000      129      960     1100   
                                          VAR    BASINP    GEOM    SYMINP    ZMAT    AOBASIS   BASIS     P2S    ABASIS      S 
                                         1400     1410     1200     1210     1080     1600     1650     1300     1700     1380   
                                           T        V       H0       H01     AOSYM     SMH    MOLCAS    ERIS     OPER     JKOP   
                                         5101   
                                        CPSAMC    

              2       5        5.55       700     1000      520     2140     2141   
                                         GEOM     BASIS   MCVARS   MATROP    MCSCF   

 PROGRAMS   *        TOTAL     MULTI       INT    MATROP       INT
 CPU TIMES  *         2.96      2.14      0.52      0.10      0.04
 REAL TIME  *         8.18 SEC
 DISK USED  *        73.92 MB      
 **********************************************************************************************************************************

1PROGRAM * FORCE (Gradient of the energy)

 SA-MCSCF information from    5101.1
 Orbitals from record         2141.2

 Number of closed-shell orbitals: 11 ( 11 )
 Number of active orbitals:        6 (  6 )
 Number of occupied orbitals:     17 ( 17 )

 Number of electrons= 27     Doublet     Space symmetry=1      Wavefunction type: SA-MCSCF


 End of calculation of the energy gradient  ,IREST=   0


 SA-MC GRADIENT FOR STATE 1.1

 Atom          dE/dx               dE/dy               dE/dz

   1         0.000000000         0.000000000        -0.108958806
   2        -0.000000000        -0.000000000         0.184440831
   3        -0.000000000         0.000000000        -0.184440831
   4         0.000000000        -0.000000000         0.108958806
   5        -0.007626978         0.023730336        -0.012372535
   6         0.007626978        -0.023730336        -0.012372535
   7         0.007626978         0.023730336         0.012372535
   8        -0.007626978        -0.023730336         0.012372535

 Nuclear force contribution to virial =         0.091635079


 **********************************************************************************************************************************
 DATASETS  * FILE   NREC   LENGTH (MB)   RECORD NAMES
              1      21       31.33       500      610      700      900      950      970     1000      129      960     1100   
                                          VAR    BASINP    GEOM    SYMINP    ZMAT    AOBASIS   BASIS     P2S    ABASIS      S 
                                         1400     1410     1200     1210     1080     1600     1650     1300     1700     1380   
                                           T        V       H0       H01     AOSYM     SMH    MOLCAS    ERIS     OPER     JKOP   
                                         5101   
                                        CPSAMC    

              2       5        5.55       700     1000      520     2140     2141   
                                         GEOM     BASIS   MCVARS   MATROP    MCSCF   

 PROGRAMS   *        TOTAL     FORCE     MULTI       INT    MATROP       INT
 CPU TIMES  *         4.65      1.69      2.14      0.52      0.10      0.04
 REAL TIME  *        10.08 SEC
 DISK USED  *        73.92 MB      
 **********************************************************************************************************************************

1PROGRAM * MULTI (Direct Multiconfiguration SCF)       Authors: P.J. Knowles, H.-J. Werner (1984)     S.T. Elbert (1988)


 Number of closed-shell orbitals:  11 (  11 )
 Number of active  orbitals:        6 (   6 )
 Number of external orbitals:      47 (  47 )

 State symmetry 1

 Number of electrons:     5    Spin symmetry=Doublet   Space symmetry=1
 Number of states:        2
 Number of CSFs:        210   (300 determinants, 300 intermediate states)

 Molecular orbitals read from record     2141.2  Type=MCSCF/NATURAL (state averaged)

 Wavefunction dump at record             2141.2

 Convergence thresholds  0.10E-05 (gradient)  0.10E-07 (energy)  0.10E-02 (step length)

 Weight factors for state symmetry  1:    0.50000   0.50000

 Number of orbital rotations:      865   (    66 Core/Active    517 Core/Virtual   0 Active/Active    282 Active/Virtual)
 Total number of variables:       1465


 ITER. MIC  NCI  NEG     ENERGY(VAR)     ENERGY(PROJ)   ENERGY CHANGE     GRAD(0)  GRAD(ORB)   GRAD(CI)     STEP       TIME

   1   26    4    0    -153.41858496    -153.41858496    0.00000000    0.00000000 0.00000000 0.00000000  0.58D-10      0.27

 ** WVFN ****  CONVERGENCE REACHED, FINAL GRADIENT:  0.52D-10

 Solving MCSCF z-vector equations for state  2.1, requested accuracy=      0.10D-07
 Convergence reached in  24 iterations ( 24 expansion vectors), accuracy=  0.54D-08

 SA-Gradient information saved on record      5102.1



 Results for state 1.1
 =====================

 !MCSCF STATE 1.1 Energy             -153.449874721782
 Nuclear energy                        88.38209253
 Kinetic energy                       153.39691994
 One electron energy                 -373.63408651
 Two electron energy                  131.80211926
 Virial ratio                           2.00034521

 !MCSCF STATE 1.1 Dipole moment         0.00000000    -0.00000000     0.00000000
 Dipole moment /Debye                   0.00000000    -0.00000000     0.00000000

 Results for state 2.1
 =====================

 !MCSCF STATE 2.1 Energy             -153.387295194689
 Nuclear energy                        88.38209253
 Kinetic energy                       153.48437995
 One electron energy                 -373.50779660
 Two electron energy                  131.73840888
 Virial ratio                           1.99936746

 !MCSCF STATE 2.1 Dipole moment         0.00000000    -0.00000000    -0.00000000
 Dipole moment /Debye                   0.00000000    -0.00000000    -0.00000000

 State-averaged charge density matrix saved on record  2141.2 (density set 1)


 Natural orbital dump (state averaged) at molpro section  2141.2    (Orbital set 2)



 **********************************************************************************************************************************
 DATASETS  * FILE   NREC   LENGTH (MB)   RECORD NAMES
              1      22       31.36       500      610      700      900      950      970     1000      129      960     1100   
                                          VAR    BASINP    GEOM    SYMINP    ZMAT    AOBASIS   BASIS     P2S    ABASIS      S 
                                         1400     1410     1200     1210     1080     1600     1650     1300     1700     1380   
                                           T        V       H0       H01     AOSYM     SMH    MOLCAS    ERIS     OPER     JKOP   
                                         5101     5102   
                                        CPSAMC   CPSAMC    

              2       5        5.55       700     1000      520     2140     2141   
                                         GEOM     BASIS   MCVARS   MATROP    MCSCF   

 PROGRAMS   *        TOTAL     MULTI     FORCE     MULTI       INT    MATROP       INT
 CPU TIMES  *         5.38      0.72      1.69      2.14      0.52      0.10      0.04
 REAL TIME  *        12.13 SEC
 DISK USED  *        73.92 MB      
 **********************************************************************************************************************************

1PROGRAM * FORCE (Gradient of the energy)

 SA-MCSCF information from    5102.1
 Orbitals from record         2141.2

 Number of closed-shell orbitals: 11 ( 11 )
 Number of active orbitals:        6 (  6 )
 Number of occupied orbitals:     17 ( 17 )

 Number of electrons= 27     Doublet     Space symmetry=1      Wavefunction type: SA-MCSCF


 End of calculation of the energy gradient  ,IREST=   0


 SA-MC GRADIENT FOR STATE 2.1

 Atom          dE/dx               dE/dy               dE/dz

   1        -0.000000000         0.000000000        -0.136802600
   2         0.000000000        -0.000000000         0.210862186
   3         0.000000000         0.000000000        -0.210862186
   4        -0.000000000        -0.000000000         0.136802600
   5        -0.030853165         0.015877897        -0.010537109
   6         0.030853165        -0.015877897        -0.010537109
   7         0.030853165         0.015877897         0.010537109
   8        -0.030853165        -0.015877897         0.010537109

 Nuclear force contribution to virial =        -0.078539450


 **********************************************************************************************************************************
 DATASETS  * FILE   NREC   LENGTH (MB)   RECORD NAMES
              1      22       31.36       500      610      700      900      950      970     1000      129      960     1100   
                                          VAR    BASINP    GEOM    SYMINP    ZMAT    AOBASIS   BASIS     P2S    ABASIS      S 
                                         1400     1410     1200     1210     1080     1600     1650     1300     1700     1380   
                                           T        V       H0       H01     AOSYM     SMH    MOLCAS    ERIS     OPER     JKOP   
                                         5101     5102   
                                        CPSAMC   CPSAMC    

              2       5        5.55       700     1000      520     2140     2141   
                                         GEOM     BASIS   MCVARS   MATROP    MCSCF   

 PROGRAMS   *        TOTAL     FORCE     MULTI     FORCE     MULTI       INT    MATROP       INT
 CPU TIMES  *         6.99      1.61      0.72      1.69      2.14      0.52      0.10      0.04
 REAL TIME  *        13.91 SEC
 DISK USED  *        73.92 MB      
 **********************************************************************************************************************************

1PROGRAM * MULTI (Direct Multiconfiguration SCF)       Authors: P.J. Knowles, H.-J. Werner (1984)     S.T. Elbert (1988)


 Number of closed-shell orbitals:  11 (  11 )
 Number of active  orbitals:        6 (   6 )
 Number of external orbitals:      47 (  47 )

 State symmetry 1

 Number of electrons:     5    Spin symmetry=Doublet   Space symmetry=1
 Number of states:        2
 Number of CSFs:        210   (300 determinants, 300 intermediate states)

 Molecular orbitals read from record     2141.2  Type=MCSCF/NATURAL (state averaged)

 Wavefunction dump at record             2142.2

 Convergence thresholds  0.10E-05 (gradient)  0.10E-07 (energy)  0.10E-02 (step length)

 Weight factors for state symmetry  1:    0.50000   0.50000

 Number of orbital rotations:      865   (    66 Core/Active    517 Core/Virtual   0 Active/Active    282 Active/Virtual)
 Total number of variables:       1465


 ITER. MIC  NCI  NEG     ENERGY(VAR)     ENERGY(PROJ)   ENERGY CHANGE     GRAD(0)  GRAD(ORB)   GRAD(CI)     STEP       TIME

   1   25    4    0    -153.41858496    -153.41858496    0.00000000    0.00000000 0.00000000 0.00000000  0.33D-10      0.31

 ** WVFN ****  CONVERGENCE REACHED, FINAL GRADIENT:  0.54D-10

 SOLVING CP-MCSCF NACM: 1.1 - 2.1
 Convergence reached in  32 iterations ( 32 expansion vectors), accuracy=  0.79D-10

 SA-Gradient information saved on record      5103.1



 Results for state 1.1
 =====================

 !MCSCF STATE 1.1 Energy             -153.449874721786
 Nuclear energy                        88.38209253
 Kinetic energy                       153.39691994
 One electron energy                 -373.63408651
 Two electron energy                  131.80211926
 Virial ratio                           2.00034521

 !MCSCF STATE 1.1 Dipole moment         0.00000000    -0.00000000     0.00000000
 Dipole moment /Debye                   0.00000000    -0.00000000     0.00000000

 Results for state 2.1
 =====================

 !MCSCF STATE 2.1 Energy             -153.387295194693
 Nuclear energy                        88.38209253
 Kinetic energy                       153.48437995
 One electron energy                 -373.50779660
 Two electron energy                  131.73840888
 Virial ratio                           1.99936746

 !MCSCF STATE 2.1 Dipole moment         0.00000000    -0.00000000     0.00000000
 Dipole moment /Debye                   0.00000000    -0.00000000     0.00000000

 State-averaged charge density matrix saved on record  2142.2 (density set 1)


 Natural orbital dump (state averaged) at molpro section  2142.2    (Orbital set 2)



 **********************************************************************************************************************************
 DATASETS  * FILE   NREC   LENGTH (MB)   RECORD NAMES
              1      23       31.38       500      610      700      900      950      970     1000      129      960     1100   
                                          VAR    BASINP    GEOM    SYMINP    ZMAT    AOBASIS   BASIS     P2S    ABASIS      S 
                                         1400     1410     1200     1210     1080     1600     1650     1300     1700     1380   
                                           T        V       H0       H01     AOSYM     SMH    MOLCAS    ERIS     OPER     JKOP   
                                         5101     5102     5103   
                                        CPSAMC   CPSAMC   CPSAMC    

              2       6        8.19       700     1000      520     2140     2141     2142   
                                         GEOM     BASIS   MCVARS   MATROP    MCSCF    MCSCF   

 PROGRAMS   *        TOTAL     MULTI     FORCE     MULTI     FORCE     MULTI       INT    MATROP       INT
 CPU TIMES  *         7.81      0.82      1.61      0.72      1.69      2.14      0.52      0.10      0.04
 REAL TIME  *        15.90 SEC
 DISK USED  *        73.92 MB      
 **********************************************************************************************************************************

1PROGRAM * FORCE (Gradient of the energy)

 SA-MCSCF information from    5103.1
 Orbitals from record         2142.2

 Number of closed-shell orbitals: 11 ( 11 )
 Number of active orbitals:        6 (  6 )
 Number of occupied orbitals:     17 ( 17 )

 Number of electrons= 27     Doublet     Space symmetry=1      Wavefunction type: SA-MCSCF


 End of calculation of the energy gradient  ,IREST=   0


 SA-MC NACME FOR STATES 2.1 - 1.1

 Atom          dE/dx               dE/dy               dE/dz

   1         0.000000000        -0.000000000        -0.538661231
   2        -0.000000000        -0.000000000         1.444563811
   3        -0.000000000         0.000000000        -1.444563811
   4         0.000000000         0.000000000         0.538661231
   5         0.025711707         0.028802265         0.011506636
   6        -0.025711707        -0.028802265         0.011506636
   7        -0.025711707         0.028802265        -0.011506636
   8         0.025711707        -0.028802265        -0.011506636



 **********************************************************************************************************************************
 DATASETS  * FILE   NREC   LENGTH (MB)   RECORD NAMES
              1      23       31.38       500      610      700      900      950      970     1000      129      960     1100   
                                          VAR    BASINP    GEOM    SYMINP    ZMAT    AOBASIS   BASIS     P2S    ABASIS      S 
                                         1400     1410     1200     1210     1080     1600     1650     1300     1700     1380   
                                           T        V       H0       H01     AOSYM     SMH    MOLCAS    ERIS     OPER     JKOP   
                                         5101     5102     5103   
                                        CPSAMC   CPSAMC   CPSAMC    

              2       6        8.19       700     1000      520     2140     2141     2142   
                                         GEOM     BASIS   MCVARS   MATROP    MCSCF    MCSCF   

 PROGRAMS   *        TOTAL     FORCE     MULTI     FORCE     MULTI     FORCE     MULTI       INT    MATROP       INT
 CPU TIMES  *         9.43      1.61      0.82      1.61      0.72      1.69      2.14      0.52      0.10      0.04
 REAL TIME  *        17.72 SEC
 DISK USED  *        73.92 MB      
 **********************************************************************************************************************************

 MULTI/6-31G* energy=   -153.387295194693

        MULTI           MULTI   
   -153.38729519   -153.44987472
 **********************************************************************************************************************************
 Variable memory released
