
******* Array-Dimensions *******

 k   :  minkoe, maxkoe      18      28
 h   :  htmdim, maxhtm      21      21
 hl  :  hopdim, maxhop      21      21
 nh  :  minfac, maxfac       4       5
 n   :    ndef, maxdef       6       6
 n   :    npar, maxpar       9       9
 n   :    nrdf, maxrdf       0       1
 nham:  hamdim, maxham       5       5
 muld: mulddim,maxmuld       0      32
 LMR :    iLMR, maxLMR       0     120

***** Operator details *****

ndof   =   2 ,  nmode   =   1
nopdof =   3 ,  nopmode =   3

feb =  2,  meb =  3,   fpb =  0,  mpb =  0,  mkoe =  2
leb = F,  lmult = T,  lmulpack = F
DOF no.    label            mass
    1       x               1.0000
    2       el              1.0000
- - - - - - - - - - - - - - -
    3       Koeff           0.0000

Mode     DOFs
   1    1=x       
- - - - - - - - - - - - - - -
   2    3=Koeff   
   3    2=el      

Number of Hamiltonians defined by user   :     5
    1     system               usediag 
    2     flux11                nodiag 
    3     flux12                nodiag 
    4     flux21                nodiag 
    5     flux22                nodiag 

                                            Information for Hamiltonian : System

Total no. of terms      :     10
No. of correlated terms :      2

No. of uncorrelated terms for mode   1  state  1:     4
No. of uncorrelated terms for mode   1  state  2:     4

                                            Information for Hamiltonian : flux11

Total no. of terms      :      1
No. of correlated terms :      0

No. of uncorrelated terms for mode   1  state  1:     1
No. of uncorrelated terms for mode   1  state  2:     0

                                            Information for Hamiltonian : flux12

Total no. of terms      :      1
No. of correlated terms :      0

No. of uncorrelated terms for mode   1  state  1:     1
No. of uncorrelated terms for mode   1  state  2:     0

                                            Information for Hamiltonian : flux21

Total no. of terms      :      1
No. of correlated terms :      0

No. of uncorrelated terms for mode   1  state  1:     0
No. of uncorrelated terms for mode   1  state  2:     1

                                            Information for Hamiltonian : flux22

Total no. of terms      :      1
No. of correlated terms :      0

No. of uncorrelated terms for mode   1  state  1:     0
No. of uncorrelated terms for mode   1  state  2:     1

  Parameters  
PI                      3.141592653590
E0                  0.000000000000E+00
E1                  0.000000000000E+00
x_0                 0.000000000000E+00
x_1                     2.500000000000
k_0                     0.002000000000
k_1                     0.003000000000
V_                      0.001000000000
mass                 2000.000000000000

Number of operators removed =     2,  cutoff = 1.00E-09

  Operator Labels    [hl,hoplab,(deflabel),hopilab,hopfile]
    hl  Label                       function no.  file no.
     1  1                                       1       302
     2  -1                                      2       302
     3  I                                       1       101
     4  0.5                                     0       301
     5  mass^-1                                 9       301
     6  dqfft^2                                 2         3
     7  E0                                      2       301
     8  S1&1                                   10         3
     9  k_0                                     6       301
    10  q[3]^2               q0                 3       302
    11  E1                                      3       301
    12  S2&2                                   10         3
    13  k_1                                     7       301
    14  q[4]^2               q1                 3       302
    15  V_                                      8       301
    16  S1&2                                   10         3
    17  S2&1                                   10         3
    18  flux[5]              flux1             20         3
    19  flux[6]              flux2             20         3
    20  CAP[1]               CAPl_x             4       101
    21  CAP[2]               CAPr_x             5       101
 
Hamiltonian Operator Terms [h,htmdof,htmadof,htmmode,htmmuld,htmtype,
                            htmsym,string]
   No.   f  af   m  md Typ Sym      Term 
     1   1   1   0   0   1   1    1
     2   2   2   0   0   1   1    1
     3   K       0   0   1   1    1
     4   K       0   0   2   1    -1*0.5*mass^-1
     5   1   1   0   0   5   1    dqfft^2
     7   2   2   0   0   2   1    S1&1
     9   1   1   0   0   2   1    q[3]^2*0.5*k_0
    11   2   2   0   0   2   1    S2&2
    13   1   1   0   0   2   1    q[4]^2*0.5*k_1
    15   2   2   0   0   8   1    S1&2
    16   2   2   0   0   8   1    S2&1
    17   1   1   0   0   9   1    flux[5]
    18   1   1   0   0   9   1    flux[6]
    19   1   1   0   0   3  -1    CAP[1]
    20   1   1   0   0   3  -1    CAP[2]
    21   K       0   0   2   1    V_ + V_

Arguments for operators
  No.    Arguments
    1   -15.000000       0.50000000E-04    3.0000000       -1.0000000    
    2    15.000000       0.50000000E-04    3.0000000        0.0000000    
    3    0.0000000        0.0000000        0.0000000        0.0000000    
    4    2.5000000        0.0000000        0.0000000        0.0000000    
    5    14.000000        1.0000000        0.0000000        0.0000000    
    6   -14.000000       -1.0000000        0.0000000        0.0000000    

********* System Hamiltonian ***********                                        

Correlated Terms  
    ki,kf: initial and final el. state.
    Operator numbers are h=hamilton(f,k))
         dof order =   K  |      x |
     k  ki  kf KE/PE  
     1   2   1  PE    21       1
     2   1   2  PE    21       1

Terms
     k   m   s  sym KE/PE   K     Operator
     3   1   1   1   PE     3       9                                   
     4   1   1   1   KE     4       5                                   
     5   1   1  -1   KE     3      19                                   
     6   1   1  -1   KE     3      20                                   
     7   1   2   1   PE     3      13                                   
     8   1   2   1   KE     4       5                                   
     9   1   2  -1   KE     3      19                                   
    10   1   2  -1   KE     3      20                                   

**** Non-hermitian operators ****
     Hermitian      =  1 
     Anti-Hermitian = -1 
     No Symmetry    =  0 

     k  ki  kf coeff     hsym(m,k)  (Last column is sym of coeff)
     1   1   2   21       0    0                                        
     2   2   1   21       0    0                                        

lcap is set
The operator is COMPLEX and NON-HERMITIAN  (e.g. contains a CAP)

------------------------------------------------------------------------------


********* flux11 Hamiltonian ***********                                        

Terms
     k   m   s  sym KE/PE   K     Operator
    11   1   1   1   KE     3      17                                   

The operator is HERMITIAN but contains complex terms (e.g. contains "p")
This operator must not be used for RRDAV

------------------------------------------------------------------------------


********* flux12 Hamiltonian ***********                                        

Terms
     k   m   s  sym KE/PE   K     Operator
    13   1   1   1   KE     3      18                                   

The operator is HERMITIAN but contains complex terms (e.g. contains "p")
This operator must not be used for RRDAV

------------------------------------------------------------------------------


********* flux21 Hamiltonian ***********                                        

Terms
     k   m   s  sym KE/PE   K     Operator
    15   1   2   1   KE     3      17                                   

The operator is HERMITIAN but contains complex terms (e.g. contains "p")
This operator must not be used for RRDAV

------------------------------------------------------------------------------


********* flux22 Hamiltonian ***********                                        

Terms
     k   m   s  sym KE/PE   K     Operator
    17   1   2   1   KE     3      18                                   

The operator is HERMITIAN but contains complex terms (e.g. contains "p")
This operator must not be used for RRDAV

------------------------------------------------------------------------------

